#
# A fatal error has been detected by the Java Runtime Environment:
#
#  EXCEPTION_ACCESS_VIOLATION (0xc0000005) at pc=0x0000000065535820, pid=17112, tid=0x0000000000004c34
#
# JRE version: OpenJDK Runtime Environment (8.0_402-b08) (build 1.8.0_402-b08)
# Java VM: OpenJDK 64-Bit Server VM (25.402-b08 mixed mode windows-amd64 compressed oops)
# Problematic frame:
# V  [jvm.dll+0xf5820]
#
# Failed to write core dump. Minidumps are not enabled by default on client versions of Windows
#
# If you would like to submit a bug report, please visit:
#   https://github.com/corretto/corretto-8/issues/
#

---------------  T H R E A D  ---------------

Current thread (0x0000023546a52800):  GCTaskThread [stack: 0x000000fee9000000,0x000000fee9100000] [id=19508]

siginfo: ExceptionCode=0xc0000005, reading address 0x00000007e74ba680

Registers:
RAX=0x000000000001b701, RBX=0x0000000723aa674c, RCX=0x0000000000000003, RDX=0x00000007e74ba680
RSP=0x000000fee90ff780, RBP=0x0000023574431280, RSI=0x00000007c0033af8, RDI=0x0000000723aa6740
R8 =0x000000000001b77e, R9 =0x0000000000000005, R10=0x0000000000000005, R11=0x000000fee90ff820
R12=0x0000023546a53001, R13=0x0000000000000000, R14=0x00000007c0033af8, R15=0x0000000723aa6730
RIP=0x0000000065535820, EFLAGS=0x0000000000010202

Top of Stack: (sp=0x000000fee90ff780)
0x000000fee90ff780:   0000000723aa6751 0000000723aa6750
0x000000fee90ff790:   0000000720de82bd 0000000720de82bc
0x000000fee90ff7a0:   0000000000000015 0000023574431280
0x000000fee90ff7b0:   00000006f74ba648 000000006581c267
0x000000fee90ff7c0:   0000000000000005 0000000723aa6730
0x000000fee90ff7d0:   0000000000000002 00000000656a3ee1
0x000000fee90ff7e0:   0000000000000002 00000006e2380000
0x000000fee90ff7f0:   0000000723aa4718 000000006553588f
0x000000fee90ff800:   0000000723aa4719 0000000723aa4718
0x000000fee90ff810:   0000023574431280 000000006581d406
0x000000fee90ff820:   0000023574431320 0000000000000000
0x000000fee90ff830:   0000000000000000 0000023546a53001
0x000000fee90ff840:   000bad3f0001b77e 000000006581caf7
0x000000fee90ff850:   0000000723aa6718 000000000000001d
0x000000fee90ff860:   000000fee90ff8c0 0000023574431280
0x000000fee90ff870:   000bad3f0001b77e 000000006562c96d 

Instructions: (pc=0x0000000065535820)
0x0000000065535800:   8b 53 fc 48 83 eb 04 48 3b 15 1a e1 6e 00 72 7f
0x0000000065535810:   8b 0d c2 bd 67 00 48 d3 e2 48 03 15 b0 bd 67 00
0x0000000065535820:   48 8b 02 24 03 3c 03 75 56 48 8b 02 80 3d 35 bd
0x0000000065535830:   68 00 00 74 0f 0f b6 c8 80 e1 07 80 f9 05 75 04 


Register to memory mapping:

RAX=0x000000000001b701 is an unknown value
RBX=0x0000000723aa674c is an unknown value
RCX=0x0000000000000003 is an unknown value
RDX=0x00000007e74ba680 is an unknown value
RSP=0x000000fee90ff780 is an unknown value
RBP=0x0000023574431280 is an unknown value
RSI=0x00000007c0033af8 is pointing into metadata
RDI=0x0000000723aa6740 is an oop

[error occurred during error reporting (printing register info), id 0xc0000005]

Stack: [0x000000fee9000000,0x000000fee9100000],  sp=0x000000fee90ff780,  free space=1021k
Native frames: (J=compiled Java code, j=interpreted, Vv=VM code, C=native code)
V  [jvm.dll+0xf5820]
V  [jvm.dll+0x3dc267]
V  [jvm.dll+0x3dcaf7]
V  [jvm.dll+0x3dfc6f]
V  [jvm.dll+0x3ce109]
V  [jvm.dll+0x26dfc6]
C  [ucrtbase.dll+0x21bb2]
C  [KERNEL32.DLL+0x17344]
C  [ntdll.dll+0x526b1]


---------------  P R O C E S S  ---------------

Java Threads: ( => current thread )
  0x000002357dd4d800 JavaThread "logback-2" daemon [_thread_blocked, id=284, stack(0x000000feebd00000,0x000000feebe00000)]
  0x000002357dd4f000 JavaThread "redisson-netty-2-13" [_thread_in_native, id=20356, stack(0x000000feebc00000,0x000000feebd00000)]
  0x000002357dd54000 JavaThread "redisson-netty-2-12" [_thread_in_native, id=9032, stack(0x000000feebb00000,0x000000feebc00000)]
  0x000002357dd4c000 JavaThread "redisson-netty-2-11" [_thread_in_native, id=9884, stack(0x000000feeba00000,0x000000feebb00000)]
  0x000002357dd53000 JavaThread "redisson-netty-2-10" [_thread_in_native, id=10380, stack(0x000000feeb900000,0x000000feeba00000)]
  0x000002357dd52800 JavaThread "redisson-netty-2-9" [_thread_in_native, id=17724, stack(0x000000feeb800000,0x000000feeb900000)]
  0x000002357dd51800 JavaThread "redisson-netty-2-8" [_thread_in_native, id=12148, stack(0x000000feeb700000,0x000000feeb800000)]
  0x000002357dd50800 JavaThread "redisson-netty-2-7" [_thread_in_native, id=3796, stack(0x000000feeb600000,0x000000feeb700000)]
  0x000002357dd4e800 JavaThread "redisson-netty-2-6" [_thread_in_native, id=7076, stack(0x000000feeb500000,0x000000feeb600000)]
  0x000002357dd49800 JavaThread "redisson-netty-2-4" [_thread_in_native, id=9628, stack(0x000000feeb400000,0x000000feeb500000)]
  0x000002357dd4b000 JavaThread "redisson-netty-2-5" [_thread_in_native, id=17300, stack(0x000000feeb300000,0x000000feeb400000)]
  0x000002357dd50000 JavaThread "redisson-timer-4-1" [_thread_blocked, id=5876, stack(0x000000feeb200000,0x000000feeb300000)]
  0x0000023579ed3000 JavaThread "redisson-netty-2-3" [_thread_in_native, id=20300, stack(0x000000feeb000000,0x000000feeb100000)]
  0x0000023579ed4000 JavaThread "redisson-netty-2-2" [_thread_in_native, id=16880, stack(0x000000feeaf00000,0x000000feeb000000)]
  0x0000023579ed5800 JavaThread "redisson-netty-2-1" [_thread_in_native, id=12208, stack(0x000000feeae00000,0x000000feeaf00000)]
  0x0000023579ed6000 JavaThread "Thread-4" daemon [_thread_in_native, id=11656, stack(0x000000feead00000,0x000000feeae00000)]
  0x00000235761ce000 JavaThread "mysql-cj-abandoned-connection-cleanup" daemon [_thread_blocked, id=7028, stack(0x000000feeac00000,0x000000feead00000)]
  0x000002357953b000 JavaThread "AsyncAppender-Worker-ASYNC_FILE_ERROR" daemon [_thread_blocked, id=13572, stack(0x000000feeab00000,0x000000feeac00000)]
  0x0000023579ac4000 JavaThread "AsyncAppender-Worker-ASYNC_FILE_INFO" daemon [_thread_blocked, id=20388, stack(0x000000feeaa00000,0x000000feeab00000)]
  0x0000023579ac6800 JavaThread "logback-1" daemon [_thread_blocked, id=10152, stack(0x000000feea900000,0x000000feeaa00000)]
  0x000002357625a000 JavaThread "Service Thread" daemon [_thread_blocked, id=16812, stack(0x000000feea700000,0x000000feea800000)]
  0x0000023576258000 JavaThread "C1 CompilerThread11" daemon [_thread_blocked, id=19272, stack(0x000000feea600000,0x000000feea700000)]
  0x0000023576243800 JavaThread "C1 CompilerThread10" daemon [_thread_blocked, id=9024, stack(0x000000feea500000,0x000000feea600000)]
  0x0000023576228800 JavaThread "C1 CompilerThread9" daemon [_thread_blocked, id=2416, stack(0x000000feea400000,0x000000feea500000)]
  0x0000023576216000 JavaThread "C1 CompilerThread8" daemon [_thread_blocked, id=18968, stack(0x000000feea300000,0x000000feea400000)]
  0x0000023576215000 JavaThread "C2 CompilerThread7" daemon [_thread_blocked, id=19228, stack(0x000000feea200000,0x000000feea300000)]
  0x000002357620c000 JavaThread "C2 CompilerThread6" daemon [_thread_blocked, id=13132, stack(0x000000feea100000,0x000000feea200000)]
  0x0000023576206800 JavaThread "C2 CompilerThread5" daemon [_thread_blocked, id=13280, stack(0x000000feea000000,0x000000feea100000)]
  0x00000235761f9000 JavaThread "C2 CompilerThread4" daemon [_thread_blocked, id=8896, stack(0x000000fee9f00000,0x000000feea000000)]
  0x00000235761f6800 JavaThread "C2 CompilerThread3" daemon [_thread_blocked, id=10868, stack(0x000000fee9e00000,0x000000fee9f00000)]
  0x00000235761f4000 JavaThread "C2 CompilerThread2" daemon [_thread_blocked, id=6472, stack(0x000000fee9d00000,0x000000fee9e00000)]
  0x00000235761f2000 JavaThread "C2 CompilerThread1" daemon [_thread_blocked, id=11984, stack(0x000000fee9c00000,0x000000fee9d00000)]
  0x00000235761f0800 JavaThread "C2 CompilerThread0" daemon [_thread_blocked, id=15868, stack(0x000000fee9b00000,0x000000fee9c00000)]
  0x00000235761e9800 JavaThread "Monitor Ctrl-Break" daemon [_thread_in_native, id=13876, stack(0x000000fee9a00000,0x000000fee9b00000)]
  0x00000235761b0000 JavaThread "Attach Listener" daemon [_thread_blocked, id=8980, stack(0x000000fee9900000,0x000000fee9a00000)]
  0x00000235761ad000 JavaThread "Signal Dispatcher" daemon [_thread_blocked, id=17976, stack(0x000000fee9800000,0x000000fee9900000)]
  0x0000023546ab9800 JavaThread "Finalizer" daemon [_thread_blocked, id=17208, stack(0x000000fee9700000,0x000000fee9800000)]
  0x000002357443b800 JavaThread "Reference Handler" daemon [_thread_blocked, id=5180, stack(0x000000fee9600000,0x000000fee9700000)]
  0x0000023546a19000 JavaThread "main" [_thread_blocked, id=18860, stack(0x000000fee8700000,0x000000fee8800000)]

Other Threads:
  0x0000023576111800 VMThread [stack: 0x000000fee9500000,0x000000fee9600000] [id=7744]
  0x0000023576351800 WatcherThread [stack: 0x000000feea800000,0x000000feea900000] [id=19460]

=>0x0000023546a52800 (exited) GCTaskThread [stack: 0x000000fee9000000,0x000000fee9100000] [id=19508]

VM state:at safepoint (normal execution)

VM Mutex/Monitor currently owned by a thread:  ([mutex/lock_event])
[0x0000023546a2e170] Threads_lock - owner thread: 0x0000023576111800
[0x0000023546a2d370] Heap_lock - owner thread: 0x0000023546a19000

heap address: 0x00000004c2c00000, size: 12244 MB, Compressed Oops mode: Zero based, Oop shift amount: 3
Narrow klass base: 0x0000000000000000, Narrow klass shift: 3
Compressed class space size: 1073741824 Address: 0x00000007c0000000

Heap:
 PSYoungGen      total 980480K, used 980461K [0x00000006c0f00000, 0x0000000730b80000, 0x00000007c0000000)
  eden space 635392K, 100% used [0x00000006c0f00000,0x00000006e7b80000,0x00000006e7b80000)
  from space 345088K, 99% used [0x00000006e7b80000,0x00000006fcc7b428,0x00000006fcc80000)
  to   space 510464K, 77% used [0x0000000711900000,0x0000000729953428,0x0000000730b80000)
 ParOldGen       total 1725440K, used 942429K [0x00000004c2c00000, 0x000000052c100000, 0x00000006c0f00000)
  object space 1725440K, 54% used [0x00000004c2c00000,0x00000004fc457730,0x000000052c100000)
 Metaspace       used 58178K, capacity 61254K, committed 61440K, reserved 1101824K
  class space    used 7834K, capacity 8388K, committed 8448K, reserved 1048576K

Card table byte_map: [0x0000023557800000,0x0000023558ff0000] byte_map_base: 0x00000235551ea000

Marking Bits: (ParMarkBitMap*) 0x0000000065c23810
 Begin Bits: [0x0000023559ff0000, 0x0000023565f40000)
 End Bits:   [0x0000023565f40000, 0x0000023571e90000)

Polling page: 0x0000023546c60000

CodeCache: size=245760Kb used=22758Kb max_used=22758Kb free=223001Kb
 bounds [0x0000023548440000, 0x0000023549a90000, 0x0000023557440000]
 total_blobs=5714 nmethods=5150 adapters=472
 compilation: enabled

Compilation events (10 events):
Event: 9.748 Thread 0x0000023576228800 nmethod 5859 0x0000023549760e10 code [0x0000023549760f80, 0x0000023549761110]
Event: 9.749 Thread 0x0000023576258000 nmethod 5860 0x0000023549a82290 code [0x0000023549a82460, 0x0000023549a82c80]
Event: 9.783 Thread 0x0000023576216000 5861   !   3       sun.reflect.GeneratedConstructorAccessor37::newInstance (230 bytes)
Event: 9.783 Thread 0x0000023576216000 nmethod 5861 0x0000023549a82fd0 code [0x0000023549a832c0, 0x0000023549a85450]
Event: 10.617 Thread 0x0000023576243800 5862       3       io.netty.buffer.PoolChunk::<init> (139 bytes)
Event: 10.617 Thread 0x0000023576228800 5863       3       io.netty.buffer.LongLongHashMap::<init> (36 bytes)
Event: 10.617 Thread 0x0000023576258000 5864       3       io.netty.buffer.LongLongHashMap::computeMaskAndProbe (27 bytes)
Event: 10.617 Thread 0x0000023576258000 nmethod 5864 0x0000023549760a10 code [0x0000023549760b80, 0x0000023549760d58]
Event: 10.617 Thread 0x0000023576228800 nmethod 5863 0x0000023549a85ed0 code [0x0000023549a86060, 0x0000023549a86398]
Event: 10.617 Thread 0x0000023576243800 nmethod 5862 0x0000023549a86490 code [0x0000023549a86700, 0x0000023549a87950]

GC Heap History (10 events):
Event: 6.123 GC heap after
Heap after GC invocations=11 (full 3):
 PSYoungGen      total 518144K, used 21472K [0x00000006c0f00000, 0x00000006ebc00000, 0x00000007c0000000)
  eden space 496640K, 0% used [0x00000006c0f00000,0x00000006c0f00000,0x00000006df400000)
  from space 21504K, 99% used [0x00000006e2e80000,0x00000006e4378020,0x00000006e4380000)
  to   space 59904K, 0% used [0x00000006df400000,0x00000006df400000,0x00000006e2e80000)
 ParOldGen       total 760320K, used 127756K [0x00000004c2c00000, 0x00000004f1280000, 0x00000006c0f00000)
  object space 760320K, 16% used [0x00000004c2c00000,0x00000004ca8c3258,0x00000004f1280000)
 Metaspace       used 57963K, capacity 60956K, committed 61184K, reserved 1101824K
  class space    used 7828K, capacity 8355K, committed 8448K, reserved 1048576K
}
Event: 6.292 GC heap before
{Heap before GC invocations=12 (full 3):
 PSYoungGen      total 518144K, used 518112K [0x00000006c0f00000, 0x00000006ebc00000, 0x00000007c0000000)
  eden space 496640K, 100% used [0x00000006c0f00000,0x00000006df400000,0x00000006df400000)
  from space 21504K, 99% used [0x00000006e2e80000,0x00000006e4378020,0x00000006e4380000)
  to   space 59904K, 0% used [0x00000006df400000,0x00000006df400000,0x00000006e2e80000)
 ParOldGen       total 760320K, used 127756K [0x00000004c2c00000, 0x00000004f1280000, 0x00000006c0f00000)
  object space 760320K, 16% used [0x00000004c2c00000,0x00000004ca8c3258,0x00000004f1280000)
 Metaspace       used 57963K, capacity 60956K, committed 61184K, reserved 1101824K
  class space    used 7828K, capacity 8355K, committed 8448K, reserved 1048576K
Event: 6.478 GC heap after
Heap after GC invocations=12 (full 3):
 PSYoungGen      total 556544K, used 59904K [0x00000006c0f00000, 0x000000070e800000, 0x00000007c0000000)
  eden space 496640K, 0% used [0x00000006c0f00000,0x00000006c0f00000,0x00000006df400000)
  from space 59904K, 100% used [0x00000006df400000,0x00000006e2e80000,0x00000006e2e80000)
  to   space 254464K, 0% used [0x00000006fef80000,0x00000006fef80000,0x000000070e800000)
 ParOldGen       total 760320K, used 583452K [0x00000004c2c00000, 0x00000004f1280000, 0x00000006c0f00000)
  object space 760320K, 76% used [0x00000004c2c00000,0x00000004e65c7278,0x00000004f1280000)
 Metaspace       used 57963K, capacity 60956K, committed 61184K, reserved 1101824K
  class space    used 7828K, capacity 8355K, committed 8448K, reserved 1048576K
}
Event: 6.478 GC heap before
{Heap before GC invocations=13 (full 4):
 PSYoungGen      total 556544K, used 59904K [0x00000006c0f00000, 0x000000070e800000, 0x00000007c0000000)
  eden space 496640K, 0% used [0x00000006c0f00000,0x00000006c0f00000,0x00000006df400000)
  from space 59904K, 100% used [0x00000006df400000,0x00000006e2e80000,0x00000006e2e80000)
  to   space 254464K, 0% used [0x00000006fef80000,0x00000006fef80000,0x000000070e800000)
 ParOldGen       total 760320K, used 583452K [0x00000004c2c00000, 0x00000004f1280000, 0x00000006c0f00000)
  object space 760320K, 76% used [0x00000004c2c00000,0x00000004e65c7278,0x00000004f1280000)
 Metaspace       used 57963K, capacity 60956K, committed 61184K, reserved 1101824K
  class space    used 7828K, capacity 8355K, committed 8448K, reserved 1048576K
Event: 8.062 GC heap after
Heap after GC invocations=13 (full 4):
 PSYoungGen      total 556544K, used 0K [0x00000006c0f00000, 0x000000070e800000, 0x00000007c0000000)
  eden space 496640K, 0% used [0x00000006c0f00000,0x00000006c0f00000,0x00000006df400000)
  from space 59904K, 0% used [0x00000006df400000,0x00000006df400000,0x00000006e2e80000)
  to   space 254464K, 0% used [0x00000006fef80000,0x00000006fef80000,0x000000070e800000)
 ParOldGen       total 1725440K, used 552358K [0x00000004c2c00000, 0x000000052c100000, 0x00000006c0f00000)
  object space 1725440K, 32% used [0x00000004c2c00000,0x00000004e4769878,0x000000052c100000)
 Metaspace       used 57963K, capacity 60956K, committed 61184K, reserved 1101824K
  class space    used 7828K, capacity 8355K, committed 8448K, reserved 1048576K
}
Event: 8.688 GC heap before
{Heap before GC invocations=14 (full 4):
 PSYoungGen      total 556544K, used 496640K [0x00000006c0f00000, 0x000000070e800000, 0x00000007c0000000)
  eden space 496640K, 100% used [0x00000006c0f00000,0x00000006df400000,0x00000006df400000)
  from space 59904K, 0% used [0x00000006df400000,0x00000006df400000,0x00000006e2e80000)
  to   space 254464K, 0% used [0x00000006fef80000,0x00000006fef80000,0x000000070e800000)
 ParOldGen       total 1725440K, used 552358K [0x00000004c2c00000, 0x000000052c100000, 0x00000006c0f00000)
  object space 1725440K, 32% used [0x00000004c2c00000,0x00000004e4769878,0x000000052c100000)
 Metaspace       used 58159K, capacity 61250K, committed 61440K, reserved 1101824K
  class space    used 7834K, capacity 8388K, committed 8448K, reserved 1048576K
Event: 8.817 GC heap after
Heap after GC invocations=14 (full 4):
 PSYoungGen      total 889856K, used 254445K [0x00000006c0f00000, 0x0000000711d80000, 0x00000007c0000000)
  eden space 635392K, 0% used [0x00000006c0f00000,0x00000006c0f00000,0x00000006e7b80000)
  from space 254464K, 99% used [0x00000006fef80000,0x000000070e7fb428,0x000000070e800000)
  to   space 345088K, 0% used [0x00000006e7b80000,0x00000006e7b80000,0x00000006fcc80000)
 ParOldGen       total 1725440K, used 669173K [0x00000004c2c00000, 0x000000052c100000, 0x00000006c0f00000)
  object space 1725440K, 38% used [0x00000004c2c00000,0x00000004eb97d730,0x000000052c100000)
 Metaspace       used 58159K, capacity 61250K, committed 61440K, reserved 1101824K
  class space    used 7834K, capacity 8388K, committed 8448K, reserved 1048576K
}
Event: 10.035 GC heap before
{Heap before GC invocations=15 (full 4):
 PSYoungGen      total 889856K, used 889837K [0x00000006c0f00000, 0x0000000711d80000, 0x00000007c0000000)
  eden space 635392K, 100% used [0x00000006c0f00000,0x00000006e7b80000,0x00000006e7b80000)
  from space 254464K, 99% used [0x00000006fef80000,0x000000070e7fb428,0x000000070e800000)
  to   space 345088K, 0% used [0x00000006e7b80000,0x00000006e7b80000,0x00000006fcc80000)
 ParOldGen       total 1725440K, used 669173K [0x00000004c2c00000, 0x000000052c100000, 0x00000006c0f00000)
  object space 1725440K, 38% used [0x00000004c2c00000,0x00000004eb97d730,0x000000052c100000)
 Metaspace       used 58177K, capacity 61254K, committed 61440K, reserved 1101824K
  class space    used 7834K, capacity 8388K, committed 8448K, reserved 1048576K
Event: 10.208 GC heap after
Heap after GC invocations=15 (full 4):
 PSYoungGen      total 980480K, used 345069K [0x00000006c0f00000, 0x0000000730b80000, 0x00000007c0000000)
  eden space 635392K, 0% used [0x00000006c0f00000,0x00000006c0f00000,0x00000006e7b80000)
  from space 345088K, 99% used [0x00000006e7b80000,0x00000006fcc7b428,0x00000006fcc80000)
  to   space 510464K, 0% used [0x0000000711900000,0x0000000711900000,0x0000000730b80000)
 ParOldGen       total 1725440K, used 942429K [0x00000004c2c00000, 0x000000052c100000, 0x00000006c0f00000)
  object space 1725440K, 54% used [0x00000004c2c00000,0x00000004fc457730,0x000000052c100000)
 Metaspace       used 58177K, capacity 61254K, committed 61440K, reserved 1101824K
  class space    used 7834K, capacity 8388K, committed 8448K, reserved 1048576K
}
Event: 11.398 GC heap before
{Heap before GC invocations=16 (full 4):
 PSYoungGen      total 980480K, used 980461K [0x00000006c0f00000, 0x0000000730b80000, 0x00000007c0000000)
  eden space 635392K, 100% used [0x00000006c0f00000,0x00000006e7b80000,0x00000006e7b80000)
  from space 345088K, 99% used [0x00000006e7b80000,0x00000006fcc7b428,0x00000006fcc80000)
  to   space 510464K, 0% used [0x0000000711900000,0x0000000711900000,0x0000000730b80000)
 ParOldGen       total 1725440K, used 942429K [0x00000004c2c00000, 0x000000052c100000, 0x00000006c0f00000)
  object space 1725440K, 54% used [0x00000004c2c00000,0x00000004fc457730,0x000000052c100000)
 Metaspace       used 58178K, capacity 61254K, committed 61440K, reserved 1101824K
  class space    used 7834K, capacity 8388K, committed 8448K, reserved 1048576K

Deoptimization events (10 events):
Event: 5.377 Thread 0x0000023546a19000 Uncommon trap: reason=class_check action=maybe_recompile pc=0x0000023548e90c84 method=java.util.concurrent.ConcurrentMap.computeIfAbsent(Ljava/lang/Object;Ljava/util/function/Function;)Ljava/lang/Object; @ 7
Event: 5.621 Thread 0x0000023546a19000 Uncommon trap: reason=unstable_if action=reinterpret pc=0x00000235499c4a3c method=cn.chaZ.domain.strategy.service.armory.StrategyArmory.assembleLotteryStrategy(Ljava/lang/Long;)Z @ 173
Event: 5.670 Thread 0x0000023546a19000 Uncommon trap: reason=unloaded action=reinterpret pc=0x00000235499cb684 method=cn.chaZ.domain.strategy.service.armory.StrategyArmory.assembleLotteryStrategy(Ljava/lang/Long;)Z @ 195
Event: 5.767 Thread 0x0000023546a19000 Uncommon trap: reason=unstable_if action=reinterpret pc=0x0000023548b9e7cc method=java.util.Random.nextInt(I)I @ 28
Event: 6.050 Thread 0x0000023546a19000 Uncommon trap: reason=unstable_if action=reinterpret pc=0x00000235491e8100 method=java.util.Collections.shuffle(Ljava/util/List;Ljava/util/Random;)V @ 23
Event: 8.085 Thread 0x0000023546a19000 Uncommon trap: reason=unstable_if action=reinterpret pc=0x000002354918d0b4 method=cn.chaZ.domain.strategy.service.armory.StrategyArmory.assembleLotteryStrategy(Ljava/lang/Long;)Z @ 217
Event: 8.089 Thread 0x0000023546a19000 Uncommon trap: reason=class_check action=maybe_recompile pc=0x0000023548e90c84 method=java.util.concurrent.ConcurrentMap.computeIfAbsent(Ljava/lang/Object;Ljava/util/function/Function;)Ljava/lang/Object; @ 7
Event: 8.129 Thread 0x0000023546a19000 Uncommon trap: reason=unstable_if action=reinterpret pc=0x00000235495d1ef0 method=com.esotericsoftware.kryo.io.Output.writeVarInt(IZ)I @ 61
Event: 9.016 Thread 0x0000023546a19000 Uncommon trap: reason=unstable_if action=reinterpret pc=0x00000235496ea2a8 method=com.esotericsoftware.kryo.io.Output.writeVarInt(IZ)I @ 116
Event: 10.939 Thread 0x0000023579ac6800 Uncommon trap: reason=unstable_if action=reinterpret pc=0x00000235495d3404 method=java.util.concurrent.locks.AbstractQueuedSynchronizer$ConditionObject.signal()V @ 24

Classes redefined (0 events):
No events

Internal exceptions (10 events):
Event: 5.036 Thread 0x0000023546a19000 Exception <a 'java/lang/ClassNotFoundException': org/springframework/boot/actuate/autoconfigure/web/server/ManagementContextAutoConfigurationCustomizer> (0x00000006c6871950) thrown at [C:\wsjdk\Corretto8Src\installers\windows\zip\corretto-build\buildRoot\
Event: 5.037 Thread 0x0000023546a19000 Exception <a 'java/lang/ClassNotFoundException': java/lang/ObjectCustomizer> (0x00000006c6888cd8) thrown at [C:\wsjdk\Corretto8Src\installers\windows\zip\corretto-build\buildRoot\hotspot\src\share\vm\classfile\systemDictionary.cpp, line 217]
Event: 5.037 Thread 0x0000023546a19000 Exception <a 'java/lang/ClassNotFoundException': org/springframework/boot/actuate/autoconfigure/web/server/ManagementServerPropertiesCustomizer> (0x00000006c68cc0f8) thrown at [C:\wsjdk\Corretto8Src\installers\windows\zip\corretto-build\buildRoot\hotspot\
Event: 5.063 Thread 0x0000023546a19000 Exception <a 'java/lang/NoSuchMethodError': java.lang.Object.lambda$builder$0(Ljava/util/function/Supplier;)D> (0x00000006c6ab93c0) thrown at [C:\wsjdk\Corretto8Src\installers\windows\zip\corretto-build\buildRoot\hotspot\src\share\vm\interpreter\linkResol
Event: 5.082 Thread 0x0000023546a19000 Implicit null exception at 0x0000023548df5f01 to 0x0000023548df6019
Event: 5.102 Thread 0x0000023546a19000 Exception <a 'java/lang/ClassNotFoundException': java/lang/ObjectCustomizer> (0x00000006c6e4fbc8) thrown at [C:\wsjdk\Corretto8Src\installers\windows\zip\corretto-build\buildRoot\hotspot\src\share\vm\classfile\systemDictionary.cpp, line 217]
Event: 5.102 Thread 0x0000023546a19000 Exception <a 'java/lang/ClassNotFoundException': cn/chaZ/test/domain/StrategyTestCustomizer> (0x00000006c6e77a20) thrown at [C:\wsjdk\Corretto8Src\installers\windows\zip\corretto-build\buildRoot\hotspot\src\share\vm\classfile\systemDictionary.cpp, line 21
Event: 5.128 Thread 0x0000023546a19000 Exception <a 'java/lang/ClassNotFoundException': java/lang/Module> (0x00000006c7291ac8) thrown at [C:\wsjdk\Corretto8Src\installers\windows\zip\corretto-build\buildRoot\hotspot\src\share\vm\classfile\systemDictionary.cpp, line 217]
Event: 5.150 Thread 0x0000023546a19000 Exception <a 'java/lang/ClassNotFoundException': java/lang/Module> (0x00000006c7508c00) thrown at [C:\wsjdk\Corretto8Src\installers\windows\zip\corretto-build\buildRoot\hotspot\src\share\vm\classfile\systemDictionary.cpp, line 217]
Event: 5.425 Thread 0x0000023546a19000 Exception <a 'java/lang/NoSuchMethodError': java.lang.Object.lambda$minBy$0(Ljava/util/Comparator;Ljava/lang/Object;Ljava/lang/Object;)Ljava/lang/Object;> (0x00000006c2a94cc8) thrown at [C:\wsjdk\Corretto8Src\installers\windows\zip\corretto-build\buildRoo

Events (10 events):
Event: 9.016 Thread 0x0000023546a19000 Uncommon trap: trap_request=0xffffff65 fr.pc=0x00000235496ea2a8
Event: 9.016 Thread 0x0000023546a19000 DEOPT PACKING pc=0x00000235496ea2a8 sp=0x000000fee87fd470
Event: 9.016 Thread 0x0000023546a19000 DEOPT UNPACKING pc=0x0000023548485583 sp=0x000000fee87fd400 mode 2
Event: 10.035 Executing VM operation: ParallelGCFailedAllocation
Event: 10.208 Executing VM operation: ParallelGCFailedAllocation done
Event: 10.939 Thread 0x0000023579ac6800 Uncommon trap: trap_request=0xffffff65 fr.pc=0x00000235495d3404
Event: 10.939 Thread 0x0000023579ac6800 DEOPT PACKING pc=0x00000235495d3404 sp=0x000000feea9fef40
Event: 10.939 Thread 0x0000023579ac6800 DEOPT UNPACKING pc=0x0000023548485583 sp=0x000000feea9feee0 mode 2
Event: 10.939 Thread 0x000002357dd4d800 Thread added: 0x000002357dd4d800
Event: 11.398 Executing VM operation: ParallelGCFailedAllocation


Dynamic libraries:
0x00007ff68dc60000 - 0x00007ff68dca6000 	D:\Program Files\develop\Java\jdk1.8\bin\java.exe
0x00007ffe05ff0000 - 0x00007ffe061e8000 	C:\Windows\SYSTEM32\ntdll.dll
0x00007ffe04aa0000 - 0x00007ffe04b5d000 	C:\Windows\System32\KERNEL32.DLL
0x00007ffe03cf0000 - 0x00007ffe03fe6000 	C:\Windows\System32\KERNELBASE.dll
0x00007ffe04020000 - 0x00007ffe040d0000 	C:\Windows\System32\ADVAPI32.dll
0x00007ffe05200000 - 0x00007ffe0529e000 	C:\Windows\System32\msvcrt.dll
0x00007ffe04bc0000 - 0x00007ffe04c60000 	C:\Windows\System32\sechost.dll
0x00007ffe04c60000 - 0x00007ffe04d83000 	C:\Windows\System32\RPCRT4.dll
0x00007ffe03ff0000 - 0x00007ffe04017000 	C:\Windows\System32\bcrypt.dll
0x00007ffe04900000 - 0x00007ffe04a9f000 	C:\Windows\System32\USER32.dll
0x00007ffe039c0000 - 0x00007ffe039e2000 	C:\Windows\System32\win32u.dll
0x00007ffe053f0000 - 0x00007ffe0541b000 	C:\Windows\System32\GDI32.dll
0x00007ffe036a0000 - 0x00007ffe037b7000 	C:\Windows\System32\gdi32full.dll
0x00007ffe039f0000 - 0x00007ffe03a8d000 	C:\Windows\System32\msvcp_win.dll
0x00007ffe03830000 - 0x00007ffe03930000 	C:\Windows\System32\ucrtbase.dll
0x00007ffdf38e0000 - 0x00007ffdf3b7a000 	C:\Windows\WinSxS\amd64_microsoft.windows.common-controls_6595b64144ccf1df_6.0.19041.3636_none_60b6a03d71f818d5\COMCTL32.dll
0x00007ffe040d0000 - 0x00007ffe04102000 	C:\Windows\System32\IMM32.DLL
0x00007ffd99db0000 - 0x00007ffd99dc5000 	D:\Program Files\develop\Java\jdk1.8\jre\bin\vcruntime140.dll
0x00007ffd7ccd0000 - 0x00007ffd7cd6b000 	D:\Program Files\develop\Java\jdk1.8\jre\bin\msvcp140.dll
0x0000000065440000 - 0x0000000065c9c000 	D:\Program Files\develop\Java\jdk1.8\jre\bin\server\jvm.dll
0x00007ffe05090000 - 0x00007ffe05098000 	C:\Windows\System32\PSAPI.DLL
0x00007ffdfdde0000 - 0x00007ffdfdde9000 	C:\Windows\SYSTEM32\WSOCK32.dll
0x00007ffdfcd20000 - 0x00007ffdfcd2a000 	C:\Windows\SYSTEM32\VERSION.dll
0x00007ffdf6730000 - 0x00007ffdf6757000 	C:\Windows\SYSTEM32\WINMM.dll
0x00007ffe050a0000 - 0x00007ffe0510b000 	C:\Windows\System32\WS2_32.dll
0x00007ffe01510000 - 0x00007ffe01522000 	C:\Windows\SYSTEM32\kernel.appcore.dll
0x00007ffdb7cd0000 - 0x00007ffdb7ce0000 	D:\Program Files\develop\Java\jdk1.8\jre\bin\verify.dll
0x00007ffd926c0000 - 0x00007ffd926eb000 	D:\Program Files\develop\Java\jdk1.8\jre\bin\java.dll
0x00007ffde18f0000 - 0x00007ffde1922000 	D:\Program Files\develop\Java\jdk1.8\jre\bin\instrument.dll
0x00007ffd91e40000 - 0x00007ffd91e58000 	D:\Program Files\develop\Java\jdk1.8\jre\bin\zip.dll
0x00007ffe04110000 - 0x00007ffe0487b000 	C:\Windows\System32\SHELL32.dll
0x00007ffe01710000 - 0x00007ffe01eae000 	C:\Windows\SYSTEM32\windows.storage.dll
0x00007ffe05c50000 - 0x00007ffe05fa3000 	C:\Windows\System32\combase.dll
0x00007ffe02ff0000 - 0x00007ffe0301e000 	C:\Windows\SYSTEM32\Wldp.dll
0x00007ffe05890000 - 0x00007ffe0595d000 	C:\Windows\System32\OLEAUT32.dll
0x00007ffe05b10000 - 0x00007ffe05bbd000 	C:\Windows\System32\SHCORE.dll
0x00007ffe05370000 - 0x00007ffe053c5000 	C:\Windows\System32\shlwapi.dll
0x00007ffe035d0000 - 0x00007ffe035f3000 	C:\Windows\SYSTEM32\profapi.dll
0x00007ffdfdd50000 - 0x00007ffdfdd6a000 	D:\Program Files\JetBrains\IntelliJ IDEA 2022.1.3\bin\breakgen64.dll
0x00007ffd91b30000 - 0x00007ffd91b4c000 	D:\Program Files\develop\Java\jdk1.8\jre\bin\net.dll
0x00007ffe02dd0000 - 0x00007ffe02e3a000 	C:\Windows\system32\mswsock.dll
0x00007ffd7a450000 - 0x00007ffd7a463000 	D:\Program Files\develop\Java\jdk1.8\jre\bin\nio.dll
0x00007ffdface0000 - 0x00007ffdfaced000 	D:\Program Files\develop\Java\jdk1.8\jre\bin\management.dll
0x00007ffdd50e0000 - 0x00007ffdd50f7000 	C:\Windows\system32\napinsp.dll
0x00007ffdd50c0000 - 0x00007ffdd50db000 	C:\Windows\system32\pnrpnsp.dll
0x00007ffdfe130000 - 0x00007ffdfe145000 	C:\Windows\system32\wshbth.dll
0x00007ffdff000000 - 0x00007ffdff01d000 	C:\Windows\system32\NLAapi.dll
0x00007ffe02a80000 - 0x00007ffe02abb000 	C:\Windows\SYSTEM32\IPHLPAPI.DLL
0x00007ffe02ac0000 - 0x00007ffe02b8b000 	C:\Windows\SYSTEM32\DNSAPI.dll
0x00007ffe05300000 - 0x00007ffe05308000 	C:\Windows\System32\NSI.dll
0x00007ffdd50a0000 - 0x00007ffdd50b2000 	C:\Windows\System32\winrnr.dll
0x00007ffdfac50000 - 0x00007ffdfac5a000 	C:\Windows\System32\rasadhlp.dll
0x00007ffdf82c0000 - 0x00007ffdf8340000 	C:\Windows\System32\fwpuclnt.dll
0x00007ffe03030000 - 0x00007ffe03048000 	C:\Windows\SYSTEM32\CRYPTSP.dll
0x00007ffe026a0000 - 0x00007ffe026d4000 	C:\Windows\system32\rsaenh.dll
0x00007ffe03590000 - 0x00007ffe035be000 	C:\Windows\SYSTEM32\USERENV.dll
0x00007ffe03930000 - 0x00007ffe039b2000 	C:\Windows\System32\bcryptprimitives.dll
0x00007ffe02f60000 - 0x00007ffe02f6c000 	C:\Windows\SYSTEM32\CRYPTBASE.dll
0x00007ffdfcd00000 - 0x00007ffdfcd17000 	C:\Windows\SYSTEM32\dhcpcsvc6.DLL
0x00007ffdfcc80000 - 0x00007ffdfcc9d000 	C:\Windows\SYSTEM32\dhcpcsvc.DLL
0x00007ffdf45d0000 - 0x00007ffdf47b4000 	C:\Windows\SYSTEM32\dbghelp.dll

VM Arguments:
jvm_args: -ea -Didea.test.cyclic.buffer.size=1048576 -javaagent:D:\Program Files\JetBrains\IntelliJ IDEA 2022.1.3\lib\idea_rt.jar=51024:D:\Program Files\JetBrains\IntelliJ IDEA 2022.1.3\bin -Dfile.encoding=UTF-8 
java_command: com.intellij.rt.junit.JUnitStarter -ideVersion5 -junit4 cn.chaZ.test.domain.StrategyTest,test_strategyArmory
java_class_path (initial): D:\Program Files\JetBrains\IntelliJ IDEA 2022.1.3\lib\idea_rt.jar;D:\Program Files\JetBrains\IntelliJ IDEA 2022.1.3\plugins\junit\lib\junit5-rt.jar;D:\Program Files\JetBrains\IntelliJ IDEA 2022.1.3\plugins\junit\lib\junit-rt.jar;D:\Program Files\develop\Java\jdk1.8\jre\lib\charsets.jar;D:\Program Files\develop\Java\jdk1.8\jre\lib\ext\access-bridge-64.jar;D:\Program Files\develop\Java\jdk1.8\jre\lib\ext\cldrdata.jar;D:\Program Files\develop\Java\jdk1.8\jre\lib\ext\dnsns.jar;D:\Program Files\develop\Java\jdk1.8\jre\lib\ext\jaccess.jar;D:\Program Files\develop\Java\jdk1.8\jre\lib\ext\jfxrt.jar;D:\Program Files\develop\Java\jdk1.8\jre\lib\ext\localedata.jar;D:\Program Files\develop\Java\jdk1.8\jre\lib\ext\nashorn.jar;D:\Program Files\develop\Java\jdk1.8\jre\lib\ext\sunec.jar;D:\Program Files\develop\Java\jdk1.8\jre\lib\ext\sunjce_provider.jar;D:\Program Files\develop\Java\jdk1.8\jre\lib\ext\sunmscapi.jar;D:\Program Files\develop\Java\jdk1.8\jre\lib\ext\sunpkcs11.jar;D:\Program Files\develop\Java\jdk1.8\jre\lib\ext\zipfs.jar;D:\Program Files\develop\Java\jdk1.8\jre\lib\jce.jar;D:\Program Files\develop\Java\jdk1.8\jre\lib\jfr.jar;D:\Program Files\develop\Java\jdk1.8\jre\lib\jfxswt.jar;D:\Program Files\develop\Java\jdk1.8\jre\lib\jsse.jar;D:\Program Files\develop\Java\jdk1.8\jre\lib\management-agent.jar;D:\Program Files\develop\Java\jdk1.8\jre\lib\resources.jar;D:\Program Files\develop\Java\jdk1.8\jre\lib\rt.jar;G:\IdeaProjects\big-market\big-market-app\target\test-classes;G:\IdeaProjects\big-market\big-market-app\target\classes;C:\Users\kkk\.m2\repository\org\springframework\boot\spring-boot-starter-web\2.7.12\spring-boot-starter-web-2.7.12.jar;C:\Users\kkk\.m2\repository\org\springframework\boot\spring-boot-starter\2.7.12\spring-boot-starter-2.7.12.jar;C:\Users\kkk\.m2\repository\org\springframework\boot\spring-boot\2.7.12\spring-boot-2.7.12.jar;C:\Users\kkk\.m2\repository\org\springframework\boot\spring-boot-autoconfigure\2.7.12\spring-boot-
Launcher Type: SUN_STANDARD

Environment Variables:
JAVA_HOME=D:\Program Files\develop\Java\jdk-17
PATH=D:\Program Files (x86)\VMware\VMware Workstation\bin\;C:\Windows\system32;C:\Windows;C:\Windows\System32\Wbem;C:\Windows\System32\WindowsPowerShell\v1.0\;C:\Windows\System32\OpenSSH\;C:\Program Files\Bandizip\;D:\Program Files\develop\Java\jdk-17\bin;D:\ProgramData\Anaconda3;D:\Program Files\develop\Git\bin;C:\Program Files\MySQL\MySQL Server 8.2\bin;D:\Program Files\Git\cmd;C:\Program Files\Docker\Docker\resources\bin;C:\Users\kkk\AppData\Local\Microsoft\WindowsApps;;D:\Program Files\JetBrains\IntelliJ IDEA 2022.1.3\bin;
USERNAME=kkk
OS=Windows_NT
PROCESSOR_IDENTIFIER=Intel64 Family 6 Model 165 Stepping 5, GenuineIntel



---------------  S Y S T E M  ---------------

OS: Windows 10 , 64 bit Build 19041 (10.0.19041.3636)

CPU:total 16 (initial active 16) (8 cores per cpu, 2 threads per core) family 6 model 165 stepping 5, cmov, cx8, fxsr, mmx, sse, sse2, sse3, ssse3, sse4.1, sse4.2, popcnt, avx, avx2, aes, clmul, erms, 3dnowpref, lzcnt, ht, tsc, tscinvbit, bmi1, bmi2, adx

Memory: 4k page, physical 50151224k(27720232k free), swap 57491256k(28815108k free)

vm_info: OpenJDK 64-Bit Server VM (25.402-b08) for windows-amd64 JRE (1.8.0_402-b08), built on Jan 18 2024 20:56:13 by "Administrator" with MS VC++ 15.9 (VS2017)

time: Mon Apr 15 17:15:40 2024
timezone: Intel64 Family 6 Model 165 Stepping 5, GenuineIntel
elapsed time: 11.530418 seconds (0d 0h 0m 11s)

