#
# A fatal error has been detected by the Java Runtime Environment:
#
#  EXCEPTION_ACCESS_VIOLATION (0xc0000005) at pc=0x00000000654d405a, pid=17716, tid=0x0000000000004740
#
# JRE version: OpenJDK Runtime Environment (8.0_402-b08) (build 1.8.0_402-b08)
# Java VM: OpenJDK 64-Bit Server VM (25.402-b08 mixed mode windows-amd64 compressed oops)
# Problematic frame:
# V  [jvm.dll+0x9405a]
#
# Failed to write core dump. Minidumps are not enabled by default on client versions of Windows
#
# If you would like to submit a bug report, please visit:
#   https://github.com/corretto/corretto-8/issues/
#

---------------  T H R E A D  ---------------

Current thread (0x00000151371aa000):  GCTaskThread [stack: 0x0000000e12400000,0x0000000e12500000] [id=18240]

siginfo: ExceptionCode=0xc0000005, reading address 0x0000000000000008

Registers:
RAX=0x0000000000000000, RBX=0x0000000539d1ec94, RCX=0x0000000000000003, RDX=0x00000006e3bdd290
RSP=0x0000000e124ffb58, RBP=0x0000000e124ffc60, RSI=0x00000006e3bdd290, RDI=0x0000000000000002
R8 =0x0000000000000000, R9 =0x0000000000000001, R10=0x0000000000000002, R11=0x0000000e124ffbc0
R12=0x00000151371aa601, R13=0x0000000000000000, R14=0x0000015164ae0500, R15=0x0000000000000000
RIP=0x00000000654d405a, EFLAGS=0x0000000000010246

Top of Stack: (sp=0x0000000e124ffb58)
0x0000000e124ffb58:   000000006581bd4e 0000000539d1ec88
0x0000000e124ffb68:   0000000539d1eca0 0000000000000000
0x0000000e124ffb78:   00000000656a3ee1 0000000000000000
0x0000000e124ffb88:   0000000065818a01 0000000539d1e1d0
0x0000000e124ffb98:   000000006553588f 0000000539d1e1d1
0x0000000e124ffba8:   0000000539d1e1d0 0000000539d1ccf8
0x0000000e124ffbb8:   0000000000000400 0000015164ae05a0
0x0000000e124ffbc8:   0000000000000000 0000000000000000
0x0000000e124ffbd8:   00000151371aa601 0000000000000002
0x0000000e124ffbe8:   000000006581caf7 0000000539d1ec94
0x0000000e124ffbf8:   00000006f896bcd8 0000000e124ffc60
0x0000000e124ffc08:   0000015164ae0500 001007ed0001cfaf
0x0000000e124ffc18:   000000006562c993 001277af00006541
0x0000000e124ffc28:   001007ec0001cfaf 001007ed0001cfaf
0x0000000e124ffc38:   001277af00006541 001277af00006542
0x0000000e124ffc48:   000d07120001e35a 000d07120001e35b 

Instructions: (pc=0x00000000654d405a)
0x00000000654d403a:   d1 45 84 c9 74 16 44 8b 41 08 8b 0d 9e d5 6d 00
0x00000000654d404a:   49 d3 e0 4c 03 05 8c d5 6d 00 eb 04 4c 8b 41 08
0x00000000654d405a:   45 8b 50 08 45 85 d2 7e 0e 41 f6 c2 01 75 51 41
0x00000000654d406a:   c1 fa 03 41 8b c2 c3 79 47 45 84 c9 b9 0c 00 00 


Register to memory mapping:

RAX=0x0000000000000000 is an unknown value
RBX=0x0000000539d1ec94 is pointing into object: 0x0000000539d1ec78
java.util.LinkedHashMap$Entry 
 - klass: 'java/util/LinkedHashMap$Entry'
RCX=0x0000000000000003 is an unknown value
RDX=0x00000006e3bdd290 is an unknown value
RSP=0x0000000e124ffb58 is an unknown value
RBP=0x0000000e124ffc60 is an unknown value
RSI=0x00000006e3bdd290 is an unknown value
RDI=0x0000000000000002 is an unknown value
R8 =0x0000000000000000 is an unknown value
R9 =0x0000000000000001 is an unknown value
R10=0x0000000000000002 is an unknown value
R11=0x0000000e124ffbc0 is an unknown value
R12=0x00000151371aa601 is an unknown value
R13=0x0000000000000000 is an unknown value
R14=0x0000015164ae0500 is an unknown value
R15=0x0000000000000000 is an unknown value


Stack: [0x0000000e12400000,0x0000000e12500000],  sp=0x0000000e124ffb58,  free space=1022k
Native frames: (J=compiled Java code, j=interpreted, Vv=VM code, C=native code)
V  [jvm.dll+0x9405a]


---------------  P R O C E S S  ---------------

Java Threads: ( => current thread )
  0x000001516d0f4800 JavaThread "logback-2" daemon [_thread_blocked, id=12900, stack(0x0000000e15700000,0x0000000e15800000)]
  0x000001516d0f8800 JavaThread "redisson-netty-2-13" [_thread_in_native, id=7644, stack(0x0000000e15600000,0x0000000e15700000)]
  0x000001516c8e0800 JavaThread "redisson-netty-2-12" [_thread_in_native, id=16092, stack(0x0000000e15500000,0x0000000e15600000)]
  0x000001516c8df800 JavaThread "redisson-netty-2-11" [_thread_in_native, id=16664, stack(0x0000000e15400000,0x0000000e15500000)]
  0x000001516c8de000 JavaThread "redisson-netty-2-10" [_thread_in_native, id=19912, stack(0x0000000e15300000,0x0000000e15400000)]
  0x000001516c8e2000 JavaThread "redisson-netty-2-9" [_thread_in_native, id=9340, stack(0x0000000e15200000,0x0000000e15300000)]
  0x000001516c8dd000 JavaThread "redisson-netty-2-8" [_thread_in_native, id=4752, stack(0x0000000e15100000,0x0000000e15200000)]
  0x000001516c8e4800 JavaThread "redisson-netty-2-7" [_thread_in_native, id=12424, stack(0x0000000e15000000,0x0000000e15100000)]
  0x000001516c8df000 JavaThread "redisson-netty-2-6" [_thread_in_native, id=19792, stack(0x0000000e14f00000,0x0000000e15000000)]
  0x000001516c8e2800 JavaThread "redisson-netty-2-5" [_thread_in_native, id=14824, stack(0x0000000e14e00000,0x0000000e14f00000)]
  0x000001516c8e3800 JavaThread "redisson-netty-2-4" [_thread_in_native, id=1472, stack(0x0000000e14d00000,0x0000000e14e00000)]
  0x000001516e3ee800 JavaThread "redisson-timer-4-1" [_thread_blocked, id=568, stack(0x0000000e14c00000,0x0000000e14d00000)]
  0x000001516a6d9800 JavaThread "redisson-netty-2-3" [_thread_in_native, id=18944, stack(0x0000000e14a00000,0x0000000e14b00000)]
  0x000001516a31c000 JavaThread "redisson-netty-2-2" [_thread_in_native, id=20376, stack(0x0000000e14900000,0x0000000e14a00000)]
  0x000001516eb7f800 JavaThread "redisson-netty-2-1" [_thread_in_native, id=10284, stack(0x0000000e14800000,0x0000000e14900000)]
  0x000001516c906000 JavaThread "Thread-4" daemon [_thread_in_native, id=7112, stack(0x0000000e14700000,0x0000000e14800000)]
  0x000001516a6db000 JavaThread "mysql-cj-abandoned-connection-cleanup" daemon [_thread_blocked, id=8564, stack(0x0000000e14600000,0x0000000e14700000)]
  0x000001516936d800 JavaThread "AsyncAppender-Worker-ASYNC_FILE_ERROR" daemon [_thread_blocked, id=17112, stack(0x0000000e14500000,0x0000000e14600000)]
  0x0000015168b6e000 JavaThread "AsyncAppender-Worker-ASYNC_FILE_INFO" daemon [_thread_blocked, id=1444, stack(0x0000000e14400000,0x0000000e14500000)]
  0x00000151689f9800 JavaThread "logback-1" daemon [_thread_blocked, id=14996, stack(0x0000000e14300000,0x0000000e14400000)]
  0x00000151669d5000 JavaThread "Service Thread" daemon [_thread_blocked, id=8320, stack(0x0000000e14100000,0x0000000e14200000)]
  0x00000151668e5000 JavaThread "C1 CompilerThread11" daemon [_thread_blocked, id=19540, stack(0x0000000e14000000,0x0000000e14100000)]
  0x00000151668c4000 JavaThread "C1 CompilerThread10" daemon [_thread_blocked, id=200, stack(0x0000000e13f00000,0x0000000e14000000)]
  0x00000151668bb800 JavaThread "C1 CompilerThread9" daemon [_thread_blocked, id=15936, stack(0x0000000e13e00000,0x0000000e13f00000)]
  0x00000151668b8800 JavaThread "C1 CompilerThread8" daemon [_thread_blocked, id=19568, stack(0x0000000e13d00000,0x0000000e13e00000)]
  0x00000151668b7800 JavaThread "C2 CompilerThread7" daemon [_thread_blocked, id=18724, stack(0x0000000e13c00000,0x0000000e13d00000)]
  0x00000151668b2800 JavaThread "C2 CompilerThread6" daemon [_thread_blocked, id=16620, stack(0x0000000e13b00000,0x0000000e13c00000)]
  0x00000151668ad800 JavaThread "C2 CompilerThread5" daemon [_thread_blocked, id=20080, stack(0x0000000e13a00000,0x0000000e13b00000)]
  0x00000151668ac000 JavaThread "C2 CompilerThread4" daemon [_thread_blocked, id=9244, stack(0x0000000e13900000,0x0000000e13a00000)]
  0x00000151668a9000 JavaThread "C2 CompilerThread3" daemon [_thread_blocked, id=7584, stack(0x0000000e13800000,0x0000000e13900000)]
  0x00000151668a7000 JavaThread "C2 CompilerThread2" daemon [_thread_blocked, id=19376, stack(0x0000000e13700000,0x0000000e13800000)]
  0x00000151668a5000 JavaThread "C2 CompilerThread1" daemon [_thread_blocked, id=6560, stack(0x0000000e13600000,0x0000000e13700000)]
  0x00000151668a3000 JavaThread "C2 CompilerThread0" daemon [_thread_blocked, id=10940, stack(0x0000000e13500000,0x0000000e13600000)]
  0x000001516689c800 JavaThread "Monitor Ctrl-Break" daemon [_thread_in_native, id=588, stack(0x0000000e13400000,0x0000000e13500000)]
  0x0000015166860000 JavaThread "Attach Listener" daemon [_thread_blocked, id=13328, stack(0x0000000e13300000,0x0000000e13400000)]
  0x000001516684d000 JavaThread "Signal Dispatcher" daemon [_thread_blocked, id=15640, stack(0x0000000e13200000,0x0000000e13300000)]
  0x0000015164aed800 JavaThread "Finalizer" daemon [_thread_blocked, id=10576, stack(0x0000000e13100000,0x0000000e13200000)]
  0x00000151667e2000 JavaThread "Reference Handler" daemon [_thread_blocked, id=20280, stack(0x0000000e13000000,0x0000000e13100000)]
  0x000001513718f800 JavaThread "main" [_thread_blocked, id=5956, stack(0x0000000e12100000,0x0000000e12200000)]

Other Threads:
  0x0000015137212800 VMThread [stack: 0x0000000e12f00000,0x0000000e13000000] [id=12924]
  0x00000151669da800 WatcherThread [stack: 0x0000000e14200000,0x0000000e14300000] [id=18952]

=>0x00000151371aa000 (exited) GCTaskThread [stack: 0x0000000e12400000,0x0000000e12500000] [id=18240]

VM state:at safepoint (normal execution)

VM Mutex/Monitor currently owned by a thread:  ([mutex/lock_event])
[0x0000015137177e10] Threads_lock - owner thread: 0x0000015137212800
[0x0000015137178f90] Heap_lock - owner thread: 0x000001513718f800

heap address: 0x00000004c2c00000, size: 12244 MB, Compressed Oops mode: Zero based, Oop shift amount: 3
Narrow klass base: 0x0000000000000000, Narrow klass shift: 3
Compressed class space size: 1073741824 Address: 0x00000007c0000000

Heap:
 PSYoungGen      total 1861632K, used 1740920K [0x00000006c0f00000, 0x0000000737f00000, 0x00000007c0000000)
  eden space 1861120K, 93% used [0x00000006c0f00000,0x000000072b30e210,0x0000000732880000)
  from space 512K, 12% used [0x0000000737e80000,0x0000000737e90000,0x0000000737f00000)
  to   space 23552K, 100% used [0x0000000735100000,0x0000000736800000,0x0000000736800000)
 ParOldGen       total 1966592K, used 1966531K [0x00000004c2c00000, 0x000000053ac80000, 0x00000006c0f00000)
  object space 1966592K, 99% used [0x00000004c2c00000,0x000000053ac7ecf8,0x000000053ac80000)
 Metaspace       used 58023K, capacity 61100K, committed 61400K, reserved 1101824K
  class space    used 7839K, capacity 8387K, committed 8448K, reserved 1048576K

Card table byte_map: [0x0000015147eb0000,0x00000151496a0000] byte_map_base: 0x000001514589a000

Marking Bits: (ParMarkBitMap*) 0x0000000065c23810
 Begin Bits: [0x000001514a6a0000, 0x00000151565f0000)
 End Bits:   [0x00000151565f0000, 0x0000015162540000)

Polling page: 0x00000151372c0000

CodeCache: size=245760Kb used=21706Kb max_used=22006Kb free=224053Kb
 bounds [0x0000015138af0000, 0x000001513a090000, 0x0000015147af0000]
 total_blobs=5400 nmethods=4840 adapters=468
 compilation: enabled

Compilation events (10 events):
Event: 14.817 Thread 0x00000151668b8800 5531       1       io.netty.util.HashedWheelTimer::access$500 (5 bytes)
Event: 14.817 Thread 0x00000151668b8800 nmethod 5531 0x00000151394c6310 code [0x00000151394c6460, 0x00000151394c6558]
Event: 15.307 Thread 0x00000151668bb800 5532 %     3       cn.chaZ.domain.strategy.service.armory.StrategyArmory::assembleLotteryStrategy @ 210 (270 bytes)
Event: 15.307 Thread 0x00000151668b7800 5533       4       java.lang.Integer::hashCode (8 bytes)
Event: 15.307 Thread 0x00000151668b7800 nmethod 5533 0x0000015139789750 code [0x0000015139789880, 0x00000151397898d8]
Event: 15.309 Thread 0x00000151668bb800 nmethod 5532% 0x0000015139d5d990 code [0x0000015139d5dfe0, 0x0000015139d622b0]
Event: 15.310 Thread 0x00000151668ad800 5534 %     4       cn.chaZ.domain.strategy.service.armory.StrategyArmory::assembleLotteryStrategy @ 210 (270 bytes)
Event: 15.318 Thread 0x00000151668ad800 nmethod 5534% 0x00000151393f3d90 code [0x00000151393f3f40, 0x00000151393f4b98]
Event: 15.419 Thread 0x00000151668b8800 5535       1       io.netty.util.HashedWheelTimer::access$400 (5 bytes)
Event: 15.419 Thread 0x00000151668b8800 nmethod 5535 0x00000151393f3ad0 code [0x00000151393f3c20, 0x00000151393f3d18]

GC Heap History (10 events):
Event: 6.731 GC heap after
Heap after GC invocations=14 (full 3):
 PSYoungGen      total 821248K, used 704K [0x00000006c0f00000, 0x000000070f700000, 0x00000007c0000000)
  eden space 797184K, 0% used [0x00000006c0f00000,0x00000006c0f00000,0x00000006f1980000)
  from space 24064K, 2% used [0x00000006f1980000,0x00000006f1a30000,0x00000006f3100000)
  to   space 24576K, 0% used [0x000000070df00000,0x000000070df00000,0x000000070f700000)
 ParOldGen       total 777216K, used 573998K [0x00000004c2c00000, 0x00000004f2300000, 0x00000006c0f00000)
  object space 777216K, 73% used [0x00000004c2c00000,0x00000004e5c8ba50,0x00000004f2300000)
 Metaspace       used 57998K, capacity 61036K, committed 61144K, reserved 1101824K
  class space    used 7839K, capacity 8387K, committed 8448K, reserved 1048576K
}
Event: 6.945 GC heap before
{Heap before GC invocations=15 (full 3):
 PSYoungGen      total 821248K, used 515864K [0x00000006c0f00000, 0x000000070f700000, 0x00000007c0000000)
  eden space 797184K, 64% used [0x00000006c0f00000,0x00000006e06161b8,0x00000006f1980000)
  from space 24064K, 2% used [0x00000006f1980000,0x00000006f1a30000,0x00000006f3100000)
  to   space 24576K, 0% used [0x000000070df00000,0x000000070df00000,0x000000070f700000)
 ParOldGen       total 777216K, used 573998K [0x00000004c2c00000, 0x00000004f2300000, 0x00000006c0f00000)
  object space 777216K, 73% used [0x00000004c2c00000,0x00000004e5c8ba50,0x00000004f2300000)
 Metaspace       used 58003K, capacity 61036K, committed 61144K, reserved 1101824K
  class space    used 7839K, capacity 8387K, committed 8448K, reserved 1048576K
Event: 7.012 GC heap after
Heap after GC invocations=15 (full 3):
 PSYoungGen      total 1259520K, used 32K [0x00000006c0f00000, 0x000000070f580000, 0x00000007c0000000)
  eden space 1236480K, 0% used [0x00000006c0f00000,0x00000006c0f00000,0x000000070c680000)
  from space 23040K, 0% used [0x000000070df00000,0x000000070df08000,0x000000070f580000)
  to   space 24064K, 0% used [0x000000070c680000,0x000000070c680000,0x000000070de00000)
 ParOldGen       total 777216K, used 574574K [0x00000004c2c00000, 0x00000004f2300000, 0x00000006c0f00000)
  object space 777216K, 73% used [0x00000004c2c00000,0x00000004e5d1ba60,0x00000004f2300000)
 Metaspace       used 58003K, capacity 61036K, committed 61144K, reserved 1101824K
  class space    used 7839K, capacity 8387K, committed 8448K, reserved 1048576K
}
Event: 7.512 GC heap before
{Heap before GC invocations=16 (full 3):
 PSYoungGen      total 1259520K, used 1236512K [0x00000006c0f00000, 0x000000070f580000, 0x00000007c0000000)
  eden space 1236480K, 100% used [0x00000006c0f00000,0x000000070c680000,0x000000070c680000)
  from space 23040K, 0% used [0x000000070df00000,0x000000070df08000,0x000000070f580000)
  to   space 24064K, 0% used [0x000000070c680000,0x000000070c680000,0x000000070de00000)
 ParOldGen       total 777216K, used 574574K [0x00000004c2c00000, 0x00000004f2300000, 0x00000006c0f00000)
  object space 777216K, 73% used [0x00000004c2c00000,0x00000004e5d1ba60,0x00000004f2300000)
 Metaspace       used 58003K, capacity 61036K, committed 61144K, reserved 1101824K
  class space    used 7839K, capacity 8387K, committed 8448K, reserved 1048576K
Event: 7.880 GC heap after
Heap after GC invocations=16 (full 3):
 PSYoungGen      total 1260544K, used 32K [0x00000006c0f00000, 0x0000000739600000, 0x00000007c0000000)
  eden space 1236480K, 0% used [0x00000006c0f00000,0x00000006c0f00000,0x000000070c680000)
  from space 24064K, 0% used [0x000000070c680000,0x000000070c688000,0x000000070de00000)
  to   space 24064K, 0% used [0x0000000737e80000,0x0000000737e80000,0x0000000739600000)
 ParOldGen       total 1115136K, used 912455K [0x00000004c2c00000, 0x0000000506d00000, 0x00000006c0f00000)
  object space 1115136K, 81% used [0x00000004c2c00000,0x00000004fa711eb0,0x0000000506d00000)
 Metaspace       used 58003K, capacity 61036K, committed 61144K, reserved 1101824K
  class space    used 7839K, capacity 8387K, committed 8448K, reserved 1048576K
}
Event: 7.880 GC heap before
{Heap before GC invocations=17 (full 4):
 PSYoungGen      total 1260544K, used 32K [0x00000006c0f00000, 0x0000000739600000, 0x00000007c0000000)
  eden space 1236480K, 0% used [0x00000006c0f00000,0x00000006c0f00000,0x000000070c680000)
  from space 24064K, 0% used [0x000000070c680000,0x000000070c688000,0x000000070de00000)
  to   space 24064K, 0% used [0x0000000737e80000,0x0000000737e80000,0x0000000739600000)
 ParOldGen       total 1115136K, used 912455K [0x00000004c2c00000, 0x0000000506d00000, 0x00000006c0f00000)
  object space 1115136K, 81% used [0x00000004c2c00000,0x00000004fa711eb0,0x0000000506d00000)
 Metaspace       used 58003K, capacity 61036K, committed 61144K, reserved 1101824K
  class space    used 7839K, capacity 8387K, committed 8448K, reserved 1048576K
Event: 8.393 GC heap after
Heap after GC invocations=17 (full 4):
 PSYoungGen      total 1260544K, used 0K [0x00000006c0f00000, 0x0000000739600000, 0x00000007c0000000)
  eden space 1236480K, 0% used [0x00000006c0f00000,0x00000006c0f00000,0x000000070c680000)
  from space 24064K, 0% used [0x000000070c680000,0x000000070c680000,0x000000070de00000)
  to   space 24064K, 0% used [0x0000000737e80000,0x0000000737e80000,0x0000000739600000)
 ParOldGen       total 1451008K, used 360733K [0x00000004c2c00000, 0x000000051b500000, 0x00000006c0f00000)
  object space 1451008K, 24% used [0x00000004c2c00000,0x00000004d8c47668,0x000000051b500000)
 Metaspace       used 58003K, capacity 61036K, committed 61144K, reserved 1101824K
  class space    used 7839K, capacity 8387K, committed 8448K, reserved 1048576K
}
Event: 8.766 GC heap before
{Heap before GC invocations=18 (full 4):
 PSYoungGen      total 1260544K, used 1236480K [0x00000006c0f00000, 0x0000000739600000, 0x00000007c0000000)
  eden space 1236480K, 100% used [0x00000006c0f00000,0x000000070c680000,0x000000070c680000)
  from space 24064K, 0% used [0x000000070c680000,0x000000070c680000,0x000000070de00000)
  to   space 24064K, 0% used [0x0000000737e80000,0x0000000737e80000,0x0000000739600000)
 ParOldGen       total 1451008K, used 360733K [0x00000004c2c00000, 0x000000051b500000, 0x00000006c0f00000)
  object space 1451008K, 24% used [0x00000004c2c00000,0x00000004d8c47668,0x000000051b500000)
 Metaspace       used 58017K, capacity 61100K, committed 61400K, reserved 1101824K
  class space    used 7839K, capacity 8387K, committed 8448K, reserved 1048576K
Event: 9.152 GC heap after
Heap after GC invocations=18 (full 4):
 PSYoungGen      total 1861632K, used 64K [0x00000006c0f00000, 0x0000000737f00000, 0x00000007c0000000)
  eden space 1861120K, 0% used [0x00000006c0f00000,0x00000006c0f00000,0x0000000732880000)
  from space 512K, 12% used [0x0000000737e80000,0x0000000737e90000,0x0000000737f00000)
  to   space 23552K, 0% used [0x0000000735100000,0x0000000735100000,0x0000000736800000)
 ParOldGen       total 1451008K, used 867563K [0x00000004c2c00000, 0x000000051b500000, 0x00000006c0f00000)
  object space 1451008K, 59% used [0x00000004c2c00000,0x00000004f7b3acd8,0x000000051b500000)
 Metaspace       used 58017K, capacity 61100K, committed 61400K, reserved 1101824K
  class space    used 7839K, capacity 8387K, committed 8448K, reserved 1048576K
}
Event: 15.785 GC heap before
{Heap before GC invocations=19 (full 4):
 PSYoungGen      total 1861632K, used 1740920K [0x00000006c0f00000, 0x0000000737f00000, 0x00000007c0000000)
  eden space 1861120K, 93% used [0x00000006c0f00000,0x000000072b30e210,0x0000000732880000)
  from space 512K, 12% used [0x0000000737e80000,0x0000000737e90000,0x0000000737f00000)
  to   space 23552K, 0% used [0x0000000735100000,0x0000000735100000,0x0000000736800000)
 ParOldGen       total 1451008K, used 867563K [0x00000004c2c00000, 0x000000051b500000, 0x00000006c0f00000)
  object space 1451008K, 59% used [0x00000004c2c00000,0x00000004f7b3acd8,0x000000051b500000)
 Metaspace       used 58023K, capacity 61100K, committed 61400K, reserved 1101824K
  class space    used 7839K, capacity 8387K, committed 8448K, reserved 1048576K

Deoptimization events (10 events):
Event: 5.120 Thread 0x000001513718f800 Uncommon trap: reason=bimorphic action=maybe_recompile pc=0x000001513945b208 method=java.util.AbstractList$Itr.next()Ljava/lang/Object; @ 14
Event: 5.120 Thread 0x000001513718f800 Uncommon trap: reason=bimorphic action=maybe_recompile pc=0x000001513945b208 method=java.util.AbstractList$Itr.next()Ljava/lang/Object; @ 14
Event: 5.121 Thread 0x000001513718f800 Uncommon trap: reason=bimorphic action=maybe_recompile pc=0x000001513945b208 method=java.util.AbstractList$Itr.next()Ljava/lang/Object; @ 14
Event: 5.205 Thread 0x000001513718f800 Uncommon trap: reason=unstable_if action=reinterpret pc=0x0000015138ffd688 method=org.springframework.aop.support.AopUtils.canApply(Lorg/springframework/aop/Pointcut;Ljava/lang/Class;Z)Z @ 68
Event: 5.212 Thread 0x000001513718f800 Uncommon trap: reason=unstable_if action=reinterpret pc=0x0000015139c940b4 method=org.springframework.asm.SymbolTable.addType(Ljava/lang/String;)I @ 33
Event: 5.219 Thread 0x000001513718f800 Uncommon trap: reason=class_check action=maybe_recompile pc=0x000001513956d784 method=java.util.concurrent.ConcurrentMap.computeIfAbsent(Ljava/lang/Object;Ljava/util/function/Function;)Ljava/lang/Object; @ 7
Event: 7.499 Thread 0x000001513718f800 Uncommon trap: reason=unstable_if action=reinterpret pc=0x0000015138e8cdbc method=cn.chaZ.domain.strategy.service.armory.StrategyArmory.assembleLotteryStrategy(Ljava/lang/Long;)Z @ 173
Event: 9.172 Thread 0x000001513718f800 Uncommon trap: reason=unloaded action=reinterpret pc=0x000001513999a6cc method=cn.chaZ.domain.strategy.service.armory.StrategyArmory.assembleLotteryStrategy(Ljava/lang/Long;)Z @ 195
Event: 11.344 Thread 0x000001513718f800 Uncommon trap: reason=unstable_if action=reinterpret pc=0x00000151394c7b34 method=java.util.Random.nextInt(I)I @ 28
Event: 15.307 Thread 0x000001513718f800 Uncommon trap: reason=unstable_if action=reinterpret pc=0x0000015139c58588 method=java.util.Collections.shuffle(Ljava/util/List;Ljava/util/Random;)V @ 23

Classes redefined (0 events):
No events

Internal exceptions (10 events):
Event: 4.851 Thread 0x000001513718f800 Exception <a 'java/lang/ClassNotFoundException': org/springframework/boot/actuate/autoconfigure/web/server/ManagementContextAutoConfigurationCustomizer> (0x00000006c71d11f0) thrown at [C:\wsjdk\Corretto8Src\installers\windows\zip\corretto-build\buildRoot\
Event: 4.851 Thread 0x000001513718f800 Exception <a 'java/lang/ClassNotFoundException': java/lang/ObjectCustomizer> (0x00000006c71e8cf0) thrown at [C:\wsjdk\Corretto8Src\installers\windows\zip\corretto-build\buildRoot\hotspot\src\share\vm\classfile\systemDictionary.cpp, line 217]
Event: 4.851 Thread 0x000001513718f800 Exception <a 'java/lang/ClassNotFoundException': org/springframework/boot/actuate/autoconfigure/web/server/ManagementServerPropertiesCustomizer> (0x00000006c722ca98) thrown at [C:\wsjdk\Corretto8Src\installers\windows\zip\corretto-build\buildRoot\hotspot\
Event: 4.875 Thread 0x000001513718f800 Exception <a 'java/lang/NoSuchMethodError': java.lang.Object.lambda$builder$0(Ljava/util/function/Supplier;)D> (0x00000006c7417018) thrown at [C:\wsjdk\Corretto8Src\installers\windows\zip\corretto-build\buildRoot\hotspot\src\share\vm\interpreter\linkResol
Event: 4.896 Thread 0x000001513718f800 Implicit null exception at 0x00000151394d9481 to 0x00000151394d9599
Event: 4.914 Thread 0x000001513718f800 Exception <a 'java/lang/ClassNotFoundException': java/lang/ObjectCustomizer> (0x00000006c77a7ee0) thrown at [C:\wsjdk\Corretto8Src\installers\windows\zip\corretto-build\buildRoot\hotspot\src\share\vm\classfile\systemDictionary.cpp, line 217]
Event: 4.914 Thread 0x000001513718f800 Exception <a 'java/lang/ClassNotFoundException': cn/chaZ/test/domain/StrategyTestCustomizer> (0x00000006c77cfd38) thrown at [C:\wsjdk\Corretto8Src\installers\windows\zip\corretto-build\buildRoot\hotspot\src\share\vm\classfile\systemDictionary.cpp, line 21
Event: 4.944 Thread 0x000001513718f800 Exception <a 'java/lang/ClassNotFoundException': java/lang/Module> (0x00000006c7bd0d48) thrown at [C:\wsjdk\Corretto8Src\installers\windows\zip\corretto-build\buildRoot\hotspot\src\share\vm\classfile\systemDictionary.cpp, line 217]
Event: 4.963 Thread 0x000001513718f800 Exception <a 'java/lang/ClassNotFoundException': java/lang/Module> (0x00000006c7e3f040) thrown at [C:\wsjdk\Corretto8Src\installers\windows\zip\corretto-build\buildRoot\hotspot\src\share\vm\classfile\systemDictionary.cpp, line 217]
Event: 5.268 Thread 0x000001513718f800 Exception <a 'java/lang/NoSuchMethodError': java.lang.Object.lambda$minBy$0(Ljava/util/Comparator;Ljava/lang/Object;Ljava/lang/Object;)Ljava/lang/Object;> (0x00000006c2b693e0) thrown at [C:\wsjdk\Corretto8Src\installers\windows\zip\corretto-build\buildRoo

Events (10 events):
Event: 11.344 Thread 0x000001513718f800 DEOPT PACKING pc=0x00000151394c7b34 sp=0x0000000e121fd8f0
Event: 11.344 Thread 0x000001513718f800 DEOPT UNPACKING pc=0x0000015138b35583 sp=0x0000000e121fd850 mode 2
Event: 11.354 Thread 0x000001513718f800 DEOPT PACKING pc=0x0000015139b14d0d sp=0x0000000e121fd8a0
Event: 11.354 Thread 0x000001513718f800 DEOPT UNPACKING pc=0x0000015138b375d8 sp=0x0000000e121fd650 mode 0
Event: 15.307 Thread 0x000001513718f800 Uncommon trap: trap_request=0xffffff65 fr.pc=0x0000015139c58588
Event: 15.307 Thread 0x000001513718f800 DEOPT PACKING pc=0x0000015139c58588 sp=0x0000000e121fd8f0
Event: 15.307 Thread 0x000001513718f800 DEOPT UNPACKING pc=0x0000015138b35583 sp=0x0000000e121fd8d0 mode 2
Event: 15.318 Thread 0x000001513718f800 DEOPT PACKING pc=0x0000015139d61f83 sp=0x0000000e121fd8e0
Event: 15.318 Thread 0x000001513718f800 DEOPT UNPACKING pc=0x0000015138b375d8 sp=0x0000000e121fd730 mode 0
Event: 15.784 Executing VM operation: ParallelGCFailedAllocation


Dynamic libraries:
0x00007ff68dc60000 - 0x00007ff68dca6000 	D:\Program Files\develop\Java\jdk1.8\bin\java.exe
0x00007ffe05ff0000 - 0x00007ffe061e8000 	C:\Windows\SYSTEM32\ntdll.dll
0x00007ffe04aa0000 - 0x00007ffe04b5d000 	C:\Windows\System32\KERNEL32.DLL
0x00007ffe03cf0000 - 0x00007ffe03fe6000 	C:\Windows\System32\KERNELBASE.dll
0x00007ffe04020000 - 0x00007ffe040d0000 	C:\Windows\System32\ADVAPI32.dll
0x00007ffe05200000 - 0x00007ffe0529e000 	C:\Windows\System32\msvcrt.dll
0x00007ffe04bc0000 - 0x00007ffe04c60000 	C:\Windows\System32\sechost.dll
0x00007ffe04c60000 - 0x00007ffe04d83000 	C:\Windows\System32\RPCRT4.dll
0x00007ffe03ff0000 - 0x00007ffe04017000 	C:\Windows\System32\bcrypt.dll
0x00007ffe04900000 - 0x00007ffe04a9f000 	C:\Windows\System32\USER32.dll
0x00007ffe039c0000 - 0x00007ffe039e2000 	C:\Windows\System32\win32u.dll
0x00007ffe053f0000 - 0x00007ffe0541b000 	C:\Windows\System32\GDI32.dll
0x00007ffe036a0000 - 0x00007ffe037b7000 	C:\Windows\System32\gdi32full.dll
0x00007ffe039f0000 - 0x00007ffe03a8d000 	C:\Windows\System32\msvcp_win.dll
0x00007ffe03830000 - 0x00007ffe03930000 	C:\Windows\System32\ucrtbase.dll
0x00007ffdf38e0000 - 0x00007ffdf3b7a000 	C:\Windows\WinSxS\amd64_microsoft.windows.common-controls_6595b64144ccf1df_6.0.19041.3636_none_60b6a03d71f818d5\COMCTL32.dll
0x00007ffe040d0000 - 0x00007ffe04102000 	C:\Windows\System32\IMM32.DLL
0x00007ffd99db0000 - 0x00007ffd99dc5000 	D:\Program Files\develop\Java\jdk1.8\jre\bin\vcruntime140.dll
0x00007ffd7ccd0000 - 0x00007ffd7cd6b000 	D:\Program Files\develop\Java\jdk1.8\jre\bin\msvcp140.dll
0x0000000065440000 - 0x0000000065c9c000 	D:\Program Files\develop\Java\jdk1.8\jre\bin\server\jvm.dll
0x00007ffe05090000 - 0x00007ffe05098000 	C:\Windows\System32\PSAPI.DLL
0x00007ffdfdde0000 - 0x00007ffdfdde9000 	C:\Windows\SYSTEM32\WSOCK32.dll
0x00007ffdfcd20000 - 0x00007ffdfcd2a000 	C:\Windows\SYSTEM32\VERSION.dll
0x00007ffdf6730000 - 0x00007ffdf6757000 	C:\Windows\SYSTEM32\WINMM.dll
0x00007ffe050a0000 - 0x00007ffe0510b000 	C:\Windows\System32\WS2_32.dll
0x00007ffe01510000 - 0x00007ffe01522000 	C:\Windows\SYSTEM32\kernel.appcore.dll
0x00007ffdb7cd0000 - 0x00007ffdb7ce0000 	D:\Program Files\develop\Java\jdk1.8\jre\bin\verify.dll
0x00007ffd926c0000 - 0x00007ffd926eb000 	D:\Program Files\develop\Java\jdk1.8\jre\bin\java.dll
0x00007ffde1920000 - 0x00007ffde1952000 	D:\Program Files\develop\Java\jdk1.8\jre\bin\instrument.dll
0x00007ffd91e40000 - 0x00007ffd91e58000 	D:\Program Files\develop\Java\jdk1.8\jre\bin\zip.dll
0x00007ffe04110000 - 0x00007ffe0487b000 	C:\Windows\System32\SHELL32.dll
0x00007ffe01710000 - 0x00007ffe01eae000 	C:\Windows\SYSTEM32\windows.storage.dll
0x00007ffe05c50000 - 0x00007ffe05fa3000 	C:\Windows\System32\combase.dll
0x00007ffe02ff0000 - 0x00007ffe0301e000 	C:\Windows\SYSTEM32\Wldp.dll
0x00007ffe05890000 - 0x00007ffe0595d000 	C:\Windows\System32\OLEAUT32.dll
0x00007ffe05b10000 - 0x00007ffe05bbd000 	C:\Windows\System32\SHCORE.dll
0x00007ffe05370000 - 0x00007ffe053c5000 	C:\Windows\System32\shlwapi.dll
0x00007ffe035d0000 - 0x00007ffe035f3000 	C:\Windows\SYSTEM32\profapi.dll
0x00007ffdfdd50000 - 0x00007ffdfdd6a000 	D:\Program Files\JetBrains\IntelliJ IDEA 2022.1.3\bin\breakgen64.dll
0x00007ffd91b30000 - 0x00007ffd91b4c000 	D:\Program Files\develop\Java\jdk1.8\jre\bin\net.dll
0x00007ffe02dd0000 - 0x00007ffe02e3a000 	C:\Windows\system32\mswsock.dll
0x00007ffd7a450000 - 0x00007ffd7a463000 	D:\Program Files\develop\Java\jdk1.8\jre\bin\nio.dll
0x00007ffdff120000 - 0x00007ffdff12d000 	D:\Program Files\develop\Java\jdk1.8\jre\bin\management.dll
0x00007ffdd50e0000 - 0x00007ffdd50f7000 	C:\Windows\system32\napinsp.dll
0x00007ffdd50c0000 - 0x00007ffdd50db000 	C:\Windows\system32\pnrpnsp.dll
0x00007ffdfe130000 - 0x00007ffdfe145000 	C:\Windows\system32\wshbth.dll
0x00007ffdff000000 - 0x00007ffdff01d000 	C:\Windows\system32\NLAapi.dll
0x00007ffe02a80000 - 0x00007ffe02abb000 	C:\Windows\SYSTEM32\IPHLPAPI.DLL
0x00007ffe02ac0000 - 0x00007ffe02b8b000 	C:\Windows\SYSTEM32\DNSAPI.dll
0x00007ffe05300000 - 0x00007ffe05308000 	C:\Windows\System32\NSI.dll
0x00007ffdd50a0000 - 0x00007ffdd50b2000 	C:\Windows\System32\winrnr.dll
0x00007ffdfac50000 - 0x00007ffdfac5a000 	C:\Windows\System32\rasadhlp.dll
0x00007ffdf82c0000 - 0x00007ffdf8340000 	C:\Windows\System32\fwpuclnt.dll
0x00007ffe03030000 - 0x00007ffe03048000 	C:\Windows\SYSTEM32\CRYPTSP.dll
0x00007ffe026a0000 - 0x00007ffe026d4000 	C:\Windows\system32\rsaenh.dll
0x00007ffe03590000 - 0x00007ffe035be000 	C:\Windows\SYSTEM32\USERENV.dll
0x00007ffe03930000 - 0x00007ffe039b2000 	C:\Windows\System32\bcryptprimitives.dll
0x00007ffe02f60000 - 0x00007ffe02f6c000 	C:\Windows\SYSTEM32\CRYPTBASE.dll
0x00007ffdfcd00000 - 0x00007ffdfcd17000 	C:\Windows\SYSTEM32\dhcpcsvc6.DLL
0x00007ffdfcc80000 - 0x00007ffdfcc9d000 	C:\Windows\SYSTEM32\dhcpcsvc.DLL
0x00007ffdf45d0000 - 0x00007ffdf47b4000 	C:\Windows\SYSTEM32\dbghelp.dll

VM Arguments:
jvm_args: -ea -Didea.test.cyclic.buffer.size=1048576 -javaagent:D:\Program Files\JetBrains\IntelliJ IDEA 2022.1.3\lib\idea_rt.jar=49600:D:\Program Files\JetBrains\IntelliJ IDEA 2022.1.3\bin -Dfile.encoding=UTF-8 
java_command: com.intellij.rt.junit.JUnitStarter -ideVersion5 -junit4 @w@C:\Users\kkk\AppData\Local\Temp\idea_working_dirs_junit.tmp @C:\Users\kkk\AppData\Local\Temp\idea_junit.tmp
java_class_path (initial): D:\Program Files\JetBrains\IntelliJ IDEA 2022.1.3\lib\idea_rt.jar;D:\Program Files\JetBrains\IntelliJ IDEA 2022.1.3\plugins\junit\lib\junit5-rt.jar;D:\Program Files\JetBrains\IntelliJ IDEA 2022.1.3\plugins\junit\lib\junit-rt.jar;D:\Program Files\develop\Java\jdk1.8\jre\lib\charsets.jar;D:\Program Files\develop\Java\jdk1.8\jre\lib\ext\access-bridge-64.jar;D:\Program Files\develop\Java\jdk1.8\jre\lib\ext\cldrdata.jar;D:\Program Files\develop\Java\jdk1.8\jre\lib\ext\dnsns.jar;D:\Program Files\develop\Java\jdk1.8\jre\lib\ext\jaccess.jar;D:\Program Files\develop\Java\jdk1.8\jre\lib\ext\jfxrt.jar;D:\Program Files\develop\Java\jdk1.8\jre\lib\ext\localedata.jar;D:\Program Files\develop\Java\jdk1.8\jre\lib\ext\nashorn.jar;D:\Program Files\develop\Java\jdk1.8\jre\lib\ext\sunec.jar;D:\Program Files\develop\Java\jdk1.8\jre\lib\ext\sunjce_provider.jar;D:\Program Files\develop\Java\jdk1.8\jre\lib\ext\sunmscapi.jar;D:\Program Files\develop\Java\jdk1.8\jre\lib\ext\sunpkcs11.jar;D:\Program Files\develop\Java\jdk1.8\jre\lib\ext\zipfs.jar;D:\Program Files\develop\Java\jdk1.8\jre\lib\jce.jar;D:\Program Files\develop\Java\jdk1.8\jre\lib\jfr.jar;D:\Program Files\develop\Java\jdk1.8\jre\lib\jfxswt.jar;D:\Program Files\develop\Java\jdk1.8\jre\lib\jsse.jar;D:\Program Files\develop\Java\jdk1.8\jre\lib\management-agent.jar;D:\Program Files\develop\Java\jdk1.8\jre\lib\resources.jar;D:\Program Files\develop\Java\jdk1.8\jre\lib\rt.jar;G:\IdeaProjects\big-market\big-market-app\target\test-classes;G:\IdeaProjects\big-market\big-market-app\target\classes;C:\Users\kkk\.m2\repository\org\springframework\boot\spring-boot-starter-web\2.7.12\spring-boot-starter-web-2.7.12.jar;C:\Users\kkk\.m2\repository\org\springframework\boot\spring-boot-starter\2.7.12\spring-boot-starter-2.7.12.jar;C:\Users\kkk\.m2\repository\org\springframework\boot\spring-boot\2.7.12\spring-boot-2.7.12.jar;C:\Users\kkk\.m2\repository\org\springframework\boot\spring-boot-autoconfigure\2.7.12\spring-boot-
Launcher Type: SUN_STANDARD

Environment Variables:
JAVA_HOME=D:\Program Files\develop\Java\jdk-17
PATH=D:\Program Files (x86)\VMware\VMware Workstation\bin\;C:\Windows\system32;C:\Windows;C:\Windows\System32\Wbem;C:\Windows\System32\WindowsPowerShell\v1.0\;C:\Windows\System32\OpenSSH\;C:\Program Files\Bandizip\;D:\Program Files\develop\Java\jdk-17\bin;D:\ProgramData\Anaconda3;D:\Program Files\develop\Git\bin;C:\Program Files\MySQL\MySQL Server 8.2\bin;D:\Program Files\Git\cmd;C:\Program Files\Docker\Docker\resources\bin;C:\Users\kkk\AppData\Local\Microsoft\WindowsApps;;D:\Program Files\JetBrains\IntelliJ IDEA 2022.1.3\bin;
USERNAME=kkk
OS=Windows_NT
PROCESSOR_IDENTIFIER=Intel64 Family 6 Model 165 Stepping 5, GenuineIntel



---------------  S Y S T E M  ---------------

OS: Windows 10 , 64 bit Build 19041 (10.0.19041.3636)

CPU:total 16 (initial active 16) (8 cores per cpu, 2 threads per core) family 6 model 165 stepping 5, cmov, cx8, fxsr, mmx, sse, sse2, sse3, ssse3, sse4.1, sse4.2, popcnt, avx, avx2, aes, clmul, erms, 3dnowpref, lzcnt, ht, tsc, tscinvbit, bmi1, bmi2, adx

Memory: 4k page, physical 50151224k(28723640k free), swap 57491256k(30678836k free)

vm_info: OpenJDK 64-Bit Server VM (25.402-b08) for windows-amd64 JRE (1.8.0_402-b08), built on Jan 18 2024 20:56:13 by "Administrator" with MS VC++ 15.9 (VS2017)

time: Mon Apr 15 16:54:14 2024
timezone: Intel64 Family 6 Model 165 Stepping 5, GenuineIntel
elapsed time: 16.148071 seconds (0d 0h 0m 16s)

