#
# A fatal error has been detected by the Java Runtime Environment:
#
#  EXCEPTION_ACCESS_VIOLATION (0xc0000005) at pc=0x000000006581bd62, pid=12652, tid=0x0000000000000970
#
# JRE version: OpenJDK Runtime Environment (8.0_402-b08) (build 1.8.0_402-b08)
# Java VM: OpenJDK 64-Bit Server VM (25.402-b08 mixed mode windows-amd64 compressed oops)
# Problematic frame:
# V  [jvm.dll+0x3dbd62]
#
# Failed to write core dump. Minidumps are not enabled by default on client versions of Windows
#
# If you would like to submit a bug report, please visit:
#   https://github.com/corretto/corretto-8/issues/
#

---------------  T H R E A D  ---------------

Current thread (0x0000017a54abc000):  GCTaskThread [stack: 0x000000038e800000,0x000000038e900000] [id=2416]

siginfo: ExceptionCode=0xc0000005, reading address 0x00000000f8010dac

Registers:
RAX=0x00000000f8010dac, RBX=0x000000071ebcc1e4, RCX=0x0000000000000007, RDX=0x0000000000000000
RSP=0x000000038e8ff6f0, RBP=0x000000038e8ff7f0, RSI=0x00000006d20a3110, RDI=0x0000000000000001
R8 =0x00000006d20a3108, R9 =0x1fffffffffffffff, R10=0x00000000f8010dac, R11=0x000000038e8ff750
R12=0x0000017a54abc901, R13=0x0000000000000000, R14=0x0000017a023b1b80, R15=0x00000000f8010dac
RIP=0x000000006581bd62, EFLAGS=0x0000000000010206

Top of Stack: (sp=0x000000038e8ff6f0)
0x000000038e8ff6f0:   000000071ebcc1d8 000000071ebcc1f0
0x000000038e8ff700:   0000000000000002 00007ffe03d10d3e
0x000000038e8ff710:   0000000000000002 00000004e4600000
0x000000038e8ff720:   000000071ebcc1d8 000000006553588f
0x000000038e8ff730:   000000071ebcc1d9 000000071ebcc1d8
0x000000038e8ff740:   0000017a54a9d2a0 0000000000000000
0x000000038e8ff750:   0000017a023b1c20 0000000000000000
0x000000038e8ff760:   0000000000000000 0000017a54abc901
0x000000038e8ff770:   00098e4c0001c97e 000000006581caf7
0x000000038e8ff780:   000000071ebcc1e4 000000000000001d
0x000000038e8ff790:   000000038e8ff7f0 0000017a023b1b80
0x000000038e8ff7a0:   00098e4c0001c97e 000000006562c96d
0x000000038e8ff7b0:   000b34700001c779 00098e4b0001c97e
0x000000038e8ff7c0:   00098e4c0001c97e 000b34700001c779
0x000000038e8ff7d0:   0000000065a635f8 0000000000000000
0x000000038e8ff7e0:   0000017a54abc950 0000017a54abc940 

Instructions: (pc=0x000000006581bd62)
0x000000006581bd42:   00 48 8b ca 45 32 ed e8 e2 82 cb ff 48 63 f8 41
0x000000006581bd52:   0f b6 c7 f6 d0 a8 01 74 0c 49 8b c7 48 83 e0 fd
0x000000006581bd62:   48 8b 28 eb 03 49 8b ef 48 c1 ed 03 83 e5 0f 3b
0x000000006581bd72:   2d a1 7b 40 00 0f 83 39 01 00 00 48 8b d7 49 8b 


Register to memory mapping:

RAX=0x00000000f8010dac is an unknown value
RBX=0x000000071ebcc1e4 is an unknown value
RCX=0x0000000000000007 is an unknown value
RDX=0x0000000000000000 is an unknown value
RSP=0x000000038e8ff6f0 is an unknown value
RBP=0x000000038e8ff7f0 is an unknown value
RSI=0x00000006d20a3110 is an unknown value
RDI=0x0000000000000001 is an unknown value
R8 =0x00000006d20a3108 is an oop
java.util.concurrent.LinkedBlockingQueue$Node 
 - klass: 'java/util/concurrent/LinkedBlockingQueue$Node'
R9 =0x1fffffffffffffff is an unknown value
R10=0x00000000f8010dac is an unknown value
R11=0x000000038e8ff750 is an unknown value
R12=0x0000017a54abc901 is an unknown value
R13=0x0000000000000000 is an unknown value
R14=0x0000017a023b1b80 is an unknown value
R15=0x00000000f8010dac is an unknown value


Stack: [0x000000038e800000,0x000000038e900000],  sp=0x000000038e8ff6f0,  free space=1021k
Native frames: (J=compiled Java code, j=interpreted, Vv=VM code, C=native code)
V  [jvm.dll+0x3dbd62]
V  [jvm.dll+0x3dcaf7]
V  [jvm.dll+0x3dfc6f]
V  [jvm.dll+0x3ce109]
V  [jvm.dll+0x26dfc6]
C  [ucrtbase.dll+0x21bb2]
C  [KERNEL32.DLL+0x17344]
C  [ntdll.dll+0x526b1]


---------------  P R O C E S S  ---------------

Java Threads: ( => current thread )
  0x0000017a0917f800 JavaThread "logback-2" daemon [_thread_blocked, id=16796, stack(0x0000000391200000,0x0000000391300000)]
  0x0000017a0aa12000 JavaThread "HikariPool-1 housekeeper" daemon [_thread_blocked, id=16520, stack(0x0000000391100000,0x0000000391200000)]
  0x0000017a0aa11000 JavaThread "redisson-netty-2-13" [_thread_in_native, id=17180, stack(0x0000000391000000,0x0000000391100000)]
  0x0000017a0aa0e000 JavaThread "redisson-netty-2-12" [_thread_in_native, id=14348, stack(0x0000000390f00000,0x0000000391000000)]
  0x0000017a0aa10000 JavaThread "redisson-netty-2-11" [_thread_in_native, id=3728, stack(0x0000000390e00000,0x0000000390f00000)]
  0x0000017a0aa0f800 JavaThread "redisson-netty-2-10" [_thread_in_native, id=19272, stack(0x0000000390d00000,0x0000000390e00000)]
  0x0000017a0aa14000 JavaThread "redisson-netty-2-9" [_thread_in_native, id=8252, stack(0x0000000390c00000,0x0000000390d00000)]
  0x0000017a0aa0e800 JavaThread "redisson-netty-2-8" [_thread_in_native, id=6480, stack(0x0000000390b00000,0x0000000390c00000)]
  0x0000017a0aa13800 JavaThread "redisson-netty-2-7" [_thread_in_native, id=16984, stack(0x0000000390a00000,0x0000000390b00000)]
  0x0000017a041e0800 JavaThread "redisson-netty-2-6" [_thread_in_native, id=15900, stack(0x0000000390900000,0x0000000390a00000)]
  0x0000017a041df800 JavaThread "redisson-netty-2-5" [_thread_in_native, id=18800, stack(0x0000000390800000,0x0000000390900000)]
  0x0000017a041df000 JavaThread "redisson-netty-2-4" [_thread_in_native, id=18164, stack(0x0000000390700000,0x0000000390800000)]
  0x0000017a041dd800 JavaThread "redisson-timer-4-1" [_thread_blocked, id=19884, stack(0x0000000390600000,0x0000000390700000)]
  0x0000017a0c0ce800 JavaThread "redisson-netty-2-3" [_thread_in_native, id=16704, stack(0x0000000390400000,0x0000000390500000)]
  0x0000017a071a4000 JavaThread "redisson-netty-2-2" [_thread_in_native, id=9028, stack(0x0000000390300000,0x0000000390400000)]
  0x0000017a0be53800 JavaThread "redisson-netty-2-1" [_thread_in_native, id=5288, stack(0x0000000390200000,0x0000000390300000)]
  0x0000017a08033800 JavaThread "Thread-4" daemon [_thread_in_native, id=2772, stack(0x0000000390100000,0x0000000390200000)]
  0x0000017a07fb8000 JavaThread "mysql-cj-abandoned-connection-cleanup" daemon [_thread_blocked, id=10548, stack(0x0000000390000000,0x0000000390100000)]
  0x0000017a076f6800 JavaThread "AsyncAppender-Worker-ASYNC_FILE_ERROR" daemon [_thread_blocked, id=20072, stack(0x000000038ff00000,0x0000000390000000)]
  0x0000017a0728d800 JavaThread "AsyncAppender-Worker-ASYNC_FILE_INFO" daemon [_thread_blocked, id=4220, stack(0x000000038fe00000,0x000000038ff00000)]
  0x0000017a07922000 JavaThread "logback-1" daemon [_thread_blocked, id=11160, stack(0x000000038fd00000,0x000000038fe00000)]
  0x0000017a042f1800 JavaThread "Service Thread" daemon [_thread_blocked, id=8884, stack(0x000000038fb00000,0x000000038fc00000)]
  0x0000017a041e3800 JavaThread "C1 CompilerThread11" daemon [_thread_blocked, id=12200, stack(0x000000038fa00000,0x000000038fb00000)]
  0x0000017a041e2000 JavaThread "C1 CompilerThread10" daemon [_thread_blocked, id=3116, stack(0x000000038f900000,0x000000038fa00000)]
  0x0000017a041e1800 JavaThread "C1 CompilerThread9" daemon [_thread_blocked, id=8764, stack(0x000000038f800000,0x000000038f900000)]
  0x0000017a041e3000 JavaThread "C1 CompilerThread8" daemon [_thread_blocked, id=17152, stack(0x000000038f700000,0x000000038f800000)]
  0x0000017a041de000 JavaThread "C2 CompilerThread7" daemon [_thread_blocked, id=3204, stack(0x000000038f600000,0x000000038f700000)]
  0x0000017a041c0000 JavaThread "C2 CompilerThread6" daemon [_thread_blocked, id=2768, stack(0x000000038f500000,0x000000038f600000)]
  0x0000017a041b6800 JavaThread "C2 CompilerThread5" daemon [_thread_blocked, id=7592, stack(0x000000038f400000,0x000000038f500000)]
  0x0000017a041b2800 JavaThread "C2 CompilerThread4" daemon [_thread_blocked, id=19528, stack(0x000000038f300000,0x000000038f400000)]
  0x0000017a041aa800 JavaThread "C2 CompilerThread3" daemon [_thread_blocked, id=13016, stack(0x000000038f200000,0x000000038f300000)]
  0x0000017a041a9800 JavaThread "C2 CompilerThread2" daemon [_thread_blocked, id=9008, stack(0x000000038f100000,0x000000038f200000)]
  0x0000017a041a6800 JavaThread "C2 CompilerThread1" daemon [_thread_blocked, id=14828, stack(0x000000038f000000,0x000000038f100000)]
  0x0000017a041a4800 JavaThread "C2 CompilerThread0" daemon [_thread_blocked, id=18508, stack(0x000000038ef00000,0x000000038f000000)]
  0x0000017a041a2000 JavaThread "Monitor Ctrl-Break" daemon [_thread_in_native, id=19516, stack(0x000000038ee00000,0x000000038ef00000)]
  0x0000017a04150800 JavaThread "Attach Listener" daemon [_thread_blocked, id=16716, stack(0x000000038ed00000,0x000000038ee00000)]
  0x0000017a040f1000 JavaThread "Signal Dispatcher" daemon [_thread_blocked, id=7012, stack(0x000000038ec00000,0x000000038ed00000)]
  0x0000017a023be000 JavaThread "Finalizer" daemon [_thread_blocked, id=1520, stack(0x000000038eb00000,0x000000038ec00000)]
  0x0000017a040e2000 JavaThread "Reference Handler" daemon [_thread_blocked, id=7744, stack(0x000000038ea00000,0x000000038eb00000)]
  0x0000017a54a79000 JavaThread "main" [_thread_blocked, id=20008, stack(0x000000038db00000,0x000000038dc00000)]

Other Threads:
  0x0000017a040c0800 VMThread [stack: 0x000000038e900000,0x000000038ea00000] [id=9744]
  0x0000017a042f6000 WatcherThread [stack: 0x000000038fc00000,0x000000038fd00000] [id=19192]

=>0x0000017a54abc000 (exited) GCTaskThread [stack: 0x000000038e800000,0x000000038e900000] [id=2416]

VM state:at safepoint (normal execution)

VM Mutex/Monitor currently owned by a thread:  ([mutex/lock_event])
[0x0000017a54a8d5f0] Threads_lock - owner thread: 0x0000017a040c0800
[0x0000017a54a8e770] Heap_lock - owner thread: 0x0000017a54a79000

heap address: 0x00000004c2c00000, size: 12244 MB, Compressed Oops mode: Zero based, Oop shift amount: 3
Narrow klass base: 0x0000000000000000, Narrow klass shift: 3
Compressed class space size: 1073741824 Address: 0x00000007c0000000

Heap:
 PSYoungGen      total 952832K, used 952813K [0x00000006c0f00000, 0x000000072e580000, 0x00000007c0000000)
  eden space 616960K, 100% used [0x00000006c0f00000,0x00000006e6980000,0x00000006e6980000)
  from space 335872K, 99% used [0x00000006e6980000,0x00000006fb17b428,0x00000006fb180000)
  to   space 494592K, 51% used [0x0000000710280000,0x000000071fb73428,0x000000072e580000)
 ParOldGen       total 1697792K, used 917542K [0x00000004c2c00000, 0x000000052a600000, 0x00000006c0f00000)
  object space 1697792K, 54% used [0x00000004c2c00000,0x00000004fac098a0,0x000000052a600000)
 Metaspace       used 64658K, capacity 67820K, committed 68056K, reserved 1107968K
  class space    used 8600K, capacity 9173K, committed 9216K, reserved 1048576K

Card table byte_map: [0x0000017a65800000,0x0000017a66ff0000] byte_map_base: 0x0000017a631ea000

Marking Bits: (ParMarkBitMap*) 0x0000000065c23810
 Begin Bits: [0x0000017a67ff0000, 0x0000017a73f40000)
 End Bits:   [0x0000017a73f40000, 0x0000017a7fe90000)

Polling page: 0x0000017a54b40000

CodeCache: size=245760Kb used=23841Kb max_used=23842Kb free=221918Kb
 bounds [0x0000017a56440000, 0x0000017a57ba0000, 0x0000017a65440000]
 total_blobs=6284 nmethods=5671 adapters=521
 compilation: enabled

Compilation events (10 events):
Event: 10.519 Thread 0x0000017a041a4800 6426       4       java.lang.reflect.Constructor::newInstance (87 bytes)
Event: 10.521 Thread 0x0000017a041a4800 nmethod 6426 0x0000017a57b99850 code [0x0000017a57b999e0, 0x0000017a57b99cd0]
Event: 10.914 Thread 0x0000017a041a6800 6427       4       java.util.concurrent.locks.ReentrantLock::<init> (16 bytes)
Event: 10.914 Thread 0x0000017a041a6800 nmethod 6427 0x0000017a57b8d550 code [0x0000017a57b8d6a0, 0x0000017a57b8d798]
Event: 10.943 Thread 0x0000017a041e3800 6428       3       io.netty.buffer.PoolChunk::<init> (139 bytes)
Event: 10.943 Thread 0x0000017a041e2000 6429       3       io.netty.buffer.LongLongHashMap::<init> (36 bytes)
Event: 10.943 Thread 0x0000017a041e1800 6430       3       io.netty.buffer.LongLongHashMap::computeMaskAndProbe (27 bytes)
Event: 10.943 Thread 0x0000017a041e2000 nmethod 6429 0x0000017a57b99290 code [0x0000017a57b99420, 0x0000017a57b99758]
Event: 10.943 Thread 0x0000017a041e1800 nmethod 6430 0x0000017a57b723d0 code [0x0000017a57b72540, 0x0000017a57b72718]
Event: 10.944 Thread 0x0000017a041e3800 nmethod 6428 0x0000017a57b97010 code [0x0000017a57b97280, 0x0000017a57b984d0]

GC Heap History (10 events):
Event: 6.350 GC heap after
Heap after GC invocations=11 (full 3):
 PSYoungGen      total 496128K, used 20454K [0x00000006c0f00000, 0x00000006eb300000, 0x00000007c0000000)
  eden space 475648K, 0% used [0x00000006c0f00000,0x00000006c0f00000,0x00000006ddf80000)
  from space 20480K, 99% used [0x00000006e1700000,0x00000006e2af98e0,0x00000006e2b00000)
  to   space 56832K, 0% used [0x00000006ddf80000,0x00000006ddf80000,0x00000006e1700000)
 ParOldGen       total 772096K, used 125250K [0x00000004c2c00000, 0x00000004f1e00000, 0x00000006c0f00000)
  object space 772096K, 16% used [0x00000004c2c00000,0x00000004ca650ab8,0x00000004f1e00000)
 Metaspace       used 64483K, capacity 67682K, committed 68056K, reserved 1107968K
  class space    used 8597K, capacity 9172K, committed 9216K, reserved 1048576K
}
Event: 6.515 GC heap before
{Heap before GC invocations=12 (full 3):
 PSYoungGen      total 496128K, used 496102K [0x00000006c0f00000, 0x00000006eb300000, 0x00000007c0000000)
  eden space 475648K, 100% used [0x00000006c0f00000,0x00000006ddf80000,0x00000006ddf80000)
  from space 20480K, 99% used [0x00000006e1700000,0x00000006e2af98e0,0x00000006e2b00000)
  to   space 56832K, 0% used [0x00000006ddf80000,0x00000006ddf80000,0x00000006e1700000)
 ParOldGen       total 772096K, used 125250K [0x00000004c2c00000, 0x00000004f1e00000, 0x00000006c0f00000)
  object space 772096K, 16% used [0x00000004c2c00000,0x00000004ca650ab8,0x00000004f1e00000)
 Metaspace       used 64483K, capacity 67682K, committed 68056K, reserved 1107968K
  class space    used 8597K, capacity 9172K, committed 9216K, reserved 1048576K
Event: 6.693 GC heap after
Heap after GC invocations=12 (full 3):
 PSYoungGen      total 532480K, used 56822K [0x00000006c0f00000, 0x000000070b080000, 0x00000007c0000000)
  eden space 475648K, 0% used [0x00000006c0f00000,0x00000006c0f00000,0x00000006ddf80000)
  from space 56832K, 99% used [0x00000006ddf80000,0x00000006e16fd890,0x00000006e1700000)
  to   space 243200K, 0% used [0x00000006fc300000,0x00000006fc300000,0x000000070b080000)
 ParOldGen       total 772096K, used 562114K [0x00000004c2c00000, 0x00000004f1e00000, 0x00000006c0f00000)
  object space 772096K, 72% used [0x00000004c2c00000,0x00000004e50f0ad8,0x00000004f1e00000)
 Metaspace       used 64483K, capacity 67682K, committed 68056K, reserved 1107968K
  class space    used 8597K, capacity 9172K, committed 9216K, reserved 1048576K
}
Event: 6.693 GC heap before
{Heap before GC invocations=13 (full 4):
 PSYoungGen      total 532480K, used 56822K [0x00000006c0f00000, 0x000000070b080000, 0x00000007c0000000)
  eden space 475648K, 0% used [0x00000006c0f00000,0x00000006c0f00000,0x00000006ddf80000)
  from space 56832K, 99% used [0x00000006ddf80000,0x00000006e16fd890,0x00000006e1700000)
  to   space 243200K, 0% used [0x00000006fc300000,0x00000006fc300000,0x000000070b080000)
 ParOldGen       total 772096K, used 562114K [0x00000004c2c00000, 0x00000004f1e00000, 0x00000006c0f00000)
  object space 772096K, 72% used [0x00000004c2c00000,0x00000004e50f0ad8,0x00000004f1e00000)
 Metaspace       used 64483K, capacity 67682K, committed 68056K, reserved 1107968K
  class space    used 8597K, capacity 9172K, committed 9216K, reserved 1048576K
Event: 8.224 GC heap after
Heap after GC invocations=13 (full 4):
 PSYoungGen      total 532480K, used 0K [0x00000006c0f00000, 0x000000070b080000, 0x00000007c0000000)
  eden space 475648K, 0% used [0x00000006c0f00000,0x00000006c0f00000,0x00000006ddf80000)
  from space 56832K, 0% used [0x00000006ddf80000,0x00000006ddf80000,0x00000006e1700000)
  to   space 243200K, 0% used [0x00000006fc300000,0x00000006fc300000,0x000000070b080000)
 ParOldGen       total 1697792K, used 528006K [0x00000004c2c00000, 0x000000052a600000, 0x00000006c0f00000)
  object space 1697792K, 31% used [0x00000004c2c00000,0x00000004e2fa18a0,0x000000052a600000)
 Metaspace       used 64483K, capacity 67682K, committed 68056K, reserved 1107968K
  class space    used 8597K, capacity 9172K, committed 9216K, reserved 1048576K
}
Event: 8.763 GC heap before
{Heap before GC invocations=14 (full 4):
 PSYoungGen      total 532480K, used 475648K [0x00000006c0f00000, 0x000000070b080000, 0x00000007c0000000)
  eden space 475648K, 100% used [0x00000006c0f00000,0x00000006ddf80000,0x00000006ddf80000)
  from space 56832K, 0% used [0x00000006ddf80000,0x00000006ddf80000,0x00000006e1700000)
  to   space 243200K, 0% used [0x00000006fc300000,0x00000006fc300000,0x000000070b080000)
 ParOldGen       total 1697792K, used 528006K [0x00000004c2c00000, 0x000000052a600000, 0x00000006c0f00000)
  object space 1697792K, 31% used [0x00000004c2c00000,0x00000004e2fa18a0,0x000000052a600000)
 Metaspace       used 64639K, capacity 67816K, committed 68056K, reserved 1107968K
  class space    used 8600K, capacity 9173K, committed 9216K, reserved 1048576K
Event: 8.924 GC heap after
Heap after GC invocations=14 (full 4):
 PSYoungGen      total 860160K, used 243181K [0x00000006c0f00000, 0x000000070f980000, 0x00000007c0000000)
  eden space 616960K, 0% used [0x00000006c0f00000,0x00000006c0f00000,0x00000006e6980000)
  from space 243200K, 99% used [0x00000006fc300000,0x000000070b07b428,0x000000070b080000)
  to   space 335872K, 0% used [0x00000006e6980000,0x00000006e6980000,0x00000006fb180000)
 ParOldGen       total 1697792K, used 656838K [0x00000004c2c00000, 0x000000052a600000, 0x00000006c0f00000)
  object space 1697792K, 38% used [0x00000004c2c00000,0x00000004ead718a0,0x000000052a600000)
 Metaspace       used 64639K, capacity 67816K, committed 68056K, reserved 1107968K
  class space    used 8600K, capacity 9173K, committed 9216K, reserved 1048576K
}
Event: 10.163 GC heap before
{Heap before GC invocations=15 (full 4):
 PSYoungGen      total 860160K, used 860141K [0x00000006c0f00000, 0x000000070f980000, 0x00000007c0000000)
  eden space 616960K, 100% used [0x00000006c0f00000,0x00000006e6980000,0x00000006e6980000)
  from space 243200K, 99% used [0x00000006fc300000,0x000000070b07b428,0x000000070b080000)
  to   space 335872K, 0% used [0x00000006e6980000,0x00000006e6980000,0x00000006fb180000)
 ParOldGen       total 1697792K, used 656838K [0x00000004c2c00000, 0x000000052a600000, 0x00000006c0f00000)
  object space 1697792K, 38% used [0x00000004c2c00000,0x00000004ead718a0,0x000000052a600000)
 Metaspace       used 64657K, capacity 67820K, committed 68056K, reserved 1107968K
  class space    used 8600K, capacity 9173K, committed 9216K, reserved 1048576K
Event: 10.387 GC heap after
Heap after GC invocations=15 (full 4):
 PSYoungGen      total 952832K, used 335853K [0x00000006c0f00000, 0x000000072e580000, 0x00000007c0000000)
  eden space 616960K, 0% used [0x00000006c0f00000,0x00000006c0f00000,0x00000006e6980000)
  from space 335872K, 99% used [0x00000006e6980000,0x00000006fb17b428,0x00000006fb180000)
  to   space 494592K, 0% used [0x0000000710280000,0x0000000710280000,0x000000072e580000)
 ParOldGen       total 1697792K, used 917534K [0x00000004c2c00000, 0x000000052a600000, 0x00000006c0f00000)
  object space 1697792K, 54% used [0x00000004c2c00000,0x00000004fac078a0,0x000000052a600000)
 Metaspace       used 64657K, capacity 67820K, committed 68056K, reserved 1107968K
  class space    used 8600K, capacity 9173K, committed 9216K, reserved 1048576K
}
Event: 11.606 GC heap before
{Heap before GC invocations=16 (full 4):
 PSYoungGen      total 952832K, used 952813K [0x00000006c0f00000, 0x000000072e580000, 0x00000007c0000000)
  eden space 616960K, 100% used [0x00000006c0f00000,0x00000006e6980000,0x00000006e6980000)
  from space 335872K, 99% used [0x00000006e6980000,0x00000006fb17b428,0x00000006fb180000)
  to   space 494592K, 0% used [0x0000000710280000,0x0000000710280000,0x000000072e580000)
 ParOldGen       total 1697792K, used 917534K [0x00000004c2c00000, 0x000000052a600000, 0x00000006c0f00000)
  object space 1697792K, 54% used [0x00000004c2c00000,0x00000004fac078a0,0x000000052a600000)
 Metaspace       used 64658K, capacity 67820K, committed 68056K, reserved 1107968K
  class space    used 8600K, capacity 9173K, committed 9216K, reserved 1048576K

Deoptimization events (10 events):
Event: 5.631 Thread 0x0000017a0aa12800 Uncommon trap: reason=unstable_if action=reinterpret pc=0x0000017a57209cac method=java.nio.Buffer.<init>(IIII)V @ 66
Event: 5.632 Thread 0x0000017a0aa12800 Uncommon trap: reason=loop_limit_check action=maybe_recompile pc=0x0000017a575c8f90 method=java.math.BigInteger.implMulAdd([I[IIII)I @ 29
Event: 5.801 Thread 0x0000017a54a79000 Uncommon trap: reason=unstable_if action=reinterpret pc=0x0000017a57a857b8 method=cn.chaZ.domain.strategy.service.armory.StrategyArmory.assembleLotteryStrategy(Ljava/lang/Long;)Z @ 173
Event: 5.849 Thread 0x0000017a54a79000 Uncommon trap: reason=unloaded action=reinterpret pc=0x0000017a571db48c method=cn.chaZ.domain.strategy.service.armory.StrategyArmory.assembleLotteryStrategy(Ljava/lang/Long;)Z @ 195
Event: 5.947 Thread 0x0000017a54a79000 Uncommon trap: reason=unstable_if action=reinterpret pc=0x0000017a571cda48 method=java.util.Random.nextInt(I)I @ 28
Event: 6.279 Thread 0x0000017a54a79000 Uncommon trap: reason=unstable_if action=reinterpret pc=0x0000017a571cce80 method=java.util.Collections.shuffle(Ljava/util/List;Ljava/util/Random;)V @ 23
Event: 8.255 Thread 0x0000017a54a79000 Uncommon trap: reason=unstable_if action=reinterpret pc=0x0000017a57432868 method=cn.chaZ.domain.strategy.service.armory.StrategyArmory.assembleLotteryStrategy(Ljava/lang/Long;)Z @ 217
Event: 8.256 Thread 0x0000017a54a79000 Uncommon trap: reason=class_check action=maybe_recompile pc=0x0000017a56ebbdc4 method=java.util.concurrent.ConcurrentMap.computeIfAbsent(Ljava/lang/Object;Ljava/util/function/Function;)Ljava/lang/Object; @ 7
Event: 8.297 Thread 0x0000017a54a79000 Uncommon trap: reason=unstable_if action=reinterpret pc=0x0000017a57af00b0 method=com.esotericsoftware.kryo.io.Output.writeVarInt(IZ)I @ 61
Event: 9.222 Thread 0x0000017a54a79000 Uncommon trap: reason=unstable_if action=reinterpret pc=0x0000017a57b135a4 method=com.esotericsoftware.kryo.io.Output.writeVarInt(IZ)I @ 116

Classes redefined (0 events):
No events

Internal exceptions (10 events):
Event: 4.864 Thread 0x0000017a54a79000 Exception <a 'java/lang/ClassNotFoundException': org/springframework/boot/actuate/autoconfigure/web/server/ManagementContextAutoConfigurationCustomizer> (0x00000006c6d48ca0) thrown at [C:\wsjdk\Corretto8Src\installers\windows\zip\corretto-build\buildRoot\
Event: 4.864 Thread 0x0000017a54a79000 Exception <a 'java/lang/ClassNotFoundException': java/lang/ObjectCustomizer> (0x00000006c6d60028) thrown at [C:\wsjdk\Corretto8Src\installers\windows\zip\corretto-build\buildRoot\hotspot\src\share\vm\classfile\systemDictionary.cpp, line 217]
Event: 4.865 Thread 0x0000017a54a79000 Exception <a 'java/lang/ClassNotFoundException': org/springframework/boot/actuate/autoconfigure/web/server/ManagementServerPropertiesCustomizer> (0x00000006c6da3448) thrown at [C:\wsjdk\Corretto8Src\installers\windows\zip\corretto-build\buildRoot\hotspot\
Event: 4.890 Thread 0x0000017a54a79000 Exception <a 'java/lang/NoSuchMethodError': java.lang.Object.lambda$builder$0(Ljava/util/function/Supplier;)D> (0x00000006c6f8e258) thrown at [C:\wsjdk\Corretto8Src\installers\windows\zip\corretto-build\buildRoot\hotspot\src\share\vm\interpreter\linkResol
Event: 4.907 Thread 0x0000017a54a79000 Implicit null exception at 0x0000017a56e256c1 to 0x0000017a56e257d9
Event: 4.926 Thread 0x0000017a54a79000 Exception <a 'java/lang/ClassNotFoundException': java/lang/ObjectCustomizer> (0x00000006c7317f68) thrown at [C:\wsjdk\Corretto8Src\installers\windows\zip\corretto-build\buildRoot\hotspot\src\share\vm\classfile\systemDictionary.cpp, line 217]
Event: 4.926 Thread 0x0000017a54a79000 Exception <a 'java/lang/ClassNotFoundException': cn/chaZ/test/domain/StrategyTestCustomizer> (0x00000006c733fdc0) thrown at [C:\wsjdk\Corretto8Src\installers\windows\zip\corretto-build\buildRoot\hotspot\src\share\vm\classfile\systemDictionary.cpp, line 21
Event: 4.951 Thread 0x0000017a54a79000 Exception <a 'java/lang/ClassNotFoundException': java/lang/Module> (0x00000006c773fd60) thrown at [C:\wsjdk\Corretto8Src\installers\windows\zip\corretto-build\buildRoot\hotspot\src\share\vm\classfile\systemDictionary.cpp, line 217]
Event: 4.973 Thread 0x0000017a54a79000 Exception <a 'java/lang/ClassNotFoundException': java/lang/Module> (0x00000006c79a99d0) thrown at [C:\wsjdk\Corretto8Src\installers\windows\zip\corretto-build\buildRoot\hotspot\src\share\vm\classfile\systemDictionary.cpp, line 217]
Event: 5.600 Thread 0x0000017a54a79000 Exception <a 'java/lang/NoSuchMethodError': java.lang.Object.lambda$minBy$0(Ljava/util/Comparator;Ljava/lang/Object;Ljava/lang/Object;)Ljava/lang/Object;> (0x00000006c5c677e0) thrown at [C:\wsjdk\Corretto8Src\installers\windows\zip\corretto-build\buildRoo

Events (10 events):
Event: 9.222 Thread 0x0000017a54a79000 Uncommon trap: trap_request=0xffffff65 fr.pc=0x0000017a57b135a4
Event: 9.222 Thread 0x0000017a54a79000 DEOPT PACKING pc=0x0000017a57b135a4 sp=0x000000038dbfd570
Event: 9.222 Thread 0x0000017a54a79000 DEOPT UNPACKING pc=0x0000017a56485583 sp=0x000000038dbfd500 mode 2
Event: 10.163 Executing VM operation: ParallelGCFailedAllocation
Event: 10.387 Executing VM operation: ParallelGCFailedAllocation done
Event: 10.784 Executing VM operation: RevokeBias
Event: 10.784 Executing VM operation: RevokeBias done
Event: 10.784 Thread 0x0000017a0aa12800 Thread exited: 0x0000017a0aa12800
Event: 10.960 Thread 0x0000017a0917f800 Thread added: 0x0000017a0917f800
Event: 11.606 Executing VM operation: ParallelGCFailedAllocation


Dynamic libraries:
0x00007ff68dc60000 - 0x00007ff68dca6000 	D:\Program Files\develop\Java\jdk1.8\bin\java.exe
0x00007ffe05ff0000 - 0x00007ffe061e8000 	C:\Windows\SYSTEM32\ntdll.dll
0x00007ffe04aa0000 - 0x00007ffe04b5d000 	C:\Windows\System32\KERNEL32.DLL
0x00007ffe03cf0000 - 0x00007ffe03fe6000 	C:\Windows\System32\KERNELBASE.dll
0x00007ffe04020000 - 0x00007ffe040d0000 	C:\Windows\System32\ADVAPI32.dll
0x00007ffe05200000 - 0x00007ffe0529e000 	C:\Windows\System32\msvcrt.dll
0x00007ffe04bc0000 - 0x00007ffe04c60000 	C:\Windows\System32\sechost.dll
0x00007ffe04c60000 - 0x00007ffe04d83000 	C:\Windows\System32\RPCRT4.dll
0x00007ffe03ff0000 - 0x00007ffe04017000 	C:\Windows\System32\bcrypt.dll
0x00007ffe04900000 - 0x00007ffe04a9f000 	C:\Windows\System32\USER32.dll
0x00007ffe039c0000 - 0x00007ffe039e2000 	C:\Windows\System32\win32u.dll
0x00007ffe053f0000 - 0x00007ffe0541b000 	C:\Windows\System32\GDI32.dll
0x00007ffe036a0000 - 0x00007ffe037b7000 	C:\Windows\System32\gdi32full.dll
0x00007ffe039f0000 - 0x00007ffe03a8d000 	C:\Windows\System32\msvcp_win.dll
0x00007ffe03830000 - 0x00007ffe03930000 	C:\Windows\System32\ucrtbase.dll
0x00007ffdf38e0000 - 0x00007ffdf3b7a000 	C:\Windows\WinSxS\amd64_microsoft.windows.common-controls_6595b64144ccf1df_6.0.19041.3636_none_60b6a03d71f818d5\COMCTL32.dll
0x00007ffe040d0000 - 0x00007ffe04102000 	C:\Windows\System32\IMM32.DLL
0x00007ffd99db0000 - 0x00007ffd99dc5000 	D:\Program Files\develop\Java\jdk1.8\jre\bin\vcruntime140.dll
0x00007ffd7ccd0000 - 0x00007ffd7cd6b000 	D:\Program Files\develop\Java\jdk1.8\jre\bin\msvcp140.dll
0x0000000065440000 - 0x0000000065c9c000 	D:\Program Files\develop\Java\jdk1.8\jre\bin\server\jvm.dll
0x00007ffe05090000 - 0x00007ffe05098000 	C:\Windows\System32\PSAPI.DLL
0x00007ffdfdde0000 - 0x00007ffdfdde9000 	C:\Windows\SYSTEM32\WSOCK32.dll
0x00007ffdfcd20000 - 0x00007ffdfcd2a000 	C:\Windows\SYSTEM32\VERSION.dll
0x00007ffdf6730000 - 0x00007ffdf6757000 	C:\Windows\SYSTEM32\WINMM.dll
0x00007ffe050a0000 - 0x00007ffe0510b000 	C:\Windows\System32\WS2_32.dll
0x00007ffe01510000 - 0x00007ffe01522000 	C:\Windows\SYSTEM32\kernel.appcore.dll
0x00007ffdb7cd0000 - 0x00007ffdb7ce0000 	D:\Program Files\develop\Java\jdk1.8\jre\bin\verify.dll
0x00007ffd926c0000 - 0x00007ffd926eb000 	D:\Program Files\develop\Java\jdk1.8\jre\bin\java.dll
0x00007ffdd8e10000 - 0x00007ffdd8e42000 	D:\Program Files\develop\Java\jdk1.8\jre\bin\instrument.dll
0x00007ffd91e40000 - 0x00007ffd91e58000 	D:\Program Files\develop\Java\jdk1.8\jre\bin\zip.dll
0x00007ffe04110000 - 0x00007ffe0487b000 	C:\Windows\System32\SHELL32.dll
0x00007ffe01710000 - 0x00007ffe01eae000 	C:\Windows\SYSTEM32\windows.storage.dll
0x00007ffe05c50000 - 0x00007ffe05fa3000 	C:\Windows\System32\combase.dll
0x00007ffe02ff0000 - 0x00007ffe0301e000 	C:\Windows\SYSTEM32\Wldp.dll
0x00007ffe05890000 - 0x00007ffe0595d000 	C:\Windows\System32\OLEAUT32.dll
0x00007ffe05b10000 - 0x00007ffe05bbd000 	C:\Windows\System32\SHCORE.dll
0x00007ffe05370000 - 0x00007ffe053c5000 	C:\Windows\System32\shlwapi.dll
0x00007ffe035d0000 - 0x00007ffe035f3000 	C:\Windows\SYSTEM32\profapi.dll
0x00007ffde1920000 - 0x00007ffde193a000 	D:\Program Files\JetBrains\IntelliJ IDEA 2022.1.3\bin\breakgen64.dll
0x00007ffd91b30000 - 0x00007ffd91b4c000 	D:\Program Files\develop\Java\jdk1.8\jre\bin\net.dll
0x00007ffe02dd0000 - 0x00007ffe02e3a000 	C:\Windows\system32\mswsock.dll
0x00007ffd7a450000 - 0x00007ffd7a463000 	D:\Program Files\develop\Java\jdk1.8\jre\bin\nio.dll
0x00007ffdfdd50000 - 0x00007ffdfdd5d000 	D:\Program Files\develop\Java\jdk1.8\jre\bin\management.dll
0x00007ffdd50e0000 - 0x00007ffdd50f7000 	C:\Windows\system32\napinsp.dll
0x00007ffdd50c0000 - 0x00007ffdd50db000 	C:\Windows\system32\pnrpnsp.dll
0x00007ffdfe130000 - 0x00007ffdfe145000 	C:\Windows\system32\wshbth.dll
0x00007ffdff000000 - 0x00007ffdff01d000 	C:\Windows\system32\NLAapi.dll
0x00007ffe02a80000 - 0x00007ffe02abb000 	C:\Windows\SYSTEM32\IPHLPAPI.DLL
0x00007ffe02ac0000 - 0x00007ffe02b8b000 	C:\Windows\SYSTEM32\DNSAPI.dll
0x00007ffe05300000 - 0x00007ffe05308000 	C:\Windows\System32\NSI.dll
0x00007ffdd50a0000 - 0x00007ffdd50b2000 	C:\Windows\System32\winrnr.dll
0x00007ffdfac50000 - 0x00007ffdfac5a000 	C:\Windows\System32\rasadhlp.dll
0x00007ffdf82c0000 - 0x00007ffdf8340000 	C:\Windows\System32\fwpuclnt.dll
0x00007ffe03030000 - 0x00007ffe03048000 	C:\Windows\SYSTEM32\CRYPTSP.dll
0x00007ffe026a0000 - 0x00007ffe026d4000 	C:\Windows\system32\rsaenh.dll
0x00007ffe03590000 - 0x00007ffe035be000 	C:\Windows\SYSTEM32\USERENV.dll
0x00007ffe03930000 - 0x00007ffe039b2000 	C:\Windows\System32\bcryptprimitives.dll
0x00007ffe02f60000 - 0x00007ffe02f6c000 	C:\Windows\SYSTEM32\CRYPTBASE.dll
0x00007ffdfcd00000 - 0x00007ffdfcd17000 	C:\Windows\SYSTEM32\dhcpcsvc6.DLL
0x00007ffdfcc80000 - 0x00007ffdfcc9d000 	C:\Windows\SYSTEM32\dhcpcsvc.DLL
0x00007ffdfa190000 - 0x00007ffdfa1b4000 	D:\Program Files\develop\Java\jdk1.8\jre\bin\sunec.dll
0x00007ffdfdd60000 - 0x00007ffdfdd6e000 	D:\Program Files\develop\Java\jdk1.8\jre\bin\sunmscapi.dll
0x00007ffe03b90000 - 0x00007ffe03cee000 	C:\Windows\System32\CRYPT32.dll
0x00007ffe03140000 - 0x00007ffe03168000 	C:\Windows\SYSTEM32\ncrypt.dll
0x00007ffe03100000 - 0x00007ffe0313b000 	C:\Windows\SYSTEM32\NTASN1.dll
0x00007ffdf45d0000 - 0x00007ffdf47b4000 	C:\Windows\SYSTEM32\dbghelp.dll

VM Arguments:
jvm_args: -ea -Didea.test.cyclic.buffer.size=1048576 -javaagent:D:\Program Files\JetBrains\IntelliJ IDEA 2022.1.3\lib\idea_rt.jar=50828:D:\Program Files\JetBrains\IntelliJ IDEA 2022.1.3\bin -Dfile.encoding=UTF-8 
java_command: com.intellij.rt.junit.JUnitStarter -ideVersion5 -junit4 cn.chaZ.test.domain.StrategyTest,test_strategyArmory
java_class_path (initial): D:\Program Files\JetBrains\IntelliJ IDEA 2022.1.3\lib\idea_rt.jar;D:\Program Files\JetBrains\IntelliJ IDEA 2022.1.3\plugins\junit\lib\junit5-rt.jar;D:\Program Files\JetBrains\IntelliJ IDEA 2022.1.3\plugins\junit\lib\junit-rt.jar;D:\Program Files\develop\Java\jdk1.8\jre\lib\charsets.jar;D:\Program Files\develop\Java\jdk1.8\jre\lib\ext\access-bridge-64.jar;D:\Program Files\develop\Java\jdk1.8\jre\lib\ext\cldrdata.jar;D:\Program Files\develop\Java\jdk1.8\jre\lib\ext\dnsns.jar;D:\Program Files\develop\Java\jdk1.8\jre\lib\ext\jaccess.jar;D:\Program Files\develop\Java\jdk1.8\jre\lib\ext\jfxrt.jar;D:\Program Files\develop\Java\jdk1.8\jre\lib\ext\localedata.jar;D:\Program Files\develop\Java\jdk1.8\jre\lib\ext\nashorn.jar;D:\Program Files\develop\Java\jdk1.8\jre\lib\ext\sunec.jar;D:\Program Files\develop\Java\jdk1.8\jre\lib\ext\sunjce_provider.jar;D:\Program Files\develop\Java\jdk1.8\jre\lib\ext\sunmscapi.jar;D:\Program Files\develop\Java\jdk1.8\jre\lib\ext\sunpkcs11.jar;D:\Program Files\develop\Java\jdk1.8\jre\lib\ext\zipfs.jar;D:\Program Files\develop\Java\jdk1.8\jre\lib\jce.jar;D:\Program Files\develop\Java\jdk1.8\jre\lib\jfr.jar;D:\Program Files\develop\Java\jdk1.8\jre\lib\jfxswt.jar;D:\Program Files\develop\Java\jdk1.8\jre\lib\jsse.jar;D:\Program Files\develop\Java\jdk1.8\jre\lib\management-agent.jar;D:\Program Files\develop\Java\jdk1.8\jre\lib\resources.jar;D:\Program Files\develop\Java\jdk1.8\jre\lib\rt.jar;G:\IdeaProjects\big-market\big-market-app\target\test-classes;G:\IdeaProjects\big-market\big-market-app\target\classes;C:\Users\kkk\.m2\repository\org\springframework\boot\spring-boot-starter-web\2.7.12\spring-boot-starter-web-2.7.12.jar;C:\Users\kkk\.m2\repository\org\springframework\boot\spring-boot-starter\2.7.12\spring-boot-starter-2.7.12.jar;C:\Users\kkk\.m2\repository\org\springframework\boot\spring-boot\2.7.12\spring-boot-2.7.12.jar;C:\Users\kkk\.m2\repository\org\springframework\boot\spring-boot-autoconfigure\2.7.12\spring-boot-
Launcher Type: SUN_STANDARD

Environment Variables:
JAVA_HOME=D:\Program Files\develop\Java\jdk-17
PATH=D:\Program Files (x86)\VMware\VMware Workstation\bin\;C:\Windows\system32;C:\Windows;C:\Windows\System32\Wbem;C:\Windows\System32\WindowsPowerShell\v1.0\;C:\Windows\System32\OpenSSH\;C:\Program Files\Bandizip\;D:\Program Files\develop\Java\jdk-17\bin;D:\ProgramData\Anaconda3;D:\Program Files\develop\Git\bin;C:\Program Files\MySQL\MySQL Server 8.2\bin;D:\Program Files\Git\cmd;C:\Program Files\Docker\Docker\resources\bin;C:\Users\kkk\AppData\Local\Microsoft\WindowsApps;;D:\Program Files\JetBrains\IntelliJ IDEA 2022.1.3\bin;
USERNAME=kkk
OS=Windows_NT
PROCESSOR_IDENTIFIER=Intel64 Family 6 Model 165 Stepping 5, GenuineIntel



---------------  S Y S T E M  ---------------

OS: Windows 10 , 64 bit Build 19041 (10.0.19041.3636)

CPU:total 16 (initial active 16) (8 cores per cpu, 2 threads per core) family 6 model 165 stepping 5, cmov, cx8, fxsr, mmx, sse, sse2, sse3, ssse3, sse4.1, sse4.2, popcnt, avx, avx2, aes, clmul, erms, 3dnowpref, lzcnt, ht, tsc, tscinvbit, bmi1, bmi2, adx

Memory: 4k page, physical 50151224k(27936984k free), swap 57491256k(28991820k free)

vm_info: OpenJDK 64-Bit Server VM (25.402-b08) for windows-amd64 JRE (1.8.0_402-b08), built on Jan 18 2024 20:56:13 by "Administrator" with MS VC++ 15.9 (VS2017)

time: Mon Apr 15 17:12:14 2024
timezone: Intel64 Family 6 Model 165 Stepping 5, GenuineIntel
elapsed time: 11.689345 seconds (0d 0h 0m 11s)

