#
# A fatal error has been detected by the Java Runtime Environment:
#
#  EXCEPTION_ACCESS_VIOLATION (0xc0000005) at pc=0x00000000655573f9, pid=19524, tid=0x0000000000004d9c
#
# JRE version: OpenJDK Runtime Environment (8.0_402-b08) (build 1.8.0_402-b08)
# Java VM: OpenJDK 64-Bit Server VM (25.402-b08 mixed mode windows-amd64 compressed oops)
# Problematic frame:
# V  [jvm.dll+0x1173f9]
#
# Failed to write core dump. Minidumps are not enabled by default on client versions of Windows
#
# If you would like to submit a bug report, please visit:
#   https://github.com/corretto/corretto-8/issues/
#

---------------  T H R E A D  ---------------

Current thread (0x000001338f5fa000):  GCTaskThread [stack: 0x000000100e000000,0x000000100e100000] [id=19868]

siginfo: ExceptionCode=0xc0000005, reading address 0xffffffffffffffff

Registers:
RAX=0x00000133a2c20000, RBX=0x0000000482c60990, RCX=0x0000000000000000, RDX=0x0000000000000032
RSP=0x000000100e0ffba0, RBP=0x000001338f608870, RSI=0x0000000000000441, RDI=0x00000004f06f976c
R8 =0x007fffffffe00304, R9 =0x000001338f608870, R10=0x0000000000000a8f, R11=0x00000004cac60990
R12=0x00000004e552a658, R13=0x000000000527d910, R14=0x0000000000000800, R15=0x0000000002c74000
RIP=0x00000000655573f9, EFLAGS=0x0000000000010202

Top of Stack: (sp=0x000000100e0ffba0)
0x000000100e0ffba0:   00000133be07d4b8 000011f000000a8f
0x000000100e0ffbb0:   000011f100000a8f 0000000000000c00
0x000000100e0ffbc0:   0000000000000000 0000000000000000
0x000000100e0ffbd0:   0000000002c73800 000001338f5fa770
0x000000100e0ffbe0:   000000100e0ffc70 0000000065812c8f
0x000000100e0ffbf0:   000058e500000001 000001338f608870
0x000000100e0ffc00:   00000004e552a658 000001338f5fa780
0x000000100e0ffc10:   000058e600000001 000001338f5fa770
0x000000100e0ffc20:   00000004e552a658 0000000200001000
0x000000100e0ffc30:   000058e500000001 000058e600000001
0x000000100e0ffc40:   0000000200000002 00000004e552a658
0x000000100e0ffc50:   0000013302c73800 0000000065557462
0x000000100e0ffc60:   00000133bcefdfb0 000001338f5fa770
0x000000100e0ffc70:   0000000065a61b78 0000000000000000
0x000000100e0ffc80:   000001338f5fa780 0000000000000002
0x000000100e0ffc90:   00000133caba7720 000001338f608870 

Instructions: (pc=0x00000000655573f9)
0x00000000655573d9:   05 32 c4 6c 00 49 c1 e8 03 49 d3 e8 41 0f b6 c0
0x00000000655573e9:   49 c1 e8 06 24 3f 0f b6 d0 48 8b 05 47 c4 6c 00
0x00000000655573f9:   4a 8b 0c c0 48 0f a3 d1 72 27 48 8b cb e8 f5 64
0x0000000065557409:   fd ff 84 c0 74 1b 48 8b d3 48 8b cd e8 16 ef fd 


Register to memory mapping:

RAX=0x00000133a2c20000 is an unknown value
RBX=0x0000000482c60990 is an unknown value
RCX=0x0000000000000000 is an unknown value
RDX=0x0000000000000032 is an unknown value
RSP=0x000000100e0ffba0 is an unknown value
RBP=0x000001338f608870 is an unknown value
RSI=0x0000000000000441 is an unknown value
RDI=0x00000004f06f976c is pointing into object: 0x00000004e552a658
[Ljava.lang.Object; 
 - klass: 'java/lang/Object'[]
 - length: 86497552
R8 =0x007fffffffe00304 is an unknown value
R9 =0x000001338f608870 is an unknown value
R10=0x0000000000000a8f is an unknown value
R11=0x00000004cac60990 is pointing into object: 0x00000004c82523b8
[Ljava.lang.Object; 
 - klass: 'java/lang/Object'[]
 - length: 25628905
R12=0x00000004e552a658 is an oop
[Ljava.lang.Object; 
 - klass: 'java/lang/Object'[]
 - length: 86497552
R13=0x000000000527d910 is an unknown value
R14=0x0000000000000800 is an unknown value
R15=0x0000000002c74000 is an unknown value


Stack: [0x000000100e000000,0x000000100e100000],  sp=0x000000100e0ffba0,  free space=1022k
Native frames: (J=compiled Java code, j=interpreted, Vv=VM code, C=native code)
V  [jvm.dll+0x1173f9]
V  [jvm.dll+0x3d2c8f]
V  [jvm.dll+0x3d0460]
V  [jvm.dll+0x3ce109]
V  [jvm.dll+0x26dfc6]
C  [ucrtbase.dll+0x21bb2]
C  [KERNEL32.DLL+0x17344]
C  [ntdll.dll+0x526b1]


---------------  P R O C E S S  ---------------

Java Threads: ( => current thread )
  0x00000133cfd34800 JavaThread "HikariPool-1 connection adder" daemon [_thread_blocked, id=16728, stack(0x0000001011400000,0x0000001011500000)]
  0x00000133cfd33800 JavaThread "HikariPool-1 housekeeper" daemon [_thread_blocked, id=18176, stack(0x0000001011300000,0x0000001011400000)]
  0x00000133c2c8d000 JavaThread "redisson-netty-2-13" [_thread_in_native, id=6540, stack(0x0000001011200000,0x0000001011300000)]
  0x00000133c2c8f000 JavaThread "redisson-netty-2-12" [_thread_in_native, id=18488, stack(0x0000001011100000,0x0000001011200000)]
  0x00000133c2c90000 JavaThread "redisson-netty-2-11" [_thread_in_native, id=14652, stack(0x0000001011000000,0x0000001011100000)]
  0x00000133c2c8e800 JavaThread "redisson-netty-2-10" [_thread_in_native, id=8032, stack(0x0000001010f00000,0x0000001011000000)]
  0x00000133c2c93000 JavaThread "redisson-netty-2-9" [_thread_in_native, id=15004, stack(0x0000001010e00000,0x0000001010f00000)]
  0x00000133c2c91000 JavaThread "redisson-netty-2-8" [_thread_in_native, id=10848, stack(0x0000001010d00000,0x0000001010e00000)]
  0x00000133c2c8c000 JavaThread "redisson-netty-2-7" [_thread_in_native, id=10328, stack(0x0000001010c00000,0x0000001010d00000)]
  0x00000133c2c92800 JavaThread "redisson-netty-2-6" [_thread_in_native, id=16980, stack(0x0000001010b00000,0x0000001010c00000)]
  0x00000133c2c8d800 JavaThread "redisson-netty-2-4" [_thread_in_native, id=17572, stack(0x0000001010a00000,0x0000001010b00000)]
  0x00000133c2c91800 JavaThread "redisson-netty-2-5" [_thread_in_native, id=8756, stack(0x0000001010900000,0x0000001010a00000)]
  0x00000133bee60000 JavaThread "redisson-timer-4-1" [_thread_blocked, id=11896, stack(0x0000001010800000,0x0000001010900000)]
  0x00000133c685a800 JavaThread "redisson-netty-2-3" [_thread_in_native, id=15960, stack(0x0000001010600000,0x0000001010700000)]
  0x00000133c21bd000 JavaThread "redisson-netty-2-2" [_thread_in_native, id=17892, stack(0x0000001010500000,0x0000001010600000)]
  0x00000133c41a1000 JavaThread "redisson-netty-2-1" [_thread_in_native, id=13116, stack(0x0000001010400000,0x0000001010500000)]
  0x00000133c5f99800 JavaThread "Thread-4" daemon [_thread_in_native, id=17908, stack(0x0000001010300000,0x0000001010400000)]
  0x00000133c01af800 JavaThread "mysql-cj-abandoned-connection-cleanup" daemon [_thread_blocked, id=11404, stack(0x0000001010200000,0x0000001010300000)]
  0x00000133c137e800 JavaThread "AsyncAppender-Worker-ASYNC_FILE_ERROR" daemon [_thread_blocked, id=13152, stack(0x0000001010100000,0x0000001010200000)]
  0x00000133c145e800 JavaThread "AsyncAppender-Worker-ASYNC_FILE_INFO" daemon [_thread_blocked, id=2860, stack(0x0000001010000000,0x0000001010100000)]
  0x00000133c1229800 JavaThread "logback-1" daemon [_thread_blocked, id=16852, stack(0x000000100ff00000,0x0000001010000000)]
  0x00000133bef82800 JavaThread "Service Thread" daemon [_thread_blocked, id=2852, stack(0x000000100fd00000,0x000000100fe00000)]
  0x00000133bee5c000 JavaThread "C1 CompilerThread11" daemon [_thread_blocked, id=18284, stack(0x000000100fc00000,0x000000100fd00000)]
  0x00000133bee5e800 JavaThread "C1 CompilerThread10" daemon [_thread_blocked, id=19628, stack(0x000000100fb00000,0x000000100fc00000)]
  0x00000133bee5b800 JavaThread "C1 CompilerThread9" daemon [_thread_blocked, id=4948, stack(0x000000100fa00000,0x000000100fb00000)]
  0x00000133bee59000 JavaThread "C1 CompilerThread8" daemon [_thread_blocked, id=16884, stack(0x000000100f900000,0x000000100fa00000)]
  0x00000133bee5a800 JavaThread "C2 CompilerThread7" daemon [_thread_blocked, id=1948, stack(0x000000100f800000,0x000000100f900000)]
  0x00000133bee5a000 JavaThread "C2 CompilerThread6" daemon [_thread_blocked, id=6480, stack(0x000000100f700000,0x000000100f800000)]
  0x00000133bee5d800 JavaThread "C2 CompilerThread5" daemon [_thread_blocked, id=20124, stack(0x000000100f600000,0x000000100f700000)]
  0x00000133bee5d000 JavaThread "C2 CompilerThread4" daemon [_thread_blocked, id=19032, stack(0x000000100f500000,0x000000100f600000)]
  0x00000133bee52000 JavaThread "C2 CompilerThread3" daemon [_thread_blocked, id=18740, stack(0x000000100f400000,0x000000100f500000)]
  0x00000133bee4c000 JavaThread "C2 CompilerThread2" daemon [_thread_blocked, id=7256, stack(0x000000100f300000,0x000000100f400000)]
  0x00000133bee4a000 JavaThread "C2 CompilerThread1" daemon [_thread_blocked, id=16672, stack(0x000000100f200000,0x000000100f300000)]
  0x00000133bee48000 JavaThread "C2 CompilerThread0" daemon [_thread_blocked, id=18644, stack(0x000000100f100000,0x000000100f200000)]
  0x00000133bee41000 JavaThread "Monitor Ctrl-Break" daemon [_thread_in_native, id=17268, stack(0x000000100f000000,0x000000100f100000)]
  0x00000133bedf4800 JavaThread "Attach Listener" daemon [_thread_blocked, id=14760, stack(0x000000100ef00000,0x000000100f000000)]
  0x00000133bed94800 JavaThread "Signal Dispatcher" daemon [_thread_blocked, id=8252, stack(0x000000100ee00000,0x000000100ef00000)]
  0x00000133bd06d800 JavaThread "Finalizer" daemon [_thread_blocked, id=12748, stack(0x000000100ed00000,0x000000100ee00000)]
  0x00000133bed81800 JavaThread "Reference Handler" daemon [_thread_blocked, id=19996, stack(0x000000100ec00000,0x000000100ed00000)]
  0x000001338f5df800 JavaThread "main" [_thread_blocked, id=19616, stack(0x000000100dd00000,0x000000100de00000)]

Other Threads:
  0x00000133bed60800 VMThread [stack: 0x000000100eb00000,0x000000100ec00000] [id=18508]
  0x00000133bef86800 WatcherThread [stack: 0x000000100fe00000,0x000000100ff00000] [id=5976]

=>0x000001338f5fa000 (exited) GCTaskThread [stack: 0x000000100e000000,0x000000100e100000] [id=19868]

VM state:at safepoint (normal execution)

VM Mutex/Monitor currently owned by a thread:  ([mutex/lock_event])
[0x000001338f5c88c0] Threads_lock - owner thread: 0x00000133bed60800
[0x000001338f5c80c0] Heap_lock - owner thread: 0x000001338f5df800

heap address: 0x00000004c2c00000, size: 12244 MB, Compressed Oops mode: Zero based, Oop shift amount: 3
Narrow klass base: 0x0000000000000000, Narrow klass shift: 3
Compressed class space size: 1073741824 Address: 0x00000007c0000000

Heap:
 PSYoungGen      total 1264128K, used 32K [0x00000006c0f00000, 0x000000073a000000, 0x00000007c0000000)
  eden space 1241600K, 0% used [0x00000006c0f00000,0x00000006c0f00000,0x000000070cb80000)
  from space 22528K, 0% used [0x000000070cb80000,0x000000070cb88000,0x000000070e180000)
  to   space 23040K, 0% used [0x0000000738980000,0x0000000738980000,0x000000073a000000)
 ParOldGen       total 1091072K, used 905542K [0x00000004c2c00000, 0x0000000505580000, 0x00000006c0f00000)
  object space 1091072K, 82% used [0x00000004c2c00000,0x00000004fa051958,0x0000000505580000)
 Metaspace       used 64524K, capacity 67670K, committed 68056K, reserved 1107968K
  class space    used 8608K, capacity 9172K, committed 9216K, reserved 1048576K

Card table byte_map: [0x00000133a0430000,0x00000133a1c20000] byte_map_base: 0x000001339de1a000

Marking Bits: (ParMarkBitMap*) 0x0000000065c23810
 Begin Bits: [0x00000133a2c20000, 0x00000133aeb70000)
 End Bits:   [0x00000133aeb70000, 0x00000133baac0000)

Polling page: 0x000001338f860000

CodeCache: size=245760Kb used=22230Kb max_used=22505Kb free=223529Kb
 bounds [0x0000013391070000, 0x0000013392680000, 0x00000133a0070000]
 total_blobs=5894 nmethods=5283 adapters=519
 compilation: enabled

Compilation events (10 events):
Event: 7.039 Thread 0x00000133bee59000 nmethod 6076 0x000001339197e050 code [0x000001339197e200, 0x000001339197e760]
Event: 7.039 Thread 0x00000133bee5c000 nmethod 6078 0x000001339197d290 code [0x000001339197d460, 0x000001339197dc50]
Event: 7.039 Thread 0x00000133bee5b800 nmethod 6077 0x000001339164bfd0 code [0x000001339164c1c0, 0x000001339164cb50]
Event: 7.039 Thread 0x00000133bee5e800 nmethod 6079 0x0000013391dcd110 code [0x0000013391dcd320, 0x0000013391dce380]
Event: 7.304 Thread 0x00000133bee59000 6080       3       io.netty.util.internal.shaded.org.jctools.queues.BaseMpscLinkedArrayQueueConsumerFields::lpConsumerIndex (11 bytes)
Event: 7.305 Thread 0x00000133bee59000 nmethod 6080 0x0000013391dccdd0 code [0x0000013391dccf20, 0x0000013391dcd098]
Event: 7.797 Thread 0x00000133bee5c000 6081 %     3       cn.chaZ.domain.strategy.service.armory.StrategyArmory::assembleLotteryStrategy @ 154 (270 bytes)
Event: 7.799 Thread 0x00000133bee5c000 nmethod 6081% 0x0000013391e0f190 code [0x0000013391e0f7a0, 0x0000013391e13860]
Event: 7.800 Thread 0x00000133bee5a800 6082 %     4       cn.chaZ.domain.strategy.service.armory.StrategyArmory::assembleLotteryStrategy @ 154 (270 bytes)
Event: 7.811 Thread 0x00000133bee5a800 nmethod 6082% 0x0000013391df4d90 code [0x0000013391df4f60, 0x0000013391df6348]

GC Heap History (10 events):
Event: 6.159 GC heap after
Heap after GC invocations=12 (full 3):
 PSYoungGen      total 547328K, used 3878K [0x00000006c0f00000, 0x00000006f4700000, 0x00000007c0000000)
  eden space 525312K, 0% used [0x00000006c0f00000,0x00000006c0f00000,0x00000006e1000000)
  from space 22016K, 17% used [0x00000006e1000000,0x00000006e13c9880,0x00000006e2580000)
  to   space 22528K, 0% used [0x00000006f3100000,0x00000006f3100000,0x00000006f4700000)
 ParOldGen       total 753152K, used 188505K [0x00000004c2c00000, 0x00000004f0b80000, 0x00000006c0f00000)
  object space 753152K, 25% used [0x00000004c2c00000,0x00000004ce416770,0x00000004f0b80000)
 Metaspace       used 64516K, capacity 67670K, committed 68056K, reserved 1107968K
  class space    used 8608K, capacity 9172K, committed 9216K, reserved 1048576K
}
Event: 6.338 GC heap before
{Heap before GC invocations=13 (full 3):
 PSYoungGen      total 547328K, used 529190K [0x00000006c0f00000, 0x00000006f4700000, 0x00000007c0000000)
  eden space 525312K, 100% used [0x00000006c0f00000,0x00000006e1000000,0x00000006e1000000)
  from space 22016K, 17% used [0x00000006e1000000,0x00000006e13c9880,0x00000006e2580000)
  to   space 22528K, 0% used [0x00000006f3100000,0x00000006f3100000,0x00000006f4700000)
 ParOldGen       total 753152K, used 188505K [0x00000004c2c00000, 0x00000004f0b80000, 0x00000006c0f00000)
  object space 753152K, 25% used [0x00000004c2c00000,0x00000004ce416770,0x00000004f0b80000)
 Metaspace       used 64517K, capacity 67670K, committed 68056K, reserved 1107968K
  class space    used 8608K, capacity 9172K, committed 9216K, reserved 1048576K
Event: 6.484 GC heap after
Heap after GC invocations=13 (full 3):
 PSYoungGen      total 821248K, used 3894K [0x00000006c0f00000, 0x00000006f5580000, 0x00000007c0000000)
  eden space 798720K, 0% used [0x00000006c0f00000,0x00000006c0f00000,0x00000006f1b00000)
  from space 22528K, 17% used [0x00000006f3100000,0x00000006f34cd8b0,0x00000006f4700000)
  to   space 22528K, 0% used [0x00000006f1b00000,0x00000006f1b00000,0x00000006f3100000)
 ParOldGen       total 753152K, used 338683K [0x00000004c2c00000, 0x00000004f0b80000, 0x00000006c0f00000)
  object space 753152K, 44% used [0x00000004c2c00000,0x00000004d76becf8,0x00000004f0b80000)
 Metaspace       used 64517K, capacity 67670K, committed 68056K, reserved 1107968K
  class space    used 8608K, capacity 9172K, committed 9216K, reserved 1048576K
}
Event: 6.805 GC heap before
{Heap before GC invocations=14 (full 3):
 PSYoungGen      total 821248K, used 802614K [0x00000006c0f00000, 0x00000006f5580000, 0x00000007c0000000)
  eden space 798720K, 100% used [0x00000006c0f00000,0x00000006f1b00000,0x00000006f1b00000)
  from space 22528K, 17% used [0x00000006f3100000,0x00000006f34cd8b0,0x00000006f4700000)
  to   space 22528K, 0% used [0x00000006f1b00000,0x00000006f1b00000,0x00000006f3100000)
 ParOldGen       total 753152K, used 338683K [0x00000004c2c00000, 0x00000004f0b80000, 0x00000006c0f00000)
  object space 753152K, 44% used [0x00000004c2c00000,0x00000004d76becf8,0x00000004f0b80000)
 Metaspace       used 64518K, capacity 67670K, committed 68056K, reserved 1107968K
  class space    used 8608K, capacity 9172K, committed 9216K, reserved 1048576K
Event: 7.038 GC heap after
Heap after GC invocations=14 (full 3):
 PSYoungGen      total 821248K, used 3910K [0x00000006c0f00000, 0x000000070fa00000, 0x00000007c0000000)
  eden space 798720K, 0% used [0x00000006c0f00000,0x00000006c0f00000,0x00000006f1b00000)
  from space 22528K, 17% used [0x00000006f1b00000,0x00000006f1ed18a0,0x00000006f3100000)
  to   space 22528K, 0% used [0x000000070e400000,0x000000070e400000,0x000000070fa00000)
 ParOldGen       total 753152K, used 563937K [0x00000004c2c00000, 0x00000004f0b80000, 0x00000006c0f00000)
  object space 753152K, 74% used [0x00000004c2c00000,0x00000004e52b8538,0x00000004f0b80000)
 Metaspace       used 64518K, capacity 67670K, committed 68056K, reserved 1107968K
  class space    used 8608K, capacity 9172K, committed 9216K, reserved 1048576K
}
Event: 7.254 GC heap before
{Heap before GC invocations=15 (full 3):
 PSYoungGen      total 821248K, used 520724K [0x00000006c0f00000, 0x000000070fa00000, 0x00000007c0000000)
  eden space 798720K, 64% used [0x00000006c0f00000,0x00000006e07b38b0,0x00000006f1b00000)
  from space 22528K, 17% used [0x00000006f1b00000,0x00000006f1ed18a0,0x00000006f3100000)
  to   space 22528K, 0% used [0x000000070e400000,0x000000070e400000,0x000000070fa00000)
 ParOldGen       total 753152K, used 563937K [0x00000004c2c00000, 0x00000004f0b80000, 0x00000006c0f00000)
  object space 753152K, 74% used [0x00000004c2c00000,0x00000004e52b8538,0x00000004f0b80000)
 Metaspace       used 64523K, capacity 67670K, committed 68056K, reserved 1107968K
  class space    used 8608K, capacity 9172K, committed 9216K, reserved 1048576K
Event: 7.304 GC heap after
Heap after GC invocations=15 (full 3):
 PSYoungGen      total 1261568K, used 3910K [0x00000006c0f00000, 0x000000070f780000, 0x00000007c0000000)
  eden space 1241600K, 0% used [0x00000006c0f00000,0x00000006c0f00000,0x000000070cb80000)
  from space 19968K, 19% used [0x000000070e400000,0x000000070e7d18c0,0x000000070f780000)
  to   space 22528K, 0% used [0x000000070cb80000,0x000000070cb80000,0x000000070e180000)
 ParOldGen       total 753152K, used 563937K [0x00000004c2c00000, 0x00000004f0b80000, 0x00000006c0f00000)
  object space 753152K, 74% used [0x00000004c2c00000,0x00000004e52b8538,0x00000004f0b80000)
 Metaspace       used 64523K, capacity 67670K, committed 68056K, reserved 1107968K
  class space    used 8608K, capacity 9172K, committed 9216K, reserved 1048576K
}
Event: 7.813 GC heap before
{Heap before GC invocations=16 (full 3):
 PSYoungGen      total 1261568K, used 1245510K [0x00000006c0f00000, 0x000000070f780000, 0x00000007c0000000)
  eden space 1241600K, 100% used [0x00000006c0f00000,0x000000070cb80000,0x000000070cb80000)
  from space 19968K, 19% used [0x000000070e400000,0x000000070e7d18c0,0x000000070f780000)
  to   space 22528K, 0% used [0x000000070cb80000,0x000000070cb80000,0x000000070e180000)
 ParOldGen       total 753152K, used 563937K [0x00000004c2c00000, 0x00000004f0b80000, 0x00000006c0f00000)
  object space 753152K, 74% used [0x00000004c2c00000,0x00000004e52b8538,0x00000004f0b80000)
 Metaspace       used 64524K, capacity 67670K, committed 68056K, reserved 1107968K
  class space    used 8608K, capacity 9172K, committed 9216K, reserved 1048576K
Event: 8.143 GC heap after
Heap after GC invocations=16 (full 3):
 PSYoungGen      total 1264128K, used 32K [0x00000006c0f00000, 0x000000073a000000, 0x00000007c0000000)
  eden space 1241600K, 0% used [0x00000006c0f00000,0x00000006c0f00000,0x000000070cb80000)
  from space 22528K, 0% used [0x000000070cb80000,0x000000070cb88000,0x000000070e180000)
  to   space 23040K, 0% used [0x0000000738980000,0x0000000738980000,0x000000073a000000)
 ParOldGen       total 1091072K, used 905542K [0x00000004c2c00000, 0x0000000505580000, 0x00000006c0f00000)
  object space 1091072K, 82% used [0x00000004c2c00000,0x00000004fa051958,0x0000000505580000)
 Metaspace       used 64524K, capacity 67670K, committed 68056K, reserved 1107968K
  class space    used 8608K, capacity 9172K, committed 9216K, reserved 1048576K
}
Event: 8.143 GC heap before
{Heap before GC invocations=17 (full 4):
 PSYoungGen      total 1264128K, used 32K [0x00000006c0f00000, 0x000000073a000000, 0x00000007c0000000)
  eden space 1241600K, 0% used [0x00000006c0f00000,0x00000006c0f00000,0x000000070cb80000)
  from space 22528K, 0% used [0x000000070cb80000,0x000000070cb88000,0x000000070e180000)
  to   space 23040K, 0% used [0x0000000738980000,0x0000000738980000,0x000000073a000000)
 ParOldGen       total 1091072K, used 905542K [0x00000004c2c00000, 0x0000000505580000, 0x00000006c0f00000)
  object space 1091072K, 82% used [0x00000004c2c00000,0x00000004fa051958,0x0000000505580000)
 Metaspace       used 64524K, capacity 67670K, committed 68056K, reserved 1107968K
  class space    used 8608K, capacity 9172K, committed 9216K, reserved 1048576K

Deoptimization events (10 events):
Event: 5.388 Thread 0x000001338f5df800 Uncommon trap: reason=unstable_if action=reinterpret pc=0x00000133920272a4 method=java.nio.Buffer.<init>(IIII)V @ 66
Event: 5.390 Thread 0x000001338f5df800 Uncommon trap: reason=class_check action=maybe_recompile pc=0x0000013391bffc2c method=sun.security.util.math.intpoly.IntegerPolynomial$MutableElement.setSum(Lsun/security/util/math/IntegerModuloP;)Lsun/security/util/math/intpoly/IntegerPolynomial$MutableE
Event: 5.390 Thread 0x000001338f5df800 Uncommon trap: reason=class_check action=maybe_recompile pc=0x0000013391bffc2c method=sun.security.util.math.intpoly.IntegerPolynomial$MutableElement.setSum(Lsun/security/util/math/IntegerModuloP;)Lsun/security/util/math/intpoly/IntegerPolynomial$MutableE
Event: 5.390 Thread 0x000001338f5df800 Uncommon trap: reason=class_check action=maybe_recompile pc=0x0000013391bffc2c method=sun.security.util.math.intpoly.IntegerPolynomial$MutableElement.setSum(Lsun/security/util/math/IntegerModuloP;)Lsun/security/util/math/intpoly/IntegerPolynomial$MutableE
Event: 5.390 Thread 0x000001338f5df800 Uncommon trap: reason=class_check action=maybe_recompile pc=0x0000013391bffc2c method=sun.security.util.math.intpoly.IntegerPolynomial$MutableElement.setSum(Lsun/security/util/math/IntegerModuloP;)Lsun/security/util/math/intpoly/IntegerPolynomial$MutableE
Event: 5.433 Thread 0x000001338f5df800 Uncommon trap: reason=unstable_if action=reinterpret pc=0x0000013391daa6c0 method=java.util.LinkedHashMap.afterNodeAccess(Ljava/util/HashMap$Node;)V @ 4
Event: 5.537 Thread 0x000001338f5df800 Uncommon trap: reason=class_check action=maybe_recompile pc=0x0000013391ad6e44 method=java.util.concurrent.ConcurrentMap.computeIfAbsent(Ljava/lang/Object;Ljava/util/function/Function;)Ljava/lang/Object; @ 7
Event: 5.575 Thread 0x00000133cfd34800 Uncommon trap: reason=unstable_if action=reinterpret pc=0x0000013391e2e86c method=java.nio.Buffer.<init>(IIII)V @ 66
Event: 5.575 Thread 0x00000133cfd34800 Uncommon trap: reason=loop_limit_check action=maybe_recompile pc=0x00000133919fa8d0 method=java.math.BigInteger.implMulAdd([I[IIII)I @ 29
Event: 7.796 Thread 0x000001338f5df800 Uncommon trap: reason=unstable_if action=reinterpret pc=0x0000013392601f7c method=cn.chaZ.domain.strategy.service.armory.StrategyArmory.assembleLotteryStrategy(Ljava/lang/Long;)Z @ 173

Classes redefined (0 events):
No events

Internal exceptions (10 events):
Event: 4.845 Thread 0x000001338f5df800 Exception <a 'java/lang/ClassNotFoundException': org/springframework/boot/actuate/autoconfigure/web/server/ManagementContextAutoConfigurationCustomizer> (0x00000006c6ab0e48) thrown at [C:\wsjdk\Corretto8Src\installers\windows\zip\corretto-build\buildRoot\
Event: 4.846 Thread 0x000001338f5df800 Exception <a 'java/lang/ClassNotFoundException': java/lang/ObjectCustomizer> (0x00000006c6ac8948) thrown at [C:\wsjdk\Corretto8Src\installers\windows\zip\corretto-build\buildRoot\hotspot\src\share\vm\classfile\systemDictionary.cpp, line 217]
Event: 4.846 Thread 0x000001338f5df800 Exception <a 'java/lang/ClassNotFoundException': org/springframework/boot/actuate/autoconfigure/web/server/ManagementServerPropertiesCustomizer> (0x00000006c6b0c6f0) thrown at [C:\wsjdk\Corretto8Src\installers\windows\zip\corretto-build\buildRoot\hotspot\
Event: 4.871 Thread 0x000001338f5df800 Exception <a 'java/lang/NoSuchMethodError': java.lang.Object.lambda$builder$0(Ljava/util/function/Supplier;)D> (0x00000006c6cf6bf0) thrown at [C:\wsjdk\Corretto8Src\installers\windows\zip\corretto-build\buildRoot\hotspot\src\share\vm\interpreter\linkResol
Event: 4.889 Thread 0x000001338f5df800 Implicit null exception at 0x0000013391a3f5c1 to 0x0000013391a3f6d9
Event: 4.907 Thread 0x000001338f5df800 Exception <a 'java/lang/ClassNotFoundException': java/lang/ObjectCustomizer> (0x00000006c7087c38) thrown at [C:\wsjdk\Corretto8Src\installers\windows\zip\corretto-build\buildRoot\hotspot\src\share\vm\classfile\systemDictionary.cpp, line 217]
Event: 4.907 Thread 0x000001338f5df800 Exception <a 'java/lang/ClassNotFoundException': cn/chaZ/test/domain/StrategyTestCustomizer> (0x00000006c70afa90) thrown at [C:\wsjdk\Corretto8Src\installers\windows\zip\corretto-build\buildRoot\hotspot\src\share\vm\classfile\systemDictionary.cpp, line 21
Event: 4.929 Thread 0x000001338f5df800 Exception <a 'java/lang/ClassNotFoundException': java/lang/Module> (0x00000006c74b0908) thrown at [C:\wsjdk\Corretto8Src\installers\windows\zip\corretto-build\buildRoot\hotspot\src\share\vm\classfile\systemDictionary.cpp, line 217]
Event: 4.946 Thread 0x000001338f5df800 Exception <a 'java/lang/ClassNotFoundException': java/lang/Module> (0x00000006c771ec18) thrown at [C:\wsjdk\Corretto8Src\installers\windows\zip\corretto-build\buildRoot\hotspot\src\share\vm\classfile\systemDictionary.cpp, line 217]
Event: 5.539 Thread 0x000001338f5df800 Exception <a 'java/lang/NoSuchMethodError': java.lang.Object.lambda$minBy$0(Ljava/util/Comparator;Ljava/lang/Object;Ljava/lang/Object;)Ljava/lang/Object;> (0x00000006c5d14450) thrown at [C:\wsjdk\Corretto8Src\installers\windows\zip\corretto-build\buildRoo

Events (10 events):
Event: 6.805 Executing VM operation: ParallelGCFailedAllocation
Event: 7.038 Executing VM operation: ParallelGCFailedAllocation done
Event: 7.254 Executing VM operation: ParallelGCFailedAllocation
Event: 7.304 Executing VM operation: ParallelGCFailedAllocation done
Event: 7.796 Thread 0x000001338f5df800 Uncommon trap: trap_request=0xffffff65 fr.pc=0x0000013392601f7c
Event: 7.796 Thread 0x000001338f5df800 DEOPT PACKING pc=0x0000013392601f7c sp=0x000000100ddfd820
Event: 7.796 Thread 0x000001338f5df800 DEOPT UNPACKING pc=0x00000133910b5583 sp=0x000000100ddfd800 mode 2
Event: 7.811 Thread 0x000001338f5df800 DEOPT PACKING pc=0x0000013391e1341e sp=0x000000100ddfd720
Event: 7.811 Thread 0x000001338f5df800 DEOPT UNPACKING pc=0x00000133910b75d8 sp=0x000000100ddfd580 mode 0
Event: 7.813 Executing VM operation: ParallelGCFailedAllocation


Dynamic libraries:
0x00007ff68dc60000 - 0x00007ff68dca6000 	D:\Program Files\develop\Java\jdk1.8\bin\java.exe
0x00007ffe05ff0000 - 0x00007ffe061e8000 	C:\Windows\SYSTEM32\ntdll.dll
0x00007ffe04aa0000 - 0x00007ffe04b5d000 	C:\Windows\System32\KERNEL32.DLL
0x00007ffe03cf0000 - 0x00007ffe03fe6000 	C:\Windows\System32\KERNELBASE.dll
0x00007ffe04020000 - 0x00007ffe040d0000 	C:\Windows\System32\ADVAPI32.dll
0x00007ffe05200000 - 0x00007ffe0529e000 	C:\Windows\System32\msvcrt.dll
0x00007ffe04bc0000 - 0x00007ffe04c60000 	C:\Windows\System32\sechost.dll
0x00007ffe04c60000 - 0x00007ffe04d83000 	C:\Windows\System32\RPCRT4.dll
0x00007ffe03ff0000 - 0x00007ffe04017000 	C:\Windows\System32\bcrypt.dll
0x00007ffe04900000 - 0x00007ffe04a9f000 	C:\Windows\System32\USER32.dll
0x00007ffe039c0000 - 0x00007ffe039e2000 	C:\Windows\System32\win32u.dll
0x00007ffe053f0000 - 0x00007ffe0541b000 	C:\Windows\System32\GDI32.dll
0x00007ffe036a0000 - 0x00007ffe037b7000 	C:\Windows\System32\gdi32full.dll
0x00007ffe039f0000 - 0x00007ffe03a8d000 	C:\Windows\System32\msvcp_win.dll
0x00007ffe03830000 - 0x00007ffe03930000 	C:\Windows\System32\ucrtbase.dll
0x00007ffdf38e0000 - 0x00007ffdf3b7a000 	C:\Windows\WinSxS\amd64_microsoft.windows.common-controls_6595b64144ccf1df_6.0.19041.3636_none_60b6a03d71f818d5\COMCTL32.dll
0x00007ffe040d0000 - 0x00007ffe04102000 	C:\Windows\System32\IMM32.DLL
0x00007ffd99db0000 - 0x00007ffd99dc5000 	D:\Program Files\develop\Java\jdk1.8\jre\bin\vcruntime140.dll
0x00007ffd7ccd0000 - 0x00007ffd7cd6b000 	D:\Program Files\develop\Java\jdk1.8\jre\bin\msvcp140.dll
0x0000000065440000 - 0x0000000065c9c000 	D:\Program Files\develop\Java\jdk1.8\jre\bin\server\jvm.dll
0x00007ffe05090000 - 0x00007ffe05098000 	C:\Windows\System32\PSAPI.DLL
0x00007ffdf6730000 - 0x00007ffdf6757000 	C:\Windows\SYSTEM32\WINMM.dll
0x00007ffdfcd20000 - 0x00007ffdfcd2a000 	C:\Windows\SYSTEM32\VERSION.dll
0x00007ffdfdde0000 - 0x00007ffdfdde9000 	C:\Windows\SYSTEM32\WSOCK32.dll
0x00007ffe050a0000 - 0x00007ffe0510b000 	C:\Windows\System32\WS2_32.dll
0x00007ffe01510000 - 0x00007ffe01522000 	C:\Windows\SYSTEM32\kernel.appcore.dll
0x00007ffdb7cd0000 - 0x00007ffdb7ce0000 	D:\Program Files\develop\Java\jdk1.8\jre\bin\verify.dll
0x00007ffd926c0000 - 0x00007ffd926eb000 	D:\Program Files\develop\Java\jdk1.8\jre\bin\java.dll
0x00007ffde1920000 - 0x00007ffde1952000 	D:\Program Files\develop\Java\jdk1.8\jre\bin\instrument.dll
0x00007ffd91e40000 - 0x00007ffd91e58000 	D:\Program Files\develop\Java\jdk1.8\jre\bin\zip.dll
0x00007ffe04110000 - 0x00007ffe0487b000 	C:\Windows\System32\SHELL32.dll
0x00007ffe01710000 - 0x00007ffe01eae000 	C:\Windows\SYSTEM32\windows.storage.dll
0x00007ffe05c50000 - 0x00007ffe05fa3000 	C:\Windows\System32\combase.dll
0x00007ffe02ff0000 - 0x00007ffe0301e000 	C:\Windows\SYSTEM32\Wldp.dll
0x00007ffe05890000 - 0x00007ffe0595d000 	C:\Windows\System32\OLEAUT32.dll
0x00007ffe05b10000 - 0x00007ffe05bbd000 	C:\Windows\System32\SHCORE.dll
0x00007ffe05370000 - 0x00007ffe053c5000 	C:\Windows\System32\shlwapi.dll
0x00007ffe035d0000 - 0x00007ffe035f3000 	C:\Windows\SYSTEM32\profapi.dll
0x00007ffdfdd50000 - 0x00007ffdfdd6a000 	D:\Program Files\JetBrains\IntelliJ IDEA 2022.1.3\bin\breakgen64.dll
0x00007ffd91b30000 - 0x00007ffd91b4c000 	D:\Program Files\develop\Java\jdk1.8\jre\bin\net.dll
0x00007ffe02dd0000 - 0x00007ffe02e3a000 	C:\Windows\system32\mswsock.dll
0x00007ffd7a450000 - 0x00007ffd7a463000 	D:\Program Files\develop\Java\jdk1.8\jre\bin\nio.dll
0x00007ffdff120000 - 0x00007ffdff12d000 	D:\Program Files\develop\Java\jdk1.8\jre\bin\management.dll
0x00007ffdd50e0000 - 0x00007ffdd50f7000 	C:\Windows\system32\napinsp.dll
0x00007ffdd50c0000 - 0x00007ffdd50db000 	C:\Windows\system32\pnrpnsp.dll
0x00007ffdfe130000 - 0x00007ffdfe145000 	C:\Windows\system32\wshbth.dll
0x00007ffdff000000 - 0x00007ffdff01d000 	C:\Windows\system32\NLAapi.dll
0x00007ffe02a80000 - 0x00007ffe02abb000 	C:\Windows\SYSTEM32\IPHLPAPI.DLL
0x00007ffe02ac0000 - 0x00007ffe02b8b000 	C:\Windows\SYSTEM32\DNSAPI.dll
0x00007ffe05300000 - 0x00007ffe05308000 	C:\Windows\System32\NSI.dll
0x00007ffdd50a0000 - 0x00007ffdd50b2000 	C:\Windows\System32\winrnr.dll
0x00007ffdfac50000 - 0x00007ffdfac5a000 	C:\Windows\System32\rasadhlp.dll
0x00007ffdf82c0000 - 0x00007ffdf8340000 	C:\Windows\System32\fwpuclnt.dll
0x00007ffe03030000 - 0x00007ffe03048000 	C:\Windows\SYSTEM32\CRYPTSP.dll
0x00007ffe026a0000 - 0x00007ffe026d4000 	C:\Windows\system32\rsaenh.dll
0x00007ffe03590000 - 0x00007ffe035be000 	C:\Windows\SYSTEM32\USERENV.dll
0x00007ffe03930000 - 0x00007ffe039b2000 	C:\Windows\System32\bcryptprimitives.dll
0x00007ffe02f60000 - 0x00007ffe02f6c000 	C:\Windows\SYSTEM32\CRYPTBASE.dll
0x00007ffdfcd00000 - 0x00007ffdfcd17000 	C:\Windows\SYSTEM32\dhcpcsvc6.DLL
0x00007ffdfcc80000 - 0x00007ffdfcc9d000 	C:\Windows\SYSTEM32\dhcpcsvc.DLL
0x00007ffdfa190000 - 0x00007ffdfa1b4000 	D:\Program Files\develop\Java\jdk1.8\jre\bin\sunec.dll
0x00007ffdface0000 - 0x00007ffdfacee000 	D:\Program Files\develop\Java\jdk1.8\jre\bin\sunmscapi.dll
0x00007ffe03b90000 - 0x00007ffe03cee000 	C:\Windows\System32\CRYPT32.dll
0x00007ffe03140000 - 0x00007ffe03168000 	C:\Windows\SYSTEM32\ncrypt.dll
0x00007ffe03100000 - 0x00007ffe0313b000 	C:\Windows\SYSTEM32\NTASN1.dll
0x00007ffdf45d0000 - 0x00007ffdf47b4000 	C:\Windows\SYSTEM32\dbghelp.dll

VM Arguments:
jvm_args: -ea -Didea.test.cyclic.buffer.size=1048576 -javaagent:D:\Program Files\JetBrains\IntelliJ IDEA 2022.1.3\lib\idea_rt.jar=49683:D:\Program Files\JetBrains\IntelliJ IDEA 2022.1.3\bin -Dfile.encoding=UTF-8 
java_command: com.intellij.rt.junit.JUnitStarter -ideVersion5 -junit4 @w@C:\Users\kkk\AppData\Local\Temp\idea_working_dirs_junit.tmp @C:\Users\kkk\AppData\Local\Temp\idea_junit.tmp
java_class_path (initial): D:\Program Files\JetBrains\IntelliJ IDEA 2022.1.3\lib\idea_rt.jar;D:\Program Files\JetBrains\IntelliJ IDEA 2022.1.3\plugins\junit\lib\junit5-rt.jar;D:\Program Files\JetBrains\IntelliJ IDEA 2022.1.3\plugins\junit\lib\junit-rt.jar;D:\Program Files\develop\Java\jdk1.8\jre\lib\charsets.jar;D:\Program Files\develop\Java\jdk1.8\jre\lib\ext\access-bridge-64.jar;D:\Program Files\develop\Java\jdk1.8\jre\lib\ext\cldrdata.jar;D:\Program Files\develop\Java\jdk1.8\jre\lib\ext\dnsns.jar;D:\Program Files\develop\Java\jdk1.8\jre\lib\ext\jaccess.jar;D:\Program Files\develop\Java\jdk1.8\jre\lib\ext\jfxrt.jar;D:\Program Files\develop\Java\jdk1.8\jre\lib\ext\localedata.jar;D:\Program Files\develop\Java\jdk1.8\jre\lib\ext\nashorn.jar;D:\Program Files\develop\Java\jdk1.8\jre\lib\ext\sunec.jar;D:\Program Files\develop\Java\jdk1.8\jre\lib\ext\sunjce_provider.jar;D:\Program Files\develop\Java\jdk1.8\jre\lib\ext\sunmscapi.jar;D:\Program Files\develop\Java\jdk1.8\jre\lib\ext\sunpkcs11.jar;D:\Program Files\develop\Java\jdk1.8\jre\lib\ext\zipfs.jar;D:\Program Files\develop\Java\jdk1.8\jre\lib\jce.jar;D:\Program Files\develop\Java\jdk1.8\jre\lib\jfr.jar;D:\Program Files\develop\Java\jdk1.8\jre\lib\jfxswt.jar;D:\Program Files\develop\Java\jdk1.8\jre\lib\jsse.jar;D:\Program Files\develop\Java\jdk1.8\jre\lib\management-agent.jar;D:\Program Files\develop\Java\jdk1.8\jre\lib\resources.jar;D:\Program Files\develop\Java\jdk1.8\jre\lib\rt.jar;G:\IdeaProjects\big-market\big-market-app\target\test-classes;G:\IdeaProjects\big-market\big-market-app\target\classes;C:\Users\kkk\.m2\repository\org\springframework\boot\spring-boot-starter-web\2.7.12\spring-boot-starter-web-2.7.12.jar;C:\Users\kkk\.m2\repository\org\springframework\boot\spring-boot-starter\2.7.12\spring-boot-starter-2.7.12.jar;C:\Users\kkk\.m2\repository\org\springframework\boot\spring-boot\2.7.12\spring-boot-2.7.12.jar;C:\Users\kkk\.m2\repository\org\springframework\boot\spring-boot-autoconfigure\2.7.12\spring-boot-
Launcher Type: SUN_STANDARD

Environment Variables:
JAVA_HOME=D:\Program Files\develop\Java\jdk-17
PATH=D:\Program Files (x86)\VMware\VMware Workstation\bin\;C:\Windows\system32;C:\Windows;C:\Windows\System32\Wbem;C:\Windows\System32\WindowsPowerShell\v1.0\;C:\Windows\System32\OpenSSH\;C:\Program Files\Bandizip\;D:\Program Files\develop\Java\jdk-17\bin;D:\ProgramData\Anaconda3;D:\Program Files\develop\Git\bin;C:\Program Files\MySQL\MySQL Server 8.2\bin;D:\Program Files\Git\cmd;C:\Program Files\Docker\Docker\resources\bin;C:\Users\kkk\AppData\Local\Microsoft\WindowsApps;;D:\Program Files\JetBrains\IntelliJ IDEA 2022.1.3\bin;
USERNAME=kkk
OS=Windows_NT
PROCESSOR_IDENTIFIER=Intel64 Family 6 Model 165 Stepping 5, GenuineIntel



---------------  S Y S T E M  ---------------

OS: Windows 10 , 64 bit Build 19041 (10.0.19041.3636)

CPU:total 16 (initial active 16) (8 cores per cpu, 2 threads per core) family 6 model 165 stepping 5, cmov, cx8, fxsr, mmx, sse, sse2, sse3, ssse3, sse4.1, sse4.2, popcnt, avx, avx2, aes, clmul, erms, 3dnowpref, lzcnt, ht, tsc, tscinvbit, bmi1, bmi2, adx

Memory: 4k page, physical 50151224k(30150944k free), swap 57491256k(31319656k free)

vm_info: OpenJDK 64-Bit Server VM (25.402-b08) for windows-amd64 JRE (1.8.0_402-b08), built on Jan 18 2024 20:56:13 by "Administrator" with MS VC++ 15.9 (VS2017)

time: Mon Apr 15 16:54:31 2024
timezone: Intel64 Family 6 Model 165 Stepping 5, GenuineIntel
elapsed time: 8.256026 seconds (0d 0h 0m 8s)

