#
# A fatal error has been detected by the Java Runtime Environment:
#
#  EXCEPTION_ACCESS_VIOLATION (0xc0000005) at pc=0x000000006552e1a4, pid=8552, tid=0x0000000000002984
#
# JRE version: OpenJDK Runtime Environment (8.0_402-b08) (build 1.8.0_402-b08)
# Java VM: OpenJDK 64-Bit Server VM (25.402-b08 mixed mode windows-amd64 compressed oops)
# Problematic frame:
# V  [jvm.dll+0xee1a4]
#
# Failed to write core dump. Minidumps are not enabled by default on client versions of Windows
#
# If you would like to submit a bug report, please visit:
#   https://github.com/corretto/corretto-8/issues/
#

---------------  T H R E A D  ---------------

Current thread (0x0000029d616a2000):  GCTaskThread [stack: 0x000000d70cf00000,0x000000d70d000000] [id=10628]

siginfo: ExceptionCode=0xc0000005, reading address 0xffffffffffffffff

Registers:
RAX=0x0000029d00000000, RBX=0x00000000c2c35400, RCX=0x0000000000000000, RDX=0x0000000000000000
RSP=0x000000d70cfffb50, RBP=0x0000029d616a9060, RSI=0x0000000000000001, RDI=0x0000000511311aec
R8 =0x007ffffffe0001aa, R9 =0x0000029d616a9060, R10=0x0000000000016c3f, R11=0x0000000511311b00
R12=0x0000000000000000, R13=0x00000007c0033b00, R14=0x00000007c0033af8, R15=0x0000000000000005
RIP=0x000000006552e1a4, EFLAGS=0x0000000000010246

Top of Stack: (sp=0x000000d70cfffb50)
0x000000d70cfffb50:   0000029d788f3238 00000007c0005b88
0x000000d70cfffb60:   0000029d616a9060 0000000065535b9f
0x000000d70cfffb70:   0000000000000000 0000000000000000
0x000000d70cfffb80:   0000daaf00016c3f 0000029d616a9060
0x000000d70cfffb90:   000000d70cfffc20 0000000065812aaa
0x000000d70cfffba0:   0000029d616a2690 0000000065a61b78
0x000000d70cfffbb0:   0000000511311ad8 0000daae00016c3f
0x000000d70cfffbc0:   0000002d00000006 0000daae00016c3f
0x000000d70cfffbd0:   0000daaf00016c3f 000000006552d962
0x000000d70cfffbe0:   0000000511311a30 0000029d616a9060
0x000000d70cfffbf0:   0000000000000004 0000000000000005
0x000000d70cfffc00:   0000000511311a18 000000006552e1c5
0x000000d70cfffc10:   0000029d788f3220 0000029d616a2690
0x000000d70cfffc20:   0000000065a61b78 0000000000000000
0x000000d70cfffc30:   0000029d616a26a0 0000000000000008
0x000000d70cfffc40:   0000029d7c375eb0 0000029d616a9060 

Instructions: (pc=0x000000006552e1a4)
0x000000006552e184:   05 87 56 6f 00 49 c1 e8 03 49 d3 e8 41 0f b6 c0
0x000000006552e194:   49 c1 e8 06 24 3f 0f b6 d0 48 8b 05 9c 56 6f 00
0x000000006552e1a4:   4a 8b 0c c0 48 0f a3 d1 72 27 48 8b cb e8 4a f7
0x000000006552e1b4:   ff ff 84 c0 74 1b 48 8b d3 48 8b cd e8 6b 81 00 


Register to memory mapping:

RAX=0x0000029d00000000 is an unknown value
RBX=0x00000000c2c35400 is an unknown value
RCX=0x0000000000000000 is an unknown value
RDX=0x0000000000000000 is an unknown value
RSP=0x000000d70cfffb50 is an unknown value
RBP=0x0000029d616a9060 is an unknown value
RSI=0x0000000000000001 is an unknown value
RDI=0x0000000511311aec is pointing into object: 0x0000000511311ad8
java.util.LinkedHashMap$Entry 
 - klass: 'java/util/LinkedHashMap$Entry'
R8 =0x007ffffffe0001aa is an unknown value
R9 =0x0000029d616a9060 is an unknown value
R10=0x0000000000016c3f is an unknown value
R11=0x0000000511311b00 is an oop
java.lang.Integer 
 - klass: 'java/lang/Integer'
R12=0x0000000000000000 is an unknown value
R13=0x00000007c0033b00 is pointing into metadata
R14=0x00000007c0033af8 is pointing into metadata
R15=0x0000000000000005 is an unknown value


Stack: [0x000000d70cf00000,0x000000d70d000000],  sp=0x000000d70cfffb50,  free space=1022k
Native frames: (J=compiled Java code, j=interpreted, Vv=VM code, C=native code)
V  [jvm.dll+0xee1a4]
V  [jvm.dll+0x3d2aaa]
V  [jvm.dll+0x3d04df]
V  [jvm.dll+0x3ce109]
V  [jvm.dll+0x26dfc6]
C  [ucrtbase.dll+0x21bb2]
C  [KERNEL32.DLL+0x17344]
C  [ntdll.dll+0x526b1]


---------------  P R O C E S S  ---------------

Java Threads: ( => current thread )
  0x0000029d1833e800 JavaThread "logback-2" daemon [_thread_blocked, id=1776, stack(0x000000d70fe00000,0x000000d70ff00000)]
  0x0000029d18340000 JavaThread "HikariPool-1 housekeeper" daemon [_thread_blocked, id=15000, stack(0x000000d70fc00000,0x000000d70fd00000)]
  0x0000029d1833a800 JavaThread "redisson-netty-2-13" [_thread_in_native, id=16652, stack(0x000000d70fb00000,0x000000d70fc00000)]
  0x0000029d7de38000 JavaThread "redisson-netty-2-12" [_thread_in_native, id=8576, stack(0x000000d70fa00000,0x000000d70fb00000)]
  0x0000029d7de37000 JavaThread "redisson-netty-2-11" [_thread_in_native, id=19788, stack(0x000000d70f900000,0x000000d70fa00000)]
  0x0000029d7de36800 JavaThread "redisson-netty-2-10" [_thread_in_native, id=8896, stack(0x000000d70f800000,0x000000d70f900000)]
  0x0000029d7de35800 JavaThread "redisson-netty-2-9" [_thread_in_native, id=17128, stack(0x000000d70f700000,0x000000d70f800000)]
  0x0000029d7de34000 JavaThread "redisson-netty-2-8" [_thread_in_native, id=20384, stack(0x000000d70f600000,0x000000d70f700000)]
  0x0000029d7de33000 JavaThread "redisson-netty-2-7" [_thread_in_native, id=6860, stack(0x000000d70f500000,0x000000d70f600000)]
  0x0000029d7de31800 JavaThread "redisson-netty-2-6" [_thread_in_native, id=3964, stack(0x000000d70f400000,0x000000d70f500000)]
  0x0000029d7de32800 JavaThread "redisson-netty-2-5" [_thread_in_native, id=13280, stack(0x000000d70f300000,0x000000d70f400000)]
  0x0000029d7de31000 JavaThread "redisson-netty-2-4" [_thread_in_native, id=9204, stack(0x000000d70f200000,0x000000d70f300000)]
  0x0000029d7de34800 JavaThread "redisson-timer-4-1" [_thread_blocked, id=876, stack(0x000000d70f100000,0x000000d70f200000)]
  0x0000029d7e076800 JavaThread "redisson-netty-2-3" [_thread_in_native, id=19152, stack(0x000000d70ef00000,0x000000d70f000000)]
  0x0000029d19682000 JavaThread "redisson-netty-2-2" [_thread_in_native, id=11420, stack(0x000000d70ee00000,0x000000d70ef00000)]
  0x0000029d18c9a800 JavaThread "redisson-netty-2-1" [_thread_in_native, id=12312, stack(0x000000d70ed00000,0x000000d70ee00000)]
  0x0000029d1822c800 JavaThread "Thread-4" daemon [_thread_in_native, id=19176, stack(0x000000d70ec00000,0x000000d70ed00000)]
  0x0000029d17fce800 JavaThread "mysql-cj-abandoned-connection-cleanup" daemon [_thread_blocked, id=13564, stack(0x000000d70eb00000,0x000000d70ec00000)]
  0x0000029d7c528000 JavaThread "AsyncAppender-Worker-ASYNC_FILE_ERROR" daemon [_thread_blocked, id=15180, stack(0x000000d70ea00000,0x000000d70eb00000)]
  0x0000029d7c527800 JavaThread "AsyncAppender-Worker-ASYNC_FILE_INFO" daemon [_thread_blocked, id=17312, stack(0x000000d70e900000,0x000000d70ea00000)]
  0x0000029d7bfcf000 JavaThread "logback-1" daemon [_thread_blocked, id=15388, stack(0x000000d70e800000,0x000000d70e900000)]
  0x0000029d790d1000 JavaThread "Service Thread" daemon [_thread_blocked, id=20160, stack(0x000000d70e600000,0x000000d70e700000)]
  0x0000029d79032800 JavaThread "C1 CompilerThread11" daemon [_thread_blocked, id=2928, stack(0x000000d70e500000,0x000000d70e600000)]
  0x0000029d79027000 JavaThread "C1 CompilerThread10" daemon [_thread_blocked, id=18952, stack(0x000000d70e400000,0x000000d70e500000)]
  0x0000029d78ff5000 JavaThread "C1 CompilerThread9" daemon [_thread_blocked, id=8320, stack(0x000000d70e300000,0x000000d70e400000)]
  0x0000029d78fda000 JavaThread "C1 CompilerThread8" daemon [_thread_blocked, id=19540, stack(0x000000d70e200000,0x000000d70e300000)]
  0x0000029d78fc7000 JavaThread "C2 CompilerThread7" daemon [_thread_blocked, id=200, stack(0x000000d70e100000,0x000000d70e200000)]
  0x0000029d78fbe000 JavaThread "C2 CompilerThread6" daemon [_thread_blocked, id=15936, stack(0x000000d70e000000,0x000000d70e100000)]
  0x0000029d78faa800 JavaThread "C2 CompilerThread5" daemon [_thread_blocked, id=19568, stack(0x000000d70df00000,0x000000d70e000000)]
  0x0000029d78fa1800 JavaThread "C2 CompilerThread4" daemon [_thread_blocked, id=18724, stack(0x000000d70de00000,0x000000d70df00000)]
  0x0000029d78f99800 JavaThread "C2 CompilerThread3" daemon [_thread_blocked, id=16620, stack(0x000000d70dd00000,0x000000d70de00000)]
  0x0000029d78f97000 JavaThread "C2 CompilerThread2" daemon [_thread_blocked, id=20080, stack(0x000000d70dc00000,0x000000d70dd00000)]
  0x0000029d78f95800 JavaThread "C2 CompilerThread1" daemon [_thread_blocked, id=9244, stack(0x000000d70db00000,0x000000d70dc00000)]
  0x0000029d78f93800 JavaThread "C2 CompilerThread0" daemon [_thread_blocked, id=7584, stack(0x000000d70da00000,0x000000d70db00000)]
  0x0000029d78f92000 JavaThread "Monitor Ctrl-Break" daemon [_thread_in_native, id=10396, stack(0x000000d70d900000,0x000000d70da00000)]
  0x0000029d78f50000 JavaThread "Attach Listener" daemon [_thread_blocked, id=6560, stack(0x000000d70d800000,0x000000d70d900000)]
  0x0000029d78f4d000 JavaThread "Signal Dispatcher" daemon [_thread_blocked, id=10940, stack(0x000000d70d700000,0x000000d70d800000)]
  0x0000029d6170a000 JavaThread "Finalizer" daemon [_thread_blocked, id=588, stack(0x000000d70d600000,0x000000d70d700000)]
  0x0000029d78ed2000 JavaThread "Reference Handler" daemon [_thread_blocked, id=13328, stack(0x000000d70d500000,0x000000d70d600000)]
  0x0000029d6167f800 JavaThread "main" [_thread_blocked, id=9756, stack(0x000000d70c600000,0x000000d70c700000)]

Other Threads:
  0x0000029d78eb1800 VMThread [stack: 0x000000d70d400000,0x000000d70d500000] [id=15640]
  0x0000029d790d6800 WatcherThread [stack: 0x000000d70e700000,0x000000d70e800000] [id=9032]

=>0x0000029d616a2000 (exited) GCTaskThread [stack: 0x000000d70cf00000,0x000000d70d000000] [id=10628]

VM state:at safepoint (normal execution)

VM Mutex/Monitor currently owned by a thread:  ([mutex/lock_event])
[0x0000029d616692f0] Threads_lock - owner thread: 0x0000029d78eb1800
[0x0000029d6166a1f0] Heap_lock - owner thread: 0x0000029d6167f800

heap address: 0x00000004c2c00000, size: 12244 MB, Compressed Oops mode: Zero based, Oop shift amount: 3
Narrow klass base: 0x0000000000000000, Narrow klass shift: 3
Compressed class space size: 1073741824 Address: 0x00000007c0000000

Heap:
 PSYoungGen      total 1874432K, used 23040K [0x00000006c0f00000, 0x00000007b2a80000, 0x00000007c0000000)
  eden space 1851392K, 0% used [0x00000006c0f00000,0x00000006c0f00000,0x0000000731f00000)
  from space 23040K, 100% used [0x0000000731f00000,0x0000000733580000,0x0000000733580000)
  to   space 625664K, 0% used [0x000000078c780000,0x000000078c780000,0x00000007b2a80000)
 ParOldGen       total 2488832K, used 2488701K [0x00000004c2c00000, 0x000000055aa80000, 0x00000006c0f00000)
  object space 2488832K, 99% used [0x00000004c2c00000,0x000000055aa5f678,0x000000055aa80000)
 Metaspace       used 64508K, capacity 67686K, committed 68056K, reserved 1107968K
  class space    used 8597K, capacity 9172K, committed 9216K, reserved 1048576K

Card table byte_map: [0x0000029d72420000,0x0000029d73c10000] byte_map_base: 0x0000029d6fe0a000

Marking Bits: (ParMarkBitMap*) 0x0000000065c23810
 Begin Bits: [0x0000029d00000000, 0x0000029d0bf50000)
 End Bits:   [0x0000029d0bf50000, 0x0000029d17ea0000)

Polling page: 0x0000029d61860000

CodeCache: size=245760Kb used=22383Kb max_used=23451Kb free=223376Kb
 bounds [0x0000029d63060000, 0x0000029d64770000, 0x0000029d72060000]
 total_blobs=5906 nmethods=5295 adapters=519
 compilation: enabled

Compilation events (10 events):
Event: 16.125 Thread 0x0000029d78fc7000 6133       4       java.util.HashMap::put (13 bytes)
Event: 16.125 Thread 0x0000029d78f93800 6134       4       java.util.HashMap::putVal (300 bytes)
Event: 16.126 Thread 0x0000029d79032800 6132 %     3       cn.chaZ.domain.strategy.service.armory.StrategyArmory::assembleLotteryStrategy @ 235 (295 bytes)
Event: 16.126 Thread 0x0000029d78faa800 6135       4       java.lang.Integer::hashCode (8 bytes)
Event: 16.126 Thread 0x0000029d78faa800 nmethod 6135 0x0000029d63e07bd0 code [0x0000029d63e07d00, 0x0000029d63e07d58]
Event: 16.128 Thread 0x0000029d79032800 nmethod 6132% 0x0000029d63de5110 code [0x0000029d63de57a0, 0x0000029d63de9c30]
Event: 16.130 Thread 0x0000029d78f93800 nmethod 6134 0x0000029d63e15bd0 code [0x0000029d63e15d60, 0x0000029d63e16488]
Event: 16.130 Thread 0x0000029d78fc7000 nmethod 6133 0x0000029d63e96b50 code [0x0000029d63e96d00, 0x0000029d63e97428]
Event: 16.130 Thread 0x0000029d78fc7000 6136 %     4       cn.chaZ.domain.strategy.service.armory.StrategyArmory::assembleLotteryStrategy @ 235 (295 bytes)
Event: 16.139 Thread 0x0000029d78fc7000 nmethod 6136% 0x0000029d63dd7f50 code [0x0000029d63dd8120, 0x0000029d63dd8e08]

GC Heap History (10 events):
Event: 7.646 GC heap after
Heap after GC invocations=15 (full 3):
 PSYoungGen      total 1221632K, used 3846K [0x00000006c0f00000, 0x000000070d100000, 0x00000007c0000000)
  eden space 1202176K, 0% used [0x00000006c0f00000,0x00000006c0f00000,0x000000070a500000)
  from space 19456K, 19% used [0x000000070be00000,0x000000070c1c1880,0x000000070d100000)
  to   space 22528K, 0% used [0x000000070a500000,0x000000070a500000,0x000000070bb00000)
 ParOldGen       total 784384K, used 564026K [0x00000004c2c00000, 0x00000004f2a00000, 0x00000006c0f00000)
  object space 784384K, 71% used [0x00000004c2c00000,0x00000004e52ceb70,0x00000004f2a00000)
 Metaspace       used 64495K, capacity 67686K, committed 68056K, reserved 1107968K
  class space    used 8597K, capacity 9172K, committed 9216K, reserved 1048576K
}
Event: 8.168 GC heap before
{Heap before GC invocations=16 (full 3):
 PSYoungGen      total 1221632K, used 1206022K [0x00000006c0f00000, 0x000000070d100000, 0x00000007c0000000)
  eden space 1202176K, 100% used [0x00000006c0f00000,0x000000070a500000,0x000000070a500000)
  from space 19456K, 19% used [0x000000070be00000,0x000000070c1c1880,0x000000070d100000)
  to   space 22528K, 0% used [0x000000070a500000,0x000000070a500000,0x000000070bb00000)
 ParOldGen       total 784384K, used 564026K [0x00000004c2c00000, 0x00000004f2a00000, 0x00000006c0f00000)
  object space 784384K, 71% used [0x00000004c2c00000,0x00000004e52ceb70,0x00000004f2a00000)
 Metaspace       used 64495K, capacity 67686K, committed 68056K, reserved 1107968K
  class space    used 8597K, capacity 9172K, committed 9216K, reserved 1048576K
Event: 8.503 GC heap after
Heap after GC invocations=16 (full 3):
 PSYoungGen      total 1224704K, used 32K [0x00000006c0f00000, 0x0000000736200000, 0x00000007c0000000)
  eden space 1202176K, 0% used [0x00000006c0f00000,0x00000006c0f00000,0x000000070a500000)
  from space 22528K, 0% used [0x000000070a500000,0x000000070a508000,0x000000070bb00000)
  to   space 23040K, 0% used [0x0000000734b80000,0x0000000734b80000,0x0000000736200000)
 ParOldGen       total 1122304K, used 905651K [0x00000004c2c00000, 0x0000000507400000, 0x00000006c0f00000)
  object space 1122304K, 80% used [0x00000004c2c00000,0x00000004fa06cd20,0x0000000507400000)
 Metaspace       used 64495K, capacity 67686K, committed 68056K, reserved 1107968K
  class space    used 8597K, capacity 9172K, committed 9216K, reserved 1048576K
}
Event: 8.503 GC heap before
{Heap before GC invocations=17 (full 4):
 PSYoungGen      total 1224704K, used 32K [0x00000006c0f00000, 0x0000000736200000, 0x00000007c0000000)
  eden space 1202176K, 0% used [0x00000006c0f00000,0x00000006c0f00000,0x000000070a500000)
  from space 22528K, 0% used [0x000000070a500000,0x000000070a508000,0x000000070bb00000)
  to   space 23040K, 0% used [0x0000000734b80000,0x0000000734b80000,0x0000000736200000)
 ParOldGen       total 1122304K, used 905651K [0x00000004c2c00000, 0x0000000507400000, 0x00000006c0f00000)
  object space 1122304K, 80% used [0x00000004c2c00000,0x00000004fa06cd20,0x0000000507400000)
 Metaspace       used 64495K, capacity 67686K, committed 68056K, reserved 1107968K
  class space    used 8597K, capacity 9172K, committed 9216K, reserved 1048576K
Event: 9.030 GC heap after
Heap after GC invocations=17 (full 4):
 PSYoungGen      total 1224704K, used 0K [0x00000006c0f00000, 0x0000000736200000, 0x00000007c0000000)
  eden space 1202176K, 0% used [0x00000006c0f00000,0x00000006c0f00000,0x000000070a500000)
  from space 22528K, 0% used [0x000000070a500000,0x000000070a500000,0x000000070bb00000)
  to   space 23040K, 0% used [0x0000000734b80000,0x0000000734b80000,0x0000000736200000)
 ParOldGen       total 1457664K, used 363775K [0x00000004c2c00000, 0x000000051bb80000, 0x00000006c0f00000)
  object space 1457664K, 24% used [0x00000004c2c00000,0x00000004d8f3ffe8,0x000000051bb80000)
 Metaspace       used 64495K, capacity 67686K, committed 68056K, reserved 1107968K
  class space    used 8597K, capacity 9172K, committed 9216K, reserved 1048576K
}
Event: 9.400 GC heap before
{Heap before GC invocations=18 (full 4):
 PSYoungGen      total 1224704K, used 1202176K [0x00000006c0f00000, 0x0000000736200000, 0x00000007c0000000)
  eden space 1202176K, 100% used [0x00000006c0f00000,0x000000070a500000,0x000000070a500000)
  from space 22528K, 0% used [0x000000070a500000,0x000000070a500000,0x000000070bb00000)
  to   space 23040K, 0% used [0x0000000734b80000,0x0000000734b80000,0x0000000736200000)
 ParOldGen       total 1457664K, used 363775K [0x00000004c2c00000, 0x000000051bb80000, 0x00000006c0f00000)
  object space 1457664K, 24% used [0x00000004c2c00000,0x00000004d8f3ffe8,0x000000051bb80000)
 Metaspace       used 64502K, capacity 67686K, committed 68056K, reserved 1107968K
  class space    used 8597K, capacity 9172K, committed 9216K, reserved 1048576K
Event: 9.799 GC heap after
Heap after GC invocations=18 (full 4):
 PSYoungGen      total 1815552K, used 64K [0x00000006c0f00000, 0x0000000734c00000, 0x00000007c0000000)
  eden space 1815040K, 0% used [0x00000006c0f00000,0x00000006c0f00000,0x000000072fb80000)
  from space 512K, 12% used [0x0000000734b80000,0x0000000734b90000,0x0000000734c00000)
  to   space 23040K, 0% used [0x0000000731f00000,0x0000000731f00000,0x0000000733580000)
 ParOldGen       total 1457664K, used 870605K [0x00000004c2c00000, 0x000000051bb80000, 0x00000006c0f00000)
  object space 1457664K, 59% used [0x00000004c2c00000,0x00000004f7e33658,0x000000051bb80000)
 Metaspace       used 64502K, capacity 67686K, committed 68056K, reserved 1107968K
  class space    used 8597K, capacity 9172K, committed 9216K, reserved 1048576K
}
Event: 16.634 GC heap before
{Heap before GC invocations=19 (full 4):
 PSYoungGen      total 1815552K, used 1796645K [0x00000006c0f00000, 0x0000000734c00000, 0x00000007c0000000)
  eden space 1815040K, 98% used [0x00000006c0f00000,0x000000072e979770,0x000000072fb80000)
  from space 512K, 12% used [0x0000000734b80000,0x0000000734b90000,0x0000000734c00000)
  to   space 23040K, 0% used [0x0000000731f00000,0x0000000731f00000,0x0000000733580000)
 ParOldGen       total 1457664K, used 870605K [0x00000004c2c00000, 0x000000051bb80000, 0x00000006c0f00000)
  object space 1457664K, 59% used [0x00000004c2c00000,0x00000004f7e33658,0x000000051bb80000)
 Metaspace       used 64508K, capacity 67686K, committed 68056K, reserved 1107968K
  class space    used 8597K, capacity 9172K, committed 9216K, reserved 1048576K
Event: 17.181 GC heap after
Heap after GC invocations=19 (full 4):
 PSYoungGen      total 1874432K, used 23040K [0x00000006c0f00000, 0x00000007b2a80000, 0x00000007c0000000)
  eden space 1851392K, 0% used [0x00000006c0f00000,0x00000006c0f00000,0x0000000731f00000)
  from space 23040K, 100% used [0x0000000731f00000,0x0000000733580000,0x0000000733580000)
  to   space 625664K, 0% used [0x000000078c780000,0x000000078c780000,0x00000007b2a80000)
 ParOldGen       total 2488832K, used 2488701K [0x00000004c2c00000, 0x000000055aa80000, 0x00000006c0f00000)
  object space 2488832K, 99% used [0x00000004c2c00000,0x000000055aa5f678,0x000000055aa80000)
 Metaspace       used 64508K, capacity 67686K, committed 68056K, reserved 1107968K
  class space    used 8597K, capacity 9172K, committed 9216K, reserved 1048576K
}
Event: 17.181 GC heap before
{Heap before GC invocations=20 (full 5):
 PSYoungGen      total 1874432K, used 23040K [0x00000006c0f00000, 0x00000007b2a80000, 0x00000007c0000000)
  eden space 1851392K, 0% used [0x00000006c0f00000,0x00000006c0f00000,0x0000000731f00000)
  from space 23040K, 100% used [0x0000000731f00000,0x0000000733580000,0x0000000733580000)
  to   space 625664K, 0% used [0x000000078c780000,0x000000078c780000,0x00000007b2a80000)
 ParOldGen       total 2488832K, used 2488701K [0x00000004c2c00000, 0x000000055aa80000, 0x00000006c0f00000)
  object space 2488832K, 99% used [0x00000004c2c00000,0x000000055aa5f678,0x000000055aa80000)
 Metaspace       used 64508K, capacity 67686K, committed 68056K, reserved 1107968K
  class space    used 8597K, capacity 9172K, committed 9216K, reserved 1048576K

Deoptimization events (10 events):
Event: 5.698 Thread 0x0000029d6167f800 Uncommon trap: reason=class_check action=maybe_recompile pc=0x0000029d637b88ac method=sun.security.util.math.intpoly.IntegerPolynomial$MutableElement.setSum(Lsun/security/util/math/IntegerModuloP;)Lsun/security/util/math/intpoly/IntegerPolynomial$MutableE
Event: 5.698 Thread 0x0000029d6167f800 Uncommon trap: reason=class_check action=maybe_recompile pc=0x0000029d637b88ac method=sun.security.util.math.intpoly.IntegerPolynomial$MutableElement.setSum(Lsun/security/util/math/IntegerModuloP;)Lsun/security/util/math/intpoly/IntegerPolynomial$MutableE
Event: 5.743 Thread 0x0000029d6167f800 Uncommon trap: reason=unstable_if action=reinterpret pc=0x0000029d63d80900 method=java.util.LinkedHashMap.afterNodeAccess(Ljava/util/HashMap$Node;)V @ 4
Event: 5.862 Thread 0x0000029d6167f800 Uncommon trap: reason=class_check action=maybe_recompile pc=0x0000029d63ab7c84 method=java.util.concurrent.ConcurrentMap.computeIfAbsent(Ljava/lang/Object;Ljava/util/function/Function;)Ljava/lang/Object; @ 7
Event: 5.884 Thread 0x0000029d1833d800 Uncommon trap: reason=unstable_if action=reinterpret pc=0x0000029d63e1306c method=java.nio.Buffer.<init>(IIII)V @ 66
Event: 5.884 Thread 0x0000029d1833d800 Uncommon trap: reason=loop_limit_check action=maybe_recompile pc=0x0000029d640e4810 method=java.math.BigInteger.implMulAdd([I[IIII)I @ 29
Event: 9.034 Thread 0x0000029d6167f800 Uncommon trap: reason=unstable_if action=reinterpret pc=0x0000029d63f1cef0 method=cn.chaZ.domain.strategy.service.armory.StrategyArmory.assembleLotteryStrategy(Ljava/lang/Long;)Z @ 198
Event: 9.849 Thread 0x0000029d6167f800 Uncommon trap: reason=unloaded action=reinterpret pc=0x0000029d639a79cc method=cn.chaZ.domain.strategy.service.armory.StrategyArmory.assembleLotteryStrategy(Ljava/lang/Long;)Z @ 220
Event: 12.064 Thread 0x0000029d6167f800 Uncommon trap: reason=unstable_if action=reinterpret pc=0x0000029d64250ab4 method=java.util.Random.nextInt(I)I @ 28
Event: 16.125 Thread 0x0000029d6167f800 Uncommon trap: reason=unstable_if action=reinterpret pc=0x0000029d64110f48 method=java.util.Collections.shuffle(Ljava/util/List;Ljava/util/Random;)V @ 23

Classes redefined (0 events):
No events

Internal exceptions (10 events):
Event: 5.119 Thread 0x0000029d6167f800 Exception <a 'java/lang/ClassNotFoundException': org/springframework/boot/actuate/autoconfigure/web/server/ManagementContextAutoConfigurationCustomizer> (0x00000006c68b5718) thrown at [C:\wsjdk\Corretto8Src\installers\windows\zip\corretto-build\buildRoot\
Event: 5.120 Thread 0x0000029d6167f800 Exception <a 'java/lang/ClassNotFoundException': java/lang/ObjectCustomizer> (0x00000006c68ccaa0) thrown at [C:\wsjdk\Corretto8Src\installers\windows\zip\corretto-build\buildRoot\hotspot\src\share\vm\classfile\systemDictionary.cpp, line 217]
Event: 5.120 Thread 0x0000029d6167f800 Exception <a 'java/lang/ClassNotFoundException': org/springframework/boot/actuate/autoconfigure/web/server/ManagementServerPropertiesCustomizer> (0x00000006c690fec0) thrown at [C:\wsjdk\Corretto8Src\installers\windows\zip\corretto-build\buildRoot\hotspot\
Event: 5.146 Thread 0x0000029d6167f800 Exception <a 'java/lang/NoSuchMethodError': java.lang.Object.lambda$builder$0(Ljava/util/function/Supplier;)D> (0x00000006c6af9fc0) thrown at [C:\wsjdk\Corretto8Src\installers\windows\zip\corretto-build\buildRoot\hotspot\src\share\vm\interpreter\linkResol
Event: 5.168 Thread 0x0000029d6167f800 Implicit null exception at 0x0000029d63a22b01 to 0x0000029d63a22c19
Event: 5.193 Thread 0x0000029d6167f800 Exception <a 'java/lang/ClassNotFoundException': java/lang/ObjectCustomizer> (0x00000006c6e83cc0) thrown at [C:\wsjdk\Corretto8Src\installers\windows\zip\corretto-build\buildRoot\hotspot\src\share\vm\classfile\systemDictionary.cpp, line 217]
Event: 5.194 Thread 0x0000029d6167f800 Exception <a 'java/lang/ClassNotFoundException': cn/chaZ/test/domain/StrategyTestCustomizer> (0x00000006c6eabb18) thrown at [C:\wsjdk\Corretto8Src\installers\windows\zip\corretto-build\buildRoot\hotspot\src\share\vm\classfile\systemDictionary.cpp, line 21
Event: 5.229 Thread 0x0000029d6167f800 Exception <a 'java/lang/ClassNotFoundException': java/lang/Module> (0x00000006c72aab38) thrown at [C:\wsjdk\Corretto8Src\installers\windows\zip\corretto-build\buildRoot\hotspot\src\share\vm\classfile\systemDictionary.cpp, line 217]
Event: 5.248 Thread 0x0000029d6167f800 Exception <a 'java/lang/ClassNotFoundException': java/lang/Module> (0x00000006c75147f0) thrown at [C:\wsjdk\Corretto8Src\installers\windows\zip\corretto-build\buildRoot\hotspot\src\share\vm\classfile\systemDictionary.cpp, line 217]
Event: 5.864 Thread 0x0000029d6167f800 Exception <a 'java/lang/NoSuchMethodError': java.lang.Object.lambda$minBy$0(Ljava/util/Comparator;Ljava/lang/Object;Ljava/lang/Object;)Ljava/lang/Object;> (0x00000006c5cca7e8) thrown at [C:\wsjdk\Corretto8Src\installers\windows\zip\corretto-build\buildRoo

Events (10 events):
Event: 12.064 Thread 0x0000029d6167f800 DEOPT PACKING pc=0x0000029d64250ab4 sp=0x000000d70c6fde30
Event: 12.064 Thread 0x0000029d6167f800 DEOPT UNPACKING pc=0x0000029d630a5583 sp=0x000000d70c6fdd90 mode 2
Event: 12.074 Thread 0x0000029d6167f800 DEOPT PACKING pc=0x0000029d638e2bcd sp=0x000000d70c6fdde0
Event: 12.074 Thread 0x0000029d6167f800 DEOPT UNPACKING pc=0x0000029d630a75d8 sp=0x000000d70c6fdb90 mode 0
Event: 16.125 Thread 0x0000029d6167f800 Uncommon trap: trap_request=0xffffff65 fr.pc=0x0000029d64110f48
Event: 16.125 Thread 0x0000029d6167f800 DEOPT PACKING pc=0x0000029d64110f48 sp=0x000000d70c6fde30
Event: 16.125 Thread 0x0000029d6167f800 DEOPT UNPACKING pc=0x0000029d630a5583 sp=0x000000d70c6fde10 mode 2
Event: 16.139 Thread 0x0000029d6167f800 DEOPT PACKING pc=0x0000029d63de98b8 sp=0x000000d70c6fde20
Event: 16.139 Thread 0x0000029d6167f800 DEOPT UNPACKING pc=0x0000029d630a75d8 sp=0x000000d70c6fdc70 mode 0
Event: 16.634 Executing VM operation: ParallelGCFailedAllocation


Dynamic libraries:
0x00007ff68dc60000 - 0x00007ff68dca6000 	D:\Program Files\develop\Java\jdk1.8\bin\java.exe
0x00007ffe05ff0000 - 0x00007ffe061e8000 	C:\Windows\SYSTEM32\ntdll.dll
0x00007ffe04aa0000 - 0x00007ffe04b5d000 	C:\Windows\System32\KERNEL32.DLL
0x00007ffe03cf0000 - 0x00007ffe03fe6000 	C:\Windows\System32\KERNELBASE.dll
0x00007ffe04020000 - 0x00007ffe040d0000 	C:\Windows\System32\ADVAPI32.dll
0x00007ffe05200000 - 0x00007ffe0529e000 	C:\Windows\System32\msvcrt.dll
0x00007ffe04bc0000 - 0x00007ffe04c60000 	C:\Windows\System32\sechost.dll
0x00007ffe04c60000 - 0x00007ffe04d83000 	C:\Windows\System32\RPCRT4.dll
0x00007ffe03ff0000 - 0x00007ffe04017000 	C:\Windows\System32\bcrypt.dll
0x00007ffe04900000 - 0x00007ffe04a9f000 	C:\Windows\System32\USER32.dll
0x00007ffe039c0000 - 0x00007ffe039e2000 	C:\Windows\System32\win32u.dll
0x00007ffe053f0000 - 0x00007ffe0541b000 	C:\Windows\System32\GDI32.dll
0x00007ffe036a0000 - 0x00007ffe037b7000 	C:\Windows\System32\gdi32full.dll
0x00007ffe039f0000 - 0x00007ffe03a8d000 	C:\Windows\System32\msvcp_win.dll
0x00007ffe03830000 - 0x00007ffe03930000 	C:\Windows\System32\ucrtbase.dll
0x00007ffdf38e0000 - 0x00007ffdf3b7a000 	C:\Windows\WinSxS\amd64_microsoft.windows.common-controls_6595b64144ccf1df_6.0.19041.3636_none_60b6a03d71f818d5\COMCTL32.dll
0x00007ffe040d0000 - 0x00007ffe04102000 	C:\Windows\System32\IMM32.DLL
0x00007ffd99db0000 - 0x00007ffd99dc5000 	D:\Program Files\develop\Java\jdk1.8\jre\bin\vcruntime140.dll
0x00007ffd7ccd0000 - 0x00007ffd7cd6b000 	D:\Program Files\develop\Java\jdk1.8\jre\bin\msvcp140.dll
0x0000000065440000 - 0x0000000065c9c000 	D:\Program Files\develop\Java\jdk1.8\jre\bin\server\jvm.dll
0x00007ffe05090000 - 0x00007ffe05098000 	C:\Windows\System32\PSAPI.DLL
0x00007ffdf6730000 - 0x00007ffdf6757000 	C:\Windows\SYSTEM32\WINMM.dll
0x00007ffdfdde0000 - 0x00007ffdfdde9000 	C:\Windows\SYSTEM32\WSOCK32.dll
0x00007ffdfcd20000 - 0x00007ffdfcd2a000 	C:\Windows\SYSTEM32\VERSION.dll
0x00007ffe050a0000 - 0x00007ffe0510b000 	C:\Windows\System32\WS2_32.dll
0x00007ffe01510000 - 0x00007ffe01522000 	C:\Windows\SYSTEM32\kernel.appcore.dll
0x00007ffdb7cd0000 - 0x00007ffdb7ce0000 	D:\Program Files\develop\Java\jdk1.8\jre\bin\verify.dll
0x00007ffd926c0000 - 0x00007ffd926eb000 	D:\Program Files\develop\Java\jdk1.8\jre\bin\java.dll
0x00007ffde1920000 - 0x00007ffde1952000 	D:\Program Files\develop\Java\jdk1.8\jre\bin\instrument.dll
0x00007ffd91e40000 - 0x00007ffd91e58000 	D:\Program Files\develop\Java\jdk1.8\jre\bin\zip.dll
0x00007ffe04110000 - 0x00007ffe0487b000 	C:\Windows\System32\SHELL32.dll
0x00007ffe01710000 - 0x00007ffe01eae000 	C:\Windows\SYSTEM32\windows.storage.dll
0x00007ffe05c50000 - 0x00007ffe05fa3000 	C:\Windows\System32\combase.dll
0x00007ffe02ff0000 - 0x00007ffe0301e000 	C:\Windows\SYSTEM32\Wldp.dll
0x00007ffe05890000 - 0x00007ffe0595d000 	C:\Windows\System32\OLEAUT32.dll
0x00007ffe05b10000 - 0x00007ffe05bbd000 	C:\Windows\System32\SHCORE.dll
0x00007ffe05370000 - 0x00007ffe053c5000 	C:\Windows\System32\shlwapi.dll
0x00007ffe035d0000 - 0x00007ffe035f3000 	C:\Windows\SYSTEM32\profapi.dll
0x00007ffdfdd50000 - 0x00007ffdfdd6a000 	D:\Program Files\JetBrains\IntelliJ IDEA 2022.1.3\bin\breakgen64.dll
0x00007ffd91b30000 - 0x00007ffd91b4c000 	D:\Program Files\develop\Java\jdk1.8\jre\bin\net.dll
0x00007ffe02dd0000 - 0x00007ffe02e3a000 	C:\Windows\system32\mswsock.dll
0x00007ffd7a450000 - 0x00007ffd7a463000 	D:\Program Files\develop\Java\jdk1.8\jre\bin\nio.dll
0x00007ffdff120000 - 0x00007ffdff12d000 	D:\Program Files\develop\Java\jdk1.8\jre\bin\management.dll
0x00007ffdd50e0000 - 0x00007ffdd50f7000 	C:\Windows\system32\napinsp.dll
0x00007ffdd50c0000 - 0x00007ffdd50db000 	C:\Windows\system32\pnrpnsp.dll
0x00007ffdfe130000 - 0x00007ffdfe145000 	C:\Windows\system32\wshbth.dll
0x00007ffdff000000 - 0x00007ffdff01d000 	C:\Windows\system32\NLAapi.dll
0x00007ffe02a80000 - 0x00007ffe02abb000 	C:\Windows\SYSTEM32\IPHLPAPI.DLL
0x00007ffe02ac0000 - 0x00007ffe02b8b000 	C:\Windows\SYSTEM32\DNSAPI.dll
0x00007ffe05300000 - 0x00007ffe05308000 	C:\Windows\System32\NSI.dll
0x00007ffdd50a0000 - 0x00007ffdd50b2000 	C:\Windows\System32\winrnr.dll
0x00007ffdfac50000 - 0x00007ffdfac5a000 	C:\Windows\System32\rasadhlp.dll
0x00007ffdf82c0000 - 0x00007ffdf8340000 	C:\Windows\System32\fwpuclnt.dll
0x00007ffe03030000 - 0x00007ffe03048000 	C:\Windows\SYSTEM32\CRYPTSP.dll
0x00007ffe026a0000 - 0x00007ffe026d4000 	C:\Windows\system32\rsaenh.dll
0x00007ffe03590000 - 0x00007ffe035be000 	C:\Windows\SYSTEM32\USERENV.dll
0x00007ffe03930000 - 0x00007ffe039b2000 	C:\Windows\System32\bcryptprimitives.dll
0x00007ffe02f60000 - 0x00007ffe02f6c000 	C:\Windows\SYSTEM32\CRYPTBASE.dll
0x00007ffdfcd00000 - 0x00007ffdfcd17000 	C:\Windows\SYSTEM32\dhcpcsvc6.DLL
0x00007ffdfcc80000 - 0x00007ffdfcc9d000 	C:\Windows\SYSTEM32\dhcpcsvc.DLL
0x00007ffdfa190000 - 0x00007ffdfa1b4000 	D:\Program Files\develop\Java\jdk1.8\jre\bin\sunec.dll
0x00007ffdface0000 - 0x00007ffdfacee000 	D:\Program Files\develop\Java\jdk1.8\jre\bin\sunmscapi.dll
0x00007ffe03b90000 - 0x00007ffe03cee000 	C:\Windows\System32\CRYPT32.dll
0x00007ffe03140000 - 0x00007ffe03168000 	C:\Windows\SYSTEM32\ncrypt.dll
0x00007ffe03100000 - 0x00007ffe0313b000 	C:\Windows\SYSTEM32\NTASN1.dll
0x00007ffdf45d0000 - 0x00007ffdf47b4000 	C:\Windows\SYSTEM32\dbghelp.dll

VM Arguments:
jvm_args: -ea -Didea.test.cyclic.buffer.size=1048576 -javaagent:D:\Program Files\JetBrains\IntelliJ IDEA 2022.1.3\lib\idea_rt.jar=49497:D:\Program Files\JetBrains\IntelliJ IDEA 2022.1.3\bin -Dfile.encoding=UTF-8 
java_command: com.intellij.rt.junit.JUnitStarter -ideVersion5 -junit4 cn.chaZ.test.domain.StrategyTest,test_strategyArmory
java_class_path (initial): D:\Program Files\JetBrains\IntelliJ IDEA 2022.1.3\lib\idea_rt.jar;D:\Program Files\JetBrains\IntelliJ IDEA 2022.1.3\plugins\junit\lib\junit5-rt.jar;D:\Program Files\JetBrains\IntelliJ IDEA 2022.1.3\plugins\junit\lib\junit-rt.jar;D:\Program Files\develop\Java\jdk1.8\jre\lib\charsets.jar;D:\Program Files\develop\Java\jdk1.8\jre\lib\ext\access-bridge-64.jar;D:\Program Files\develop\Java\jdk1.8\jre\lib\ext\cldrdata.jar;D:\Program Files\develop\Java\jdk1.8\jre\lib\ext\dnsns.jar;D:\Program Files\develop\Java\jdk1.8\jre\lib\ext\jaccess.jar;D:\Program Files\develop\Java\jdk1.8\jre\lib\ext\jfxrt.jar;D:\Program Files\develop\Java\jdk1.8\jre\lib\ext\localedata.jar;D:\Program Files\develop\Java\jdk1.8\jre\lib\ext\nashorn.jar;D:\Program Files\develop\Java\jdk1.8\jre\lib\ext\sunec.jar;D:\Program Files\develop\Java\jdk1.8\jre\lib\ext\sunjce_provider.jar;D:\Program Files\develop\Java\jdk1.8\jre\lib\ext\sunmscapi.jar;D:\Program Files\develop\Java\jdk1.8\jre\lib\ext\sunpkcs11.jar;D:\Program Files\develop\Java\jdk1.8\jre\lib\ext\zipfs.jar;D:\Program Files\develop\Java\jdk1.8\jre\lib\jce.jar;D:\Program Files\develop\Java\jdk1.8\jre\lib\jfr.jar;D:\Program Files\develop\Java\jdk1.8\jre\lib\jfxswt.jar;D:\Program Files\develop\Java\jdk1.8\jre\lib\jsse.jar;D:\Program Files\develop\Java\jdk1.8\jre\lib\management-agent.jar;D:\Program Files\develop\Java\jdk1.8\jre\lib\resources.jar;D:\Program Files\develop\Java\jdk1.8\jre\lib\rt.jar;G:\IdeaProjects\big-market\big-market-app\target\test-classes;G:\IdeaProjects\big-market\big-market-app\target\classes;C:\Users\kkk\.m2\repository\org\springframework\boot\spring-boot-starter-web\2.7.12\spring-boot-starter-web-2.7.12.jar;C:\Users\kkk\.m2\repository\org\springframework\boot\spring-boot-starter\2.7.12\spring-boot-starter-2.7.12.jar;C:\Users\kkk\.m2\repository\org\springframework\boot\spring-boot\2.7.12\spring-boot-2.7.12.jar;C:\Users\kkk\.m2\repository\org\springframework\boot\spring-boot-autoconfigure\2.7.12\spring-boot-
Launcher Type: SUN_STANDARD

Environment Variables:
JAVA_HOME=D:\Program Files\develop\Java\jdk-17
PATH=D:\Program Files (x86)\VMware\VMware Workstation\bin\;C:\Windows\system32;C:\Windows;C:\Windows\System32\Wbem;C:\Windows\System32\WindowsPowerShell\v1.0\;C:\Windows\System32\OpenSSH\;C:\Program Files\Bandizip\;D:\Program Files\develop\Java\jdk-17\bin;D:\ProgramData\Anaconda3;D:\Program Files\develop\Git\bin;C:\Program Files\MySQL\MySQL Server 8.2\bin;D:\Program Files\Git\cmd;C:\Program Files\Docker\Docker\resources\bin;C:\Users\kkk\AppData\Local\Microsoft\WindowsApps;;D:\Program Files\JetBrains\IntelliJ IDEA 2022.1.3\bin;
USERNAME=kkk
OS=Windows_NT
PROCESSOR_IDENTIFIER=Intel64 Family 6 Model 165 Stepping 5, GenuineIntel



---------------  S Y S T E M  ---------------

OS: Windows 10 , 64 bit Build 19041 (10.0.19041.3636)

CPU:total 16 (initial active 16) (8 cores per cpu, 2 threads per core) family 6 model 165 stepping 5, cmov, cx8, fxsr, mmx, sse, sse2, sse3, ssse3, sse4.1, sse4.2, popcnt, avx, avx2, aes, clmul, erms, 3dnowpref, lzcnt, ht, tsc, tscinvbit, bmi1, bmi2, adx

Memory: 4k page, physical 50151224k(28129404k free), swap 57491256k(28192148k free)

vm_info: OpenJDK 64-Bit Server VM (25.402-b08) for windows-amd64 JRE (1.8.0_402-b08), built on Jan 18 2024 20:56:13 by "Administrator" with MS VC++ 15.9 (VS2017)

time: Mon Apr 15 16:53:15 2024
timezone: Intel64 Family 6 Model 165 Stepping 5, GenuineIntel
elapsed time: 17.267531 seconds (0d 0h 0m 17s)

